2024-10-14 09:05:40.033 INFO  [SystemExecutorServiceUtil-8][OAuth2ProviderApplicationHeadlessServerConfigurationFactory:193] OAuth 2 application with external reference code liferay-telegram-etc-node-oauth-application-headless-server and company ID 28444447961636 has client ID id-1f727a93-d76b-f41b-9289-6d73877a13
2024-10-14 09:05:52.809 INFO  [SystemExecutorServiceUtil-8][OAuth2ProviderApplicationHeadlessServerConfigurationFactory:193] OAuth 2 application with external reference code liferay-telegram-etc-node-oauth-application-headless-server and company ID 28444447961636 has client ID id-1f727a93-d76b-f41b-9289-6d73877a13
2024-10-14 09:05:52.905 INFO  [SystemExecutorServiceUtil-8][OAuth2ProviderApplicationUserAgentConfigurationFactory:170] OAuth 2 application with external reference code liferay-telegram-etc-node-oauth-application-user-agent and company ID 28444447961636 has client ID id-657eca76-6efa-bc12-0958-ae3b7a95734
2024-10-14 09:05:52.925 INFO  [SystemExecutorServiceUtil-7][OAuth2ProviderApplicationHeadlessServerConfigurationFactory:193] OAuth 2 application with external reference code liferay-telegram-etc-node-oauth-application-headless-server and company ID 28444447961636 has client ID id-1f727a93-d76b-f41b-9289-6d73877a13
2024-10-14 09:05:54.135 INFO  [SystemExecutorServiceUtil-6][OAuth2ProviderApplicationHeadlessServerConfigurationFactory:193] OAuth 2 application with external reference code liferay-telegram-etc-node-oauth-application-headless-server and company ID 28444447961636 has client ID id-1f727a93-d76b-f41b-9289-6d73877a13
2024-10-14 09:05:54.158 INFO  [SystemExecutorServiceUtil-6][OAuth2ProviderApplicationUserAgentConfigurationFactory:170] OAuth 2 application with external reference code liferay-telegram-etc-node-oauth-application-user-agent and company ID 28444447961636 has client ID id-657eca76-6efa-bc12-0958-ae3b7a95734
2024-10-14 09:05:55.001 INFO  [SystemExecutorServiceUtil-6][OAuth2ProviderApplicationHeadlessServerConfigurationFactory:193] OAuth 2 application with external reference code liferay-telegram-etc-node-oauth-application-headless-server and company ID 28444447961636 has client ID id-1f727a93-d76b-f41b-9289-6d73877a13
2024-10-14 09:05:55.023 INFO  [SystemExecutorServiceUtil-6][OAuth2ProviderApplicationUserAgentConfigurationFactory:170] OAuth 2 application with external reference code liferay-telegram-etc-node-oauth-application-user-agent and company ID 28444447961636 has client ID id-657eca76-6efa-bc12-0958-ae3b7a95734
2024-10-19 18:35:39.514 INFO  [CM Event Dispatcher (Fire ConfigurationEvent: pid=com.liferay.oauth2.provider.configuration.OAuth2ProviderApplicationHeadlessServerConfiguration~liferay-bot-batch-oauth-application-headless-server)][OAuth2ProviderApplicationHeadlessServerConfigurationFactory:193] OAuth 2 application with external reference code liferay-bot-batch-oauth-application-headless-server and company ID 28444447961636 has client ID id-d290271b-7745-ea19-a348-a6b437bbfff5
2024-10-19 18:35:43.462 INFO  [fileinstall-directory-watcher][OAuth2ProviderApplicationHeadlessServerConfigurationFactory:193] OAuth 2 application with external reference code liferay-telegram-etc-node-oauth-application-headless-server and company ID 28444447961636 has client ID id-1f727a93-d76b-f41b-9289-6d73877a13
2024-10-19 18:35:43.479 INFO  [fileinstall-directory-watcher][OAuth2ProviderApplicationUserAgentConfigurationFactory:170] OAuth 2 application with external reference code liferay-telegram-etc-node-oauth-application-user-agent and company ID 28444447961636 has client ID id-657eca76-6efa-bc12-0958-ae3b7a95734
2024-10-19 18:35:43.507 INFO  [fileinstall-directory-watcher][OAuth2ProviderApplicationHeadlessServerConfigurationFactory:193] OAuth 2 application with external reference code liferay-bot-batch-oauth-application-headless-server and company ID 28444447961636 has client ID id-d290271b-7745-ea19-a348-a6b437bbfff5
2024-10-19 18:35:44.412 INFO  [fileinstall-directory-watcher][OAuth2ProviderApplicationHeadlessServerConfigurationFactory:193] OAuth 2 application with external reference code liferay-telegram-etc-node-oauth-application-headless-server and company ID 28444447961636 has client ID id-1f727a93-d76b-f41b-9289-6d73877a13
2024-10-19 18:35:44.417 INFO  [fileinstall-directory-watcher][OAuth2ProviderApplicationUserAgentConfigurationFactory:170] OAuth 2 application with external reference code liferay-telegram-etc-node-oauth-application-user-agent and company ID 28444447961636 has client ID id-657eca76-6efa-bc12-0958-ae3b7a95734
2024-10-19 18:35:44.438 INFO  [fileinstall-directory-watcher][OAuth2ProviderApplicationHeadlessServerConfigurationFactory:193] OAuth 2 application with external reference code liferay-bot-batch-oauth-application-headless-server and company ID 28444447961636 has client ID id-d290271b-7745-ea19-a348-a6b437bbfff5
2024-10-19 18:35:44.719 INFO  [fileinstall-directory-watcher][OAuth2ProviderApplicationHeadlessServerConfigurationFactory:193] OAuth 2 application with external reference code liferay-telegram-etc-node-oauth-application-headless-server and company ID 28444447961636 has client ID id-1f727a93-d76b-f41b-9289-6d73877a13
2024-10-19 18:35:44.734 INFO  [fileinstall-directory-watcher][OAuth2ProviderApplicationUserAgentConfigurationFactory:170] OAuth 2 application with external reference code liferay-telegram-etc-node-oauth-application-user-agent and company ID 28444447961636 has client ID id-657eca76-6efa-bc12-0958-ae3b7a95734
2024-10-19 18:35:44.755 INFO  [fileinstall-directory-watcher][OAuth2ProviderApplicationHeadlessServerConfigurationFactory:193] OAuth 2 application with external reference code liferay-bot-batch-oauth-application-headless-server and company ID 28444447961636 has client ID id-d290271b-7745-ea19-a348-a6b437bbfff5
2024-10-19 18:35:45.664 ERROR [fileinstall-directory-watcher][BatchEngineImportTaskExecutorImpl:119] Unable to update batch engine import task {"mvccVersion": 1, "uuid": "46a88dca-3da6-d6ae-f82b-1f713287b819", "externalReferenceCode": "46a88dca-3da6-d6ae-f82b-1f713287b819", "batchEngineImportTaskId": 3, "companyId": 28444447961636, "userId": 20122, "createDate": "Sat Oct 19 18:35:44 GMT 2024", "modifiedDate": "Sat Oct 19 18:35:44 GMT 2024", "batchSize": 100, "callbackURL": "", "className": "com.liferay.object.admin.rest.dto.v1_0.ObjectDefinition", "contentType": "JSON", "endTime": "null", "errorMessage": "", "executeStatus": "STARTED", "fieldNameMapping": "null", "importStrategy": 2, "operation": "CREATE", "parameters": "{containsHeaders=true, updateStrategy=UPDATE, createStrategy=UPSERT, onErrorFail=false}", "processedItemsCount": 0, "startTime": "Sat Oct 19 18:35:44 GMT 2024", "taskItemDelegateName": "DEFAULT", "totalItemsCount": 1}
com.liferay.object.exception.ObjectFieldRelationshipTypeException: Object field relationship name and DB type cannot be changed
	at com.liferay.object.service.impl.ObjectFieldLocalServiceImpl._updateObjectField(ObjectFieldLocalServiceImpl.java:1371) ~[?:?]
	at com.liferay.object.service.impl.ObjectFieldLocalServiceImpl.addOrUpdateCustomObjectField(ObjectFieldLocalServiceImpl.java:191) ~[?:?]
	at sun.reflect.NativeMethodAccessorImpl.invoke0(Native Method) ~[?:1.8.0_321]
	at sun.reflect.NativeMethodAccessorImpl.invoke(NativeMethodAccessorImpl.java:62) ~[?:1.8.0_321]
	at sun.reflect.DelegatingMethodAccessorImpl.invoke(DelegatingMethodAccessorImpl.java:43) ~[?:1.8.0_321]
	at java.lang.reflect.Method.invoke(Method.java:498) ~[?:1.8.0_321]
	at com.liferay.portal.spring.aop.AopMethodInvocationImpl.proceed(AopMethodInvocationImpl.java:41) ~[portal-impl.jar:?]
	at com.liferay.portal.spring.transaction.TransactionInterceptor.invoke(TransactionInterceptor.java:60) ~[portal-impl.jar:?]
	at com.liferay.portal.spring.aop.AopMethodInvocationImpl.proceed(AopMethodInvocationImpl.java:48) ~[portal-impl.jar:?]
	at com.liferay.portal.kernel.aop.ChainableMethodAdvice.invoke(ChainableMethodAdvice.java:55) ~[portal-kernel.jar:?]
	at com.liferay.portal.spring.aop.AopMethodInvocationImpl.proceed(AopMethodInvocationImpl.java:48) ~[portal-impl.jar:?]
	at com.liferay.change.tracking.internal.aop.CTTransactionAdvice.invoke(CTTransactionAdvice.java:70) ~[?:?]
	at com.liferay.portal.spring.aop.AopMethodInvocationImpl.proceed(AopMethodInvocationImpl.java:48) ~[portal-impl.jar:?]
	at com.liferay.portal.spring.aop.AopInvocationHandler.invoke(AopInvocationHandler.java:40) ~[portal-impl.jar:?]
	at com.sun.proxy.$Proxy546.addOrUpdateCustomObjectField(Unknown Source) ~[?:?]
	at com.liferay.object.service.impl.ObjectFieldLocalServiceImpl.updateObjectField(ObjectFieldLocalServiceImpl.java:618) ~[?:?]
	at sun.reflect.NativeMethodAccessorImpl.invoke0(Native Method) ~[?:1.8.0_321]
	at sun.reflect.NativeMethodAccessorImpl.invoke(NativeMethodAccessorImpl.java:62) ~[?:1.8.0_321]
	at sun.reflect.DelegatingMethodAccessorImpl.invoke(DelegatingMethodAccessorImpl.java:43) ~[?:1.8.0_321]
	at java.lang.reflect.Method.invoke(Method.java:498) ~[?:1.8.0_321]
	at com.liferay.portal.spring.aop.AopMethodInvocationImpl.proceed(AopMethodInvocationImpl.java:41) ~[portal-impl.jar:?]
	at com.liferay.portal.spring.transaction.TransactionInterceptor.invoke(TransactionInterceptor.java:60) ~[portal-impl.jar:?]
	at com.liferay.portal.spring.aop.AopMethodInvocationImpl.proceed(AopMethodInvocationImpl.java:48) ~[portal-impl.jar:?]
	at com.liferay.change.tracking.internal.aop.CTTransactionAdvice.invoke(CTTransactionAdvice.java:70) ~[?:?]
	at com.liferay.portal.spring.aop.AopMethodInvocationImpl.proceed(AopMethodInvocationImpl.java:48) ~[portal-impl.jar:?]
	at com.liferay.portal.spring.aop.AopInvocationHandler.invoke(AopInvocationHandler.java:40) ~[portal-impl.jar:?]
	at com.sun.proxy.$Proxy546.updateObjectField(Unknown Source) ~[?:?]
	at com.liferay.object.admin.rest.internal.resource.v1_0.ObjectDefinitionResourceImpl.putObjectDefinition(ObjectDefinitionResourceImpl.java:636) ~[?:?]
	at com.liferay.object.admin.rest.internal.resource.v1_0.ObjectDefinitionResourceImpl.putObjectDefinitionByExternalReferenceCode(ObjectDefinitionResourceImpl.java:811) ~[?:?]
	at com.liferay.object.admin.rest.internal.resource.v1_0.BaseObjectDefinitionResourceImpl.lambda$create$1(BaseObjectDefinitionResourceImpl.java:750) ~[?:?]
	at com.liferay.batch.engine.internal.strategy.BaseBatchEngineImportStrategy.lambda$apply$0(BaseBatchEngineImportStrategy.java:54) ~[?:?]
	at com.liferay.batch.engine.internal.strategy.OnErrorFailBatchEngineImportStrategy.importItem(OnErrorFailBatchEngineImportStrategy.java:37) ~[?:?]
	at com.liferay.batch.engine.internal.strategy.BaseBatchEngineImportStrategy.apply(BaseBatchEngineImportStrategy.java:45) ~[?:?]
	at com.liferay.object.admin.rest.internal.resource.v1_0.BaseObjectDefinitionResourceImpl.create(BaseObjectDefinitionResourceImpl.java:789) ~[?:?]
	at com.liferay.portal.vulcan.internal.batch.engine.VulcanBatchEngineTaskItemDelegateAdaptor.create(VulcanBatchEngineTaskItemDelegateAdaptor.java:60) ~[?:?]
	at com.liferay.batch.engine.internal.item.BatchEngineTaskItemDelegateExecutor.saveItems(BatchEngineTaskItemDelegateExecutor.java:79) ~[?:?]
	at com.liferay.batch.engine.internal.BatchEngineImportTaskExecutorImpl._commitItems(BatchEngineImportTaskExecutorImpl.java:166) ~[?:?]
	at com.liferay.batch.engine.internal.BatchEngineImportTaskExecutorImpl._importItems(BatchEngineImportTaskExecutorImpl.java:345) ~[?:?]
	at com.liferay.batch.engine.internal.BatchEngineImportTaskExecutorImpl.lambda$execute$0(BatchEngineImportTaskExecutorImpl.java:110) ~[?:?]
	at com.liferay.batch.engine.internal.BatchEngineTaskExecutorUtil.execute(BatchEngineTaskExecutorUtil.java:51) ~[?:?]
	at com.liferay.batch.engine.internal.BatchEngineImportTaskExecutorImpl.execute(BatchEngineImportTaskExecutorImpl.java:108) ~[?:?]
	at com.liferay.batch.engine.internal.unit.BatchEngineUnitProcessorImpl._execute(BatchEngineUnitProcessorImpl.java:224) ~[?:?]
	at com.liferay.batch.engine.internal.unit.BatchEngineUnitProcessorImpl.access$100(BatchEngineUnitProcessorImpl.java:66) ~[?:?]
	at com.liferay.batch.engine.internal.unit.BatchEngineUnitProcessorImpl$1.addingService(BatchEngineUnitProcessorImpl.java:171) ~[?:?]
	at org.osgi.util.tracker.ServiceTracker$Tracked.customizerAdding(ServiceTracker.java:943) ~[org.eclipse.osgi.jar:?]
	at org.osgi.util.tracker.ServiceTracker$Tracked.customizerAdding(ServiceTracker.java:1) ~[org.eclipse.osgi.jar:?]
	at org.osgi.util.tracker.AbstractTracked.trackAdding(AbstractTracked.java:256) ~[org.eclipse.osgi.jar:?]
	at org.osgi.util.tracker.AbstractTracked.trackInitial(AbstractTracked.java:183) ~[org.eclipse.osgi.jar:?]
	at org.osgi.util.tracker.ServiceTracker.open(ServiceTracker.java:321) ~[org.eclipse.osgi.jar:?]
	at org.osgi.util.tracker.ServiceTracker.open(ServiceTracker.java:264) ~[org.eclipse.osgi.jar:?]
	at java.util.concurrent.CompletableFuture.uniRun(CompletableFuture.java:719) [?:1.8.0_321]
	at java.util.concurrent.CompletableFuture.uniRunStage(CompletableFuture.java:731) [?:1.8.0_321]
	at java.util.concurrent.CompletableFuture.thenRun(CompletableFuture.java:2023) [?:1.8.0_321]
	at com.liferay.batch.engine.internal.unit.BatchEngineUnitProcessorImpl.processBatchEngineUnits(BatchEngineUnitProcessorImpl.java:109) [bundleFile:?]
	at com.liferay.batch.engine.internal.bundle.BatchEngineBundleTracker$BatchEngineBundleTrackerCustomizer.addingBundle(BatchEngineBundleTracker.java:115) [bundleFile:?]
	at com.liferay.batch.engine.internal.bundle.BatchEngineBundleTracker$BatchEngineBundleTrackerCustomizer.addingBundle(BatchEngineBundleTracker.java:70) [bundleFile:?]
	at org.osgi.util.tracker.BundleTracker$Tracked.customizerAdding(BundleTracker.java:475) [org.eclipse.osgi.jar:?]
	at org.osgi.util.tracker.BundleTracker$Tracked.customizerAdding(BundleTracker.java:1) [org.eclipse.osgi.jar:?]
	at org.osgi.util.tracker.AbstractTracked.trackAdding(AbstractTracked.java:256) [org.eclipse.osgi.jar:?]
	at org.osgi.util.tracker.AbstractTracked.track(AbstractTracked.java:229) [org.eclipse.osgi.jar:?]
	at org.osgi.util.tracker.BundleTracker$Tracked.bundleChanged(BundleTracker.java:450) [org.eclipse.osgi.jar:?]
	at org.eclipse.osgi.internal.framework.BundleContextImpl.dispatchEvent(BundleContextImpl.java:890) [org.eclipse.osgi.jar:?]
	at org.eclipse.osgi.framework.eventmgr.EventManager.dispatchEvent(EventManager.java:230) [org.eclipse.osgi.jar:?]
	at org.eclipse.osgi.framework.eventmgr.ListenerQueue.dispatchEventSynchronous(ListenerQueue.java:148) [org.eclipse.osgi.jar:?]
	at org.eclipse.osgi.internal.framework.EquinoxEventPublisher.publishBundleEventPrivileged(EquinoxEventPublisher.java:230) [org.eclipse.osgi.jar:?]
	at org.eclipse.osgi.internal.framework.EquinoxEventPublisher.publishBundleEvent(EquinoxEventPublisher.java:137) [org.eclipse.osgi.jar:?]
	at org.eclipse.osgi.internal.framework.EquinoxEventPublisher.publishBundleEvent(EquinoxEventPublisher.java:129) [org.eclipse.osgi.jar:?]
	at org.eclipse.osgi.internal.framework.EquinoxContainerAdaptor.publishModuleEvent(EquinoxContainerAdaptor.java:191) [org.eclipse.osgi.jar:?]
	at org.eclipse.osgi.container.Module.publishEvent(Module.java:476) [org.eclipse.osgi.jar:?]
	at org.eclipse.osgi.container.Module.start(Module.java:467) [org.eclipse.osgi.jar:?]
	at org.eclipse.osgi.internal.framework.EquinoxBundle.start(EquinoxBundle.java:426) [org.eclipse.osgi.jar:?]
	at com.liferay.portal.file.install.internal.DirectoryWatcher._startBundle(DirectoryWatcher.java:971) [bundleFile:?]
	at com.liferay.portal.file.install.internal.DirectoryWatcher._startBundles(DirectoryWatcher.java:1004) [bundleFile:?]
	at com.liferay.portal.file.install.internal.DirectoryWatcher._process(DirectoryWatcher.java:843) [bundleFile:?]
	at com.liferay.portal.file.install.internal.DirectoryWatcher.run(DirectoryWatcher.java:298) [bundleFile:?]
2024-10-19 18:35:46.732 INFO  [fileinstall-directory-watcher][OAuth2ProviderApplicationHeadlessServerConfigurationFactory:193] OAuth 2 application with external reference code liferay-telegram-etc-node-oauth-application-headless-server and company ID 28444447961636 has client ID id-1f727a93-d76b-f41b-9289-6d73877a13
2024-10-19 18:35:46.742 INFO  [fileinstall-directory-watcher][OAuth2ProviderApplicationUserAgentConfigurationFactory:170] OAuth 2 application with external reference code liferay-telegram-etc-node-oauth-application-user-agent and company ID 28444447961636 has client ID id-657eca76-6efa-bc12-0958-ae3b7a95734
2024-10-19 18:35:46.762 INFO  [fileinstall-directory-watcher][OAuth2ProviderApplicationHeadlessServerConfigurationFactory:193] OAuth 2 application with external reference code liferay-bot-batch-oauth-application-headless-server and company ID 28444447961636 has client ID id-d290271b-7745-ea19-a348-a6b437bbfff5
2024-10-19 18:35:46.931 INFO  [fileinstall-directory-watcher][OAuth2ProviderApplicationHeadlessServerConfigurationFactory:193] OAuth 2 application with external reference code liferay-telegram-etc-node-oauth-application-headless-server and company ID 28444447961636 has client ID id-1f727a93-d76b-f41b-9289-6d73877a13
2024-10-19 18:35:46.935 INFO  [fileinstall-directory-watcher][OAuth2ProviderApplicationUserAgentConfigurationFactory:170] OAuth 2 application with external reference code liferay-telegram-etc-node-oauth-application-user-agent and company ID 28444447961636 has client ID id-657eca76-6efa-bc12-0958-ae3b7a95734
2024-10-19 18:35:46.955 INFO  [fileinstall-directory-watcher][OAuth2ProviderApplicationHeadlessServerConfigurationFactory:193] OAuth 2 application with external reference code liferay-bot-batch-oauth-application-headless-server and company ID 28444447961636 has client ID id-d290271b-7745-ea19-a348-a6b437bbfff5
2024-10-19 18:35:48.259 INFO  [fileinstall-directory-watcher][OAuth2ProviderApplicationHeadlessServerConfigurationFactory:193] OAuth 2 application with external reference code liferay-telegram-etc-node-oauth-application-headless-server and company ID 28444447961636 has client ID id-1f727a93-d76b-f41b-9289-6d73877a13
2024-10-19 18:35:48.269 INFO  [fileinstall-directory-watcher][OAuth2ProviderApplicationUserAgentConfigurationFactory:170] OAuth 2 application with external reference code liferay-telegram-etc-node-oauth-application-user-agent and company ID 28444447961636 has client ID id-657eca76-6efa-bc12-0958-ae3b7a95734
2024-10-19 18:35:48.288 INFO  [fileinstall-directory-watcher][OAuth2ProviderApplicationHeadlessServerConfigurationFactory:193] OAuth 2 application with external reference code liferay-bot-batch-oauth-application-headless-server and company ID 28444447961636 has client ID id-d290271b-7745-ea19-a348-a6b437bbfff5
2024-10-19 18:38:21.506 INFO  [CM Event Dispatcher (Fire ConfigurationEvent: pid=com.liferay.oauth2.provider.configuration.OAuth2ProviderApplicationHeadlessServerConfiguration~liferay-bot-batch-oauth-application-headless-server)][OAuth2ProviderApplicationHeadlessServerConfigurationFactory:193] OAuth 2 application with external reference code liferay-bot-batch-oauth-application-headless-server and company ID 28444447961636 has client ID id-4512a87e-0632-275f-dcbe-28dc194ea7
2024-10-19 18:38:21.904 INFO  [fileinstall-directory-watcher][OAuth2ProviderApplicationHeadlessServerConfigurationFactory:193] OAuth 2 application with external reference code liferay-telegram-etc-node-oauth-application-headless-server and company ID 28444447961636 has client ID id-1f727a93-d76b-f41b-9289-6d73877a13
2024-10-19 18:38:21.910 INFO  [fileinstall-directory-watcher][OAuth2ProviderApplicationUserAgentConfigurationFactory:170] OAuth 2 application with external reference code liferay-telegram-etc-node-oauth-application-user-agent and company ID 28444447961636 has client ID id-657eca76-6efa-bc12-0958-ae3b7a95734
2024-10-19 18:38:21.931 INFO  [fileinstall-directory-watcher][OAuth2ProviderApplicationHeadlessServerConfigurationFactory:193] OAuth 2 application with external reference code liferay-bot-batch-oauth-application-headless-server and company ID 28444447961636 has client ID id-4512a87e-0632-275f-dcbe-28dc194ea7
2024-10-19 18:38:22.050 INFO  [fileinstall-directory-watcher][OAuth2ProviderApplicationHeadlessServerConfigurationFactory:193] OAuth 2 application with external reference code liferay-telegram-etc-node-oauth-application-headless-server and company ID 28444447961636 has client ID id-1f727a93-d76b-f41b-9289-6d73877a13
2024-10-19 18:38:22.057 INFO  [fileinstall-directory-watcher][OAuth2ProviderApplicationUserAgentConfigurationFactory:170] OAuth 2 application with external reference code liferay-telegram-etc-node-oauth-application-user-agent and company ID 28444447961636 has client ID id-657eca76-6efa-bc12-0958-ae3b7a95734
2024-10-19 18:38:22.080 INFO  [fileinstall-directory-watcher][OAuth2ProviderApplicationHeadlessServerConfigurationFactory:193] OAuth 2 application with external reference code liferay-bot-batch-oauth-application-headless-server and company ID 28444447961636 has client ID id-4512a87e-0632-275f-dcbe-28dc194ea7
2024-10-19 18:38:22.498 ERROR [fileinstall-directory-watcher][BatchEngineImportTaskExecutorImpl:119] Unable to update batch engine import task {"mvccVersion": 1, "uuid": "155fbfc3-5840-ad10-4814-84bd3bec9712", "externalReferenceCode": "155fbfc3-5840-ad10-4814-84bd3bec9712", "batchEngineImportTaskId": 6, "companyId": 28444447961636, "userId": 20122, "createDate": "Sat Oct 19 18:38:21 GMT 2024", "modifiedDate": "Sat Oct 19 18:38:21 GMT 2024", "batchSize": 100, "callbackURL": "", "className": "com.liferay.object.admin.rest.dto.v1_0.ObjectDefinition", "contentType": "JSON", "endTime": "null", "errorMessage": "", "executeStatus": "STARTED", "fieldNameMapping": "null", "importStrategy": 2, "operation": "CREATE", "parameters": "{containsHeaders=true, updateStrategy=UPDATE, createStrategy=UPSERT, onErrorFail=false}", "processedItemsCount": 0, "startTime": "Sat Oct 19 18:38:21 GMT 2024", "taskItemDelegateName": "DEFAULT", "totalItemsCount": 1}
com.liferay.object.exception.ObjectFieldNameException$MustNotBeDuplicate: Duplicate name command
	at com.liferay.object.service.impl.ObjectFieldLocalServiceImpl._validateName(ObjectFieldLocalServiceImpl.java:1659) ~[?:?]
	at com.liferay.object.service.impl.ObjectFieldLocalServiceImpl._addObjectField(ObjectFieldLocalServiceImpl.java:831) ~[?:?]
	at com.liferay.object.service.impl.ObjectFieldLocalServiceImpl.addCustomObjectField(ObjectFieldLocalServiceImpl.java:142) ~[?:?]
	at sun.reflect.NativeMethodAccessorImpl.invoke0(Native Method) ~[?:1.8.0_321]
	at sun.reflect.NativeMethodAccessorImpl.invoke(NativeMethodAccessorImpl.java:62) ~[?:1.8.0_321]
	at sun.reflect.DelegatingMethodAccessorImpl.invoke(DelegatingMethodAccessorImpl.java:43) ~[?:1.8.0_321]
	at java.lang.reflect.Method.invoke(Method.java:498) ~[?:1.8.0_321]
	at com.liferay.portal.spring.aop.AopMethodInvocationImpl.proceed(AopMethodInvocationImpl.java:41) ~[portal-impl.jar:?]
	at com.liferay.portal.spring.transaction.TransactionInterceptor.invoke(TransactionInterceptor.java:60) ~[portal-impl.jar:?]
	at com.liferay.portal.spring.aop.AopMethodInvocationImpl.proceed(AopMethodInvocationImpl.java:48) ~[portal-impl.jar:?]
	at com.liferay.portal.kernel.aop.ChainableMethodAdvice.invoke(ChainableMethodAdvice.java:55) ~[portal-kernel.jar:?]
	at com.liferay.portal.spring.aop.AopMethodInvocationImpl.proceed(AopMethodInvocationImpl.java:48) ~[portal-impl.jar:?]
	at com.liferay.change.tracking.internal.aop.CTTransactionAdvice.invoke(CTTransactionAdvice.java:70) ~[?:?]
	at com.liferay.portal.spring.aop.AopMethodInvocationImpl.proceed(AopMethodInvocationImpl.java:48) ~[portal-impl.jar:?]
	at com.liferay.portal.spring.aop.AopInvocationHandler.invoke(AopInvocationHandler.java:40) ~[portal-impl.jar:?]
	at com.sun.proxy.$Proxy546.addCustomObjectField(Unknown Source) ~[?:?]
	at com.liferay.object.service.impl.ObjectFieldLocalServiceImpl.addOrUpdateCustomObjectField(ObjectFieldLocalServiceImpl.java:183) ~[?:?]
	at sun.reflect.NativeMethodAccessorImpl.invoke0(Native Method) ~[?:1.8.0_321]
	at sun.reflect.NativeMethodAccessorImpl.invoke(NativeMethodAccessorImpl.java:62) ~[?:1.8.0_321]
	at sun.reflect.DelegatingMethodAccessorImpl.invoke(DelegatingMethodAccessorImpl.java:43) ~[?:1.8.0_321]
	at java.lang.reflect.Method.invoke(Method.java:498) ~[?:1.8.0_321]
	at com.liferay.portal.spring.aop.AopMethodInvocationImpl.proceed(AopMethodInvocationImpl.java:41) ~[portal-impl.jar:?]
	at com.liferay.portal.spring.transaction.TransactionInterceptor.invoke(TransactionInterceptor.java:60) ~[portal-impl.jar:?]
	at com.liferay.portal.spring.aop.AopMethodInvocationImpl.proceed(AopMethodInvocationImpl.java:48) ~[portal-impl.jar:?]
	at com.liferay.portal.kernel.aop.ChainableMethodAdvice.invoke(ChainableMethodAdvice.java:55) ~[portal-kernel.jar:?]
	at com.liferay.portal.spring.aop.AopMethodInvocationImpl.proceed(AopMethodInvocationImpl.java:48) ~[portal-impl.jar:?]
	at com.liferay.change.tracking.internal.aop.CTTransactionAdvice.invoke(CTTransactionAdvice.java:70) ~[?:?]
	at com.liferay.portal.spring.aop.AopMethodInvocationImpl.proceed(AopMethodInvocationImpl.java:48) ~[portal-impl.jar:?]
	at com.liferay.portal.spring.aop.AopInvocationHandler.invoke(AopInvocationHandler.java:40) ~[portal-impl.jar:?]
	at com.sun.proxy.$Proxy546.addOrUpdateCustomObjectField(Unknown Source) ~[?:?]
	at com.liferay.object.service.impl.ObjectFieldLocalServiceImpl.updateObjectField(ObjectFieldLocalServiceImpl.java:618) ~[?:?]
	at sun.reflect.NativeMethodAccessorImpl.invoke0(Native Method) ~[?:1.8.0_321]
	at sun.reflect.NativeMethodAccessorImpl.invoke(NativeMethodAccessorImpl.java:62) ~[?:1.8.0_321]
	at sun.reflect.DelegatingMethodAccessorImpl.invoke(DelegatingMethodAccessorImpl.java:43) ~[?:1.8.0_321]
	at java.lang.reflect.Method.invoke(Method.java:498) ~[?:1.8.0_321]
	at com.liferay.portal.spring.aop.AopMethodInvocationImpl.proceed(AopMethodInvocationImpl.java:41) ~[portal-impl.jar:?]
	at com.liferay.portal.spring.transaction.TransactionInterceptor.invoke(TransactionInterceptor.java:60) ~[portal-impl.jar:?]
	at com.liferay.portal.spring.aop.AopMethodInvocationImpl.proceed(AopMethodInvocationImpl.java:48) ~[portal-impl.jar:?]
	at com.liferay.change.tracking.internal.aop.CTTransactionAdvice.invoke(CTTransactionAdvice.java:70) ~[?:?]
	at com.liferay.portal.spring.aop.AopMethodInvocationImpl.proceed(AopMethodInvocationImpl.java:48) ~[portal-impl.jar:?]
	at com.liferay.portal.spring.aop.AopInvocationHandler.invoke(AopInvocationHandler.java:40) ~[portal-impl.jar:?]
	at com.sun.proxy.$Proxy546.updateObjectField(Unknown Source) ~[?:?]
	at com.liferay.object.admin.rest.internal.resource.v1_0.ObjectDefinitionResourceImpl.putObjectDefinition(ObjectDefinitionResourceImpl.java:636) ~[?:?]
	at com.liferay.object.admin.rest.internal.resource.v1_0.ObjectDefinitionResourceImpl.putObjectDefinitionByExternalReferenceCode(ObjectDefinitionResourceImpl.java:811) ~[?:?]
	at com.liferay.object.admin.rest.internal.resource.v1_0.BaseObjectDefinitionResourceImpl.lambda$create$1(BaseObjectDefinitionResourceImpl.java:750) ~[?:?]
	at com.liferay.batch.engine.internal.strategy.BaseBatchEngineImportStrategy.lambda$apply$0(BaseBatchEngineImportStrategy.java:54) ~[?:?]
	at com.liferay.batch.engine.internal.strategy.OnErrorFailBatchEngineImportStrategy.importItem(OnErrorFailBatchEngineImportStrategy.java:37) ~[?:?]
	at com.liferay.batch.engine.internal.strategy.BaseBatchEngineImportStrategy.apply(BaseBatchEngineImportStrategy.java:45) ~[?:?]
	at com.liferay.object.admin.rest.internal.resource.v1_0.BaseObjectDefinitionResourceImpl.create(BaseObjectDefinitionResourceImpl.java:789) ~[?:?]
	at com.liferay.portal.vulcan.internal.batch.engine.VulcanBatchEngineTaskItemDelegateAdaptor.create(VulcanBatchEngineTaskItemDelegateAdaptor.java:60) ~[?:?]
	at com.liferay.batch.engine.internal.item.BatchEngineTaskItemDelegateExecutor.saveItems(BatchEngineTaskItemDelegateExecutor.java:79) ~[?:?]
	at com.liferay.batch.engine.internal.BatchEngineImportTaskExecutorImpl._commitItems(BatchEngineImportTaskExecutorImpl.java:166) ~[?:?]
	at com.liferay.batch.engine.internal.BatchEngineImportTaskExecutorImpl._importItems(BatchEngineImportTaskExecutorImpl.java:345) ~[?:?]
	at com.liferay.batch.engine.internal.BatchEngineImportTaskExecutorImpl.lambda$execute$0(BatchEngineImportTaskExecutorImpl.java:110) ~[?:?]
	at com.liferay.batch.engine.internal.BatchEngineTaskExecutorUtil.execute(BatchEngineTaskExecutorUtil.java:51) ~[?:?]
	at com.liferay.batch.engine.internal.BatchEngineImportTaskExecutorImpl.execute(BatchEngineImportTaskExecutorImpl.java:108) ~[?:?]
	at com.liferay.batch.engine.internal.unit.BatchEngineUnitProcessorImpl._execute(BatchEngineUnitProcessorImpl.java:224) ~[?:?]
	at com.liferay.batch.engine.internal.unit.BatchEngineUnitProcessorImpl.access$100(BatchEngineUnitProcessorImpl.java:66) ~[?:?]
	at com.liferay.batch.engine.internal.unit.BatchEngineUnitProcessorImpl$1.addingService(BatchEngineUnitProcessorImpl.java:171) ~[?:?]
	at org.osgi.util.tracker.ServiceTracker$Tracked.customizerAdding(ServiceTracker.java:943) ~[org.eclipse.osgi.jar:?]
	at org.osgi.util.tracker.ServiceTracker$Tracked.customizerAdding(ServiceTracker.java:1) ~[org.eclipse.osgi.jar:?]
	at org.osgi.util.tracker.AbstractTracked.trackAdding(AbstractTracked.java:256) ~[org.eclipse.osgi.jar:?]
	at org.osgi.util.tracker.AbstractTracked.trackInitial(AbstractTracked.java:183) ~[org.eclipse.osgi.jar:?]
	at org.osgi.util.tracker.ServiceTracker.open(ServiceTracker.java:321) ~[org.eclipse.osgi.jar:?]
	at org.osgi.util.tracker.ServiceTracker.open(ServiceTracker.java:264) ~[org.eclipse.osgi.jar:?]
	at java.util.concurrent.CompletableFuture.uniRun(CompletableFuture.java:719) [?:1.8.0_321]
	at java.util.concurrent.CompletableFuture.uniRunStage(CompletableFuture.java:731) [?:1.8.0_321]
	at java.util.concurrent.CompletableFuture.thenRun(CompletableFuture.java:2023) [?:1.8.0_321]
	at com.liferay.batch.engine.internal.unit.BatchEngineUnitProcessorImpl.processBatchEngineUnits(BatchEngineUnitProcessorImpl.java:109) [bundleFile:?]
	at com.liferay.batch.engine.internal.bundle.BatchEngineBundleTracker$BatchEngineBundleTrackerCustomizer.addingBundle(BatchEngineBundleTracker.java:115) [bundleFile:?]
	at com.liferay.batch.engine.internal.bundle.BatchEngineBundleTracker$BatchEngineBundleTrackerCustomizer.addingBundle(BatchEngineBundleTracker.java:70) [bundleFile:?]
	at org.osgi.util.tracker.BundleTracker$Tracked.customizerAdding(BundleTracker.java:475) [org.eclipse.osgi.jar:?]
	at org.osgi.util.tracker.BundleTracker$Tracked.customizerAdding(BundleTracker.java:1) [org.eclipse.osgi.jar:?]
	at org.osgi.util.tracker.AbstractTracked.trackAdding(AbstractTracked.java:256) [org.eclipse.osgi.jar:?]
	at org.osgi.util.tracker.AbstractTracked.track(AbstractTracked.java:229) [org.eclipse.osgi.jar:?]
	at org.osgi.util.tracker.BundleTracker$Tracked.bundleChanged(BundleTracker.java:450) [org.eclipse.osgi.jar:?]
	at org.eclipse.osgi.internal.framework.BundleContextImpl.dispatchEvent(BundleContextImpl.java:890) [org.eclipse.osgi.jar:?]
	at org.eclipse.osgi.framework.eventmgr.EventManager.dispatchEvent(EventManager.java:230) [org.eclipse.osgi.jar:?]
	at org.eclipse.osgi.framework.eventmgr.ListenerQueue.dispatchEventSynchronous(ListenerQueue.java:148) [org.eclipse.osgi.jar:?]
	at org.eclipse.osgi.internal.framework.EquinoxEventPublisher.publishBundleEventPrivileged(EquinoxEventPublisher.java:230) [org.eclipse.osgi.jar:?]
	at org.eclipse.osgi.internal.framework.EquinoxEventPublisher.publishBundleEvent(EquinoxEventPublisher.java:137) [org.eclipse.osgi.jar:?]
	at org.eclipse.osgi.internal.framework.EquinoxEventPublisher.publishBundleEvent(EquinoxEventPublisher.java:129) [org.eclipse.osgi.jar:?]
	at org.eclipse.osgi.internal.framework.EquinoxContainerAdaptor.publishModuleEvent(EquinoxContainerAdaptor.java:191) [org.eclipse.osgi.jar:?]
	at org.eclipse.osgi.container.Module.publishEvent(Module.java:476) [org.eclipse.osgi.jar:?]
	at org.eclipse.osgi.container.Module.start(Module.java:467) [org.eclipse.osgi.jar:?]
	at org.eclipse.osgi.internal.framework.EquinoxBundle.start(EquinoxBundle.java:426) [org.eclipse.osgi.jar:?]
	at com.liferay.portal.file.install.internal.DirectoryWatcher._startBundle(DirectoryWatcher.java:971) [bundleFile:?]
	at com.liferay.portal.file.install.internal.DirectoryWatcher._startBundles(DirectoryWatcher.java:1004) [bundleFile:?]
	at com.liferay.portal.file.install.internal.DirectoryWatcher._process(DirectoryWatcher.java:843) [bundleFile:?]
	at com.liferay.portal.file.install.internal.DirectoryWatcher.run(DirectoryWatcher.java:298) [bundleFile:?]
2024-10-19 18:38:22.588 INFO  [fileinstall-directory-watcher][OAuth2ProviderApplicationHeadlessServerConfigurationFactory:193] OAuth 2 application with external reference code liferay-telegram-etc-node-oauth-application-headless-server and company ID 28444447961636 has client ID id-1f727a93-d76b-f41b-9289-6d73877a13
2024-10-19 18:38:22.594 INFO  [fileinstall-directory-watcher][OAuth2ProviderApplicationUserAgentConfigurationFactory:170] OAuth 2 application with external reference code liferay-telegram-etc-node-oauth-application-user-agent and company ID 28444447961636 has client ID id-657eca76-6efa-bc12-0958-ae3b7a95734
2024-10-19 18:38:22.609 INFO  [fileinstall-directory-watcher][OAuth2ProviderApplicationHeadlessServerConfigurationFactory:193] OAuth 2 application with external reference code liferay-bot-batch-oauth-application-headless-server and company ID 28444447961636 has client ID id-4512a87e-0632-275f-dcbe-28dc194ea7
2024-10-19 18:38:22.688 INFO  [fileinstall-directory-watcher][OAuth2ProviderApplicationHeadlessServerConfigurationFactory:193] OAuth 2 application with external reference code liferay-telegram-etc-node-oauth-application-headless-server and company ID 28444447961636 has client ID id-1f727a93-d76b-f41b-9289-6d73877a13
2024-10-19 18:38:22.694 INFO  [fileinstall-directory-watcher][OAuth2ProviderApplicationUserAgentConfigurationFactory:170] OAuth 2 application with external reference code liferay-telegram-etc-node-oauth-application-user-agent and company ID 28444447961636 has client ID id-657eca76-6efa-bc12-0958-ae3b7a95734
2024-10-19 18:38:22.708 INFO  [fileinstall-directory-watcher][OAuth2ProviderApplicationHeadlessServerConfigurationFactory:193] OAuth 2 application with external reference code liferay-bot-batch-oauth-application-headless-server and company ID 28444447961636 has client ID id-4512a87e-0632-275f-dcbe-28dc194ea7
2024-10-19 18:38:23.505 INFO  [fileinstall-directory-watcher][OAuth2ProviderApplicationHeadlessServerConfigurationFactory:193] OAuth 2 application with external reference code liferay-telegram-etc-node-oauth-application-headless-server and company ID 28444447961636 has client ID id-1f727a93-d76b-f41b-9289-6d73877a13
2024-10-19 18:38:23.508 INFO  [fileinstall-directory-watcher][OAuth2ProviderApplicationUserAgentConfigurationFactory:170] OAuth 2 application with external reference code liferay-telegram-etc-node-oauth-application-user-agent and company ID 28444447961636 has client ID id-657eca76-6efa-bc12-0958-ae3b7a95734
2024-10-19 18:38:23.524 INFO  [fileinstall-directory-watcher][OAuth2ProviderApplicationHeadlessServerConfigurationFactory:193] OAuth 2 application with external reference code liferay-bot-batch-oauth-application-headless-server and company ID 28444447961636 has client ID id-4512a87e-0632-275f-dcbe-28dc194ea7
2024-10-19 18:38:23.599 INFO  [fileinstall-directory-watcher][OAuth2ProviderApplicationHeadlessServerConfigurationFactory:193] OAuth 2 application with external reference code liferay-telegram-etc-node-oauth-application-headless-server and company ID 28444447961636 has client ID id-1f727a93-d76b-f41b-9289-6d73877a13
2024-10-19 18:38:23.603 INFO  [fileinstall-directory-watcher][OAuth2ProviderApplicationUserAgentConfigurationFactory:170] OAuth 2 application with external reference code liferay-telegram-etc-node-oauth-application-user-agent and company ID 28444447961636 has client ID id-657eca76-6efa-bc12-0958-ae3b7a95734
2024-10-19 18:38:23.618 INFO  [fileinstall-directory-watcher][OAuth2ProviderApplicationHeadlessServerConfigurationFactory:193] OAuth 2 application with external reference code liferay-bot-batch-oauth-application-headless-server and company ID 28444447961636 has client ID id-4512a87e-0632-275f-dcbe-28dc194ea7
