2024-10-19 18:47:19.296 WARN  [liferay/mail-2][MailMessageListener:116] Email test@domain.invalid will be ignored because it is included in mail.send.blacklist
2024-10-19 18:47:19.299 WARN  [liferay/mail-3][MailMessageListener:116] Email test@domain.invalid will be ignored because it is included in mail.send.blacklist
2024-10-19 18:47:19.326 WARN  [liferay/mail-2][MailMessageListener:42] Skipping email because the sender is not specified
2024-10-19 18:47:19.326 WARN  [liferay/mail-3][MailMessageListener:42] Skipping email because the sender is not specified
2024-10-19 18:48:24.287 INFO  [http-nio-8080-exec-1][BundleSiteInitializer:516] Initializing com.liferay.site.initializer.welcome for group 20117
2024-10-19 18:48:24.453 INFO  [http-nio-8080-exec-1][BundleSiteInitializer:5572] Invoking addAccountGroups took 126 ms
2024-10-19 18:48:24.455 INFO  [http-nio-8080-exec-1][BundleSiteInitializer:5572] Invoking addSiteConfiguration took 0 ms
2024-10-19 18:48:24.464 INFO  [http-nio-8080-exec-1][BundleSiteInitializer:5572] Invoking addOrUpdateDataDefinitions took 8 ms
2024-10-19 18:48:24.465 INFO  [http-nio-8080-exec-1][BundleSiteInitializer:5572] Invoking setPLOEntries took 0 ms
2024-10-19 18:48:24.466 INFO  [http-nio-8080-exec-1][BundleSiteInitializer:5572] Invoking addSiteSettings took 0 ms
2024-10-19 18:48:24.466 INFO  [http-nio-8080-exec-1][BundleSiteInitializer:5572] Invoking addOrUpdateDepotEntries took 0 ms
2024-10-19 18:48:24.466 INFO  [http-nio-8080-exec-1][BundleSiteInitializer:5572] Invoking addKeywords took 0 ms
2024-10-19 18:48:24.468 INFO  [http-nio-8080-exec-1][BundleSiteInitializer:5572] Invoking addStyleBookEntries took 0 ms
2024-10-19 18:48:24.468 INFO  [http-nio-8080-exec-1][BundleSiteInitializer:5572] Invoking addOrUpdateDDMStructures took 0 ms
2024-10-19 18:48:24.472 INFO  [http-nio-8080-exec-1][BundleSiteInitializer:5572] Invoking addOrUpdateObjectFolders took 1 ms
2024-10-19 18:48:24.474 INFO  [http-nio-8080-exec-1][BundleSiteInitializer:5572] Invoking addOrUpdateExpandoColumns took 0 ms
2024-10-19 18:48:24.474 INFO  [http-nio-8080-exec-1][BundleSiteInitializer:5572] Invoking addOrUpdateUserGroups took 0 ms
2024-10-19 18:48:24.474 INFO  [http-nio-8080-exec-1][BundleSiteInitializer:5572] Invoking addOrUpdateSAPEntries took 0 ms
2024-10-19 18:48:24.474 INFO  [http-nio-8080-exec-1][BundleSiteInitializer:5572] Invoking addOrUpdateListTypeDefinitions took 0 ms
2024-10-19 18:48:24.512 INFO  [http-nio-8080-exec-1][BundleSiteInitializer:5572] Invoking addOrUpdateRoles took 37 ms
2024-10-19 18:48:25.250 INFO  [http-nio-8080-exec-1][BundleSiteInitializer:5572] Invoking addOrUpdateLayouts took 736 ms
2024-10-19 18:48:25.276 INFO  [http-nio-8080-exec-1][BundleSiteInitializer:5572] Invoking updateLayoutSets took 25 ms
2024-10-19 18:48:25.278 INFO  [http-nio-8080-exec-1][BundleSiteInitializer:5572] Invoking addAccounts took 1 ms
2024-10-19 18:48:25.280 INFO  [http-nio-8080-exec-1][BundleSiteInitializer:5572] Invoking addOrUpdateTaxonomyVocabularies took 2 ms
2024-10-19 18:48:25.281 INFO  [http-nio-8080-exec-1][BundleSiteInitializer:5572] Invoking addOrUpdateKnowledgeBaseArticles took 0 ms
2024-10-19 18:48:25.281 INFO  [http-nio-8080-exec-1][BundleSiteInitializer:5572] Invoking addOrUpdateOrganizations took 0 ms
2024-10-19 18:48:25.282 INFO  [http-nio-8080-exec-1][BundleSiteInitializer:5572] Invoking addOrUpdateSXPBlueprint took 1 ms
2024-10-19 18:48:28.551 INFO  [http-nio-8080-exec-1][BundleSiteInitializer:5572] Invoking addOrUpdateDocuments took 3111 ms
2024-10-19 18:48:28.612 INFO  [http-nio-8080-exec-1][BundleSiteInitializer:5572] Invoking addWorkflowDefinitions took 0 ms
2024-10-19 18:48:28.620 INFO  [http-nio-8080-exec-1][BundleSiteInitializer:5572] Invoking addOrUpdateClientExtensionEntries took 6 ms
2024-10-19 18:48:28.621 INFO  [http-nio-8080-exec-1][BundleSiteInitializer:5572] Invoking addUserAccounts took 0 ms
2024-10-19 18:48:28.621 INFO  [http-nio-8080-exec-1][BundleSiteInitializer:5572] Invoking addOrUpdateBlogPostings took 0 ms
2024-10-19 18:48:28.622 INFO  [http-nio-8080-exec-1][BundleSiteInitializer:5572] Invoking addUserRoles took 0 ms
2024-10-19 18:48:28.622 INFO  [http-nio-8080-exec-1][BundleSiteInitializer:5572] Invoking addAccountsOrganizations took 0 ms
2024-10-19 18:48:28.622 INFO  [http-nio-8080-exec-1][BundleSiteInitializer:5572] Invoking addAccountGroupAssignments took 0 ms
2024-10-19 18:48:28.623 INFO  [http-nio-8080-exec-1][BundleSiteInitializer:5572] Invoking addFragmentEntries took 1 ms
2024-10-19 18:48:28.624 INFO  [http-nio-8080-exec-1][BundleSiteInitializer:5572] Invoking addOrUpdateAssetLinkEntries took 0 ms
2024-10-19 18:48:28.636 INFO  [http-nio-8080-exec-1][BundleSiteInitializer:5572] Invoking addObjectDefinitions took 11 ms
2024-10-19 18:48:28.638 INFO  [http-nio-8080-exec-1][BundleSiteInitializer:5572] Invoking addPortletSettings took 0 ms
2024-10-19 18:48:28.638 INFO  [http-nio-8080-exec-1][BundleSiteInitializer:5572] Invoking addOrUpdateSegmentsEntries took 0 ms
2024-10-19 18:48:28.640 INFO  [http-nio-8080-exec-1][BundleSiteInitializer:5572] Invoking addRolesAssignments took 0 ms
2024-10-19 18:48:28.641 INFO  [http-nio-8080-exec-1][BundleSiteInitializer:5572] Invoking addOrUpdateObjectRelationships took 0 ms
2024-10-19 18:48:28.642 INFO  [http-nio-8080-exec-1][BundleSiteInitializer:5572] Invoking addOrUpdateObjectFields took 0 ms
2024-10-19 18:48:28.644 INFO  [http-nio-8080-exec-1][BundleSiteInitializer:5572] Invoking publishObjectDefinitions took 0 ms
2024-10-19 18:48:28.761 INFO  [http-nio-8080-exec-1][BundleSiteInitializer:5572] Invoking addOrUpdateDDMTemplates took 117 ms
2024-10-19 18:48:28.763 INFO  [http-nio-8080-exec-1][BundleSiteInitializer:5572] Invoking addOrUpdateNotificationTemplates took 1 ms
2024-10-19 18:48:28.766 INFO  [http-nio-8080-exec-1][BundleSiteInitializer:5572] Invoking addOrUpdateAccountEntryRestrictions took 0 ms
2024-10-19 18:48:28.766 INFO  [http-nio-8080-exec-1][BundleSiteInitializer:5572] Invoking addOrUpdateJournalArticles took 0 ms
2024-10-19 18:48:28.766 INFO  [http-nio-8080-exec-1][BundleSiteInitializer:5572] Invoking addOrUpdateObjectActions took 0 ms
2024-10-19 18:48:28.766 INFO  [http-nio-8080-exec-1][BundleSiteInitializer:5572] Invoking addOrUpdateObjectEntries took 0 ms
2024-10-19 18:48:28.767 INFO  [http-nio-8080-exec-1][BundleSiteInitializer:5572] Invoking addCPDefinitions took 0 ms
2024-10-19 18:48:31.718 INFO  [http-nio-8080-exec-1][BundleSiteInitializer:5572] Invoking addLayoutUtilityPageEntries took 2950 ms
2024-10-19 18:48:31.720 INFO  [http-nio-8080-exec-1][BundleSiteInitializer:5572] Invoking addAssetListEntries took 0 ms
2024-10-19 18:48:31.722 INFO  [http-nio-8080-exec-1][BundleSiteInitializer:5572] Invoking addLayoutPageTemplates took 2 ms
2024-10-19 18:48:34.506 INFO  [http-nio-8080-exec-1][BundleSiteInitializer:5572] Invoking addOrUpdateLayoutsContent took 2783 ms
2024-10-19 18:48:34.511 INFO  [http-nio-8080-exec-1][BundleSiteInitializer:5572] Invoking addExpandoValues took 1 ms
2024-10-19 18:48:34.513 INFO  [http-nio-8080-exec-1][BundleSiteInitializer:5572] Invoking addSegmentsExperiences took 1 ms
2024-10-19 18:48:34.513 INFO  [http-nio-8080-exec-1][BundleSiteInitializer:5572] Invoking addOrUpdateResourcePermissions took 0 ms
2024-10-19 18:48:34.517 INFO  [http-nio-8080-exec-1][BundleSiteInitializer:534] Initialized com.liferay.site.initializer.welcome for group 20117 in 10231 ms
2024-10-19 18:48:57.105 INFO  [CM Event Dispatcher (Fire ConfigurationEvent: pid=com.liferay.oauth2.provider.configuration.OAuth2ProviderApplicationHeadlessServerConfiguration~liferay-bot-batch-oauth-application-headless-server)][OAuth2ProviderApplicationHeadlessServerConfigurationFactory:193] OAuth 2 application with external reference code liferay-bot-batch-oauth-application-headless-server and company ID 14401142882666 has client ID id-11536e8e-7442-376a-4f38-595346a1b40
2024-10-19 18:49:06.525 INFO  [CM Event Dispatcher (Fire ConfigurationEvent: pid=com.liferay.oauth2.provider.configuration.OAuth2ProviderApplicationHeadlessServerConfiguration~liferay-bot-batch-oauth-application-headless-server)][OAuth2ProviderApplicationHeadlessServerConfigurationFactory:193] OAuth 2 application with external reference code liferay-bot-batch-oauth-application-headless-server and company ID 14401142882666 has client ID id-11536e8e-7442-376a-4f38-595346a1b40
2024-10-19 18:49:06.585 INFO  [fileinstall-directory-watcher][OAuth2ProviderApplicationHeadlessServerConfigurationFactory:193] OAuth 2 application with external reference code liferay-bot-batch-oauth-application-headless-server and company ID 14401142882666 has client ID id-11536e8e-7442-376a-4f38-595346a1b40
2024-10-19 18:49:08.530 INFO  [fileinstall-directory-watcher][OAuth2ProviderApplicationHeadlessServerConfigurationFactory:193] OAuth 2 application with external reference code liferay-bot-batch-oauth-application-headless-server and company ID 14401142882666 has client ID id-11536e8e-7442-376a-4f38-595346a1b40
2024-10-19 18:49:09.928 INFO  [fileinstall-directory-watcher][OAuth2ProviderApplicationHeadlessServerConfigurationFactory:193] OAuth 2 application with external reference code liferay-bot-batch-oauth-application-headless-server and company ID 14401142882666 has client ID id-11536e8e-7442-376a-4f38-595346a1b40
2024-10-19 18:49:10.212 INFO  [fileinstall-directory-watcher][OAuth2ProviderApplicationHeadlessServerConfigurationFactory:193] OAuth 2 application with external reference code liferay-bot-batch-oauth-application-headless-server and company ID 14401142882666 has client ID id-11536e8e-7442-376a-4f38-595346a1b40
2024-10-19 18:49:11.344 INFO  [fileinstall-directory-watcher][OAuth2ProviderApplicationHeadlessServerConfigurationFactory:193] OAuth 2 application with external reference code liferay-bot-batch-oauth-application-headless-server and company ID 14401142882666 has client ID id-11536e8e-7442-376a-4f38-595346a1b40
2024-10-19 18:49:11.542 INFO  [fileinstall-directory-watcher][OAuth2ProviderApplicationHeadlessServerConfigurationFactory:193] OAuth 2 application with external reference code liferay-bot-batch-oauth-application-headless-server and company ID 14401142882666 has client ID id-11536e8e-7442-376a-4f38-595346a1b40
2024-10-19 18:49:12.197 INFO  [fileinstall-directory-watcher][OAuth2ProviderApplicationHeadlessServerConfigurationFactory:193] OAuth 2 application with external reference code liferay-bot-batch-oauth-application-headless-server and company ID 14401142882666 has client ID id-11536e8e-7442-376a-4f38-595346a1b40
2024-10-19 18:49:22.253 WARN  [liferay/mail-3][MailMessageListener:116] Email test@domain.invalid will be ignored because it is included in mail.send.blacklist
2024-10-19 18:49:22.257 WARN  [liferay/mail-3][MailMessageListener:42] Skipping email because the sender is not specified
2024-10-19 18:51:34.243 ERROR [http-nio-8080-exec-7][PortletRequestDispatcherImpl:295] Unable to dispatch request: java.lang.NullPointerException
2024-10-19 18:51:34.251 ERROR [http-nio-8080-exec-7][PortletServlet:109] Unable to process portlet com_liferay_oauth2_provider_web_internal_portlet_OAuth2AdminPortlet: org.apache.jasper.JasperException: java.lang.NullPointerException
javax.portlet.PortletException: org.apache.jasper.JasperException: java.lang.NullPointerException
	at com.liferay.portlet.internal.PortletRequestDispatcherImpl.dispatch(PortletRequestDispatcherImpl.java:298) ~[portal-impl.jar:?]
	at com.liferay.portlet.internal.PortletRequestDispatcherImpl.include(PortletRequestDispatcherImpl.java:114) ~[portal-impl.jar:?]
	at com.liferay.portal.kernel.portlet.bridges.mvc.MVCPortlet.include(MVCPortlet.java:611) ~[portal-kernel.jar:?]
	at com.liferay.portal.kernel.portlet.bridges.mvc.MVCPortlet.include(MVCPortlet.java:627) ~[portal-kernel.jar:?]
	at com.liferay.portal.kernel.portlet.bridges.mvc.MVCPortlet.doDispatch(MVCPortlet.java:497) ~[portal-kernel.jar:?]
	at javax.portlet.GenericPortlet.render(GenericPortlet.java:291) ~[portlet.jar:3.0.1]
	at com.liferay.portal.kernel.portlet.bridges.mvc.MVCPortlet.render(MVCPortlet.java:300) ~[portal-kernel.jar:?]
	at com.liferay.oauth2.provider.web.internal.portlet.OAuth2AdminPortlet.render(OAuth2AdminPortlet.java:52) ~[bundleFile:?]
	at com.liferay.portlet.internal.FilterChainImpl.doFilter(FilterChainImpl.java:118) ~[portal-impl.jar:?]
	at com.liferay.portlet.ScriptDataPortletFilter.doFilter(ScriptDataPortletFilter.java:49) ~[portal-impl.jar:?]
	at com.liferay.portlet.internal.FilterChainImpl.doFilter(FilterChainImpl.java:115) ~[portal-impl.jar:?]
	at com.liferay.portal.kernel.portlet.PortletFilterUtil.doFilter(PortletFilterUtil.java:62) ~[portal-kernel.jar:?]
	at com.liferay.portal.kernel.servlet.PortletServlet.service(PortletServlet.java:105) ~[portal-kernel.jar:?]
	at javax.servlet.http.HttpServlet.service(HttpServlet.java:623) ~[servlet-api.jar:4.0.FR]
	at org.eclipse.equinox.http.servlet.internal.registration.EndpointRegistration.service(EndpointRegistration.java:147) ~[?:?]
	at org.eclipse.equinox.http.servlet.internal.servlet.ResponseStateHandler.processRequest(ResponseStateHandler.java:63) ~[?:?]
	at org.eclipse.equinox.http.servlet.internal.context.DispatchTargets.doDispatch(DispatchTargets.java:120) ~[?:?]
	at org.eclipse.equinox.http.servlet.internal.servlet.RequestDispatcherAdaptor.include(RequestDispatcherAdaptor.java:48) ~[?:?]
	at com.liferay.portlet.internal.InvokerPortletImpl.invoke(InvokerPortletImpl.java:562) ~[portal-impl.jar:?]
	at com.liferay.portlet.internal.InvokerPortletImpl.invokeRender(InvokerPortletImpl.java:652) ~[portal-impl.jar:?]
	at com.liferay.portlet.internal.InvokerPortletImpl.render(InvokerPortletImpl.java:338) ~[portal-impl.jar:?]
	at com.liferay.portal.monitoring.internal.portlet.MonitoringInvokerPortlet.lambda$render$0(MonitoringInvokerPortlet.java:250) ~[?:?]
	at com.liferay.portal.monitoring.internal.portlet.MonitoringInvokerPortlet._render(MonitoringInvokerPortlet.java:353) ~[?:?]
	at com.liferay.portal.monitoring.internal.portlet.MonitoringInvokerPortlet.render(MonitoringInvokerPortlet.java:248) ~[?:?]
	at org.apache.jsp.html.portal.render_005fportlet_jsp._jspService(render_005fportlet_jsp.java:1395) ~[?:?]
	at org.apache.jasper.runtime.HttpJspBase.service(HttpJspBase.java:67) ~[jasper.jar:9.0.90]
	at javax.servlet.http.HttpServlet.service(HttpServlet.java:623) ~[servlet-api.jar:4.0.FR]
	at com.liferay.portal.kernel.servlet.DirectRequestDispatcher.include(DirectRequestDispatcher.java:53) ~[portal-kernel.jar:?]
	at com.liferay.portal.kernel.servlet.DirectRequestDispatcherFactoryUtil$IndirectRequestDispatcher.include(DirectRequestDispatcherFactoryUtil.java:169) ~[portal-kernel.jar:?]
	at com.liferay.portal.kernel.servlet.TransferHeadersHelperUtil$TransferHeadersRequestDispatcher.include(TransferHeadersHelperUtil.java:152) ~[portal-kernel.jar:?]
	at com.liferay.portlet.internal.PortletContainerImpl._render(PortletContainerImpl.java:886) ~[portal-impl.jar:?]
	at com.liferay.portlet.internal.PortletContainerImpl.lambda$render$2(PortletContainerImpl.java:214) ~[portal-impl.jar:?]
	at com.liferay.portlet.internal.PortletContainerImpl._preserveGroupIds(PortletContainerImpl.java:402) ~[portal-impl.jar:?]
	at com.liferay.portlet.internal.PortletContainerImpl.render(PortletContainerImpl.java:202) ~[portal-impl.jar:?]
	at com.liferay.portlet.SecurityPortletContainerWrapper.render(SecurityPortletContainerWrapper.java:125) ~[portal-impl.jar:?]
	at com.liferay.portlet.RestrictPortletContainerWrapper.lambda$render$0(RestrictPortletContainerWrapper.java:115) ~[portal-impl.jar:?]
	at com.liferay.portlet.RestrictPortletContainerWrapper._render(RestrictPortletContainerWrapper.java:176) ~[portal-impl.jar:?]
	at com.liferay.portlet.RestrictPortletContainerWrapper.render(RestrictPortletContainerWrapper.java:113) ~[portal-impl.jar:?]
	at com.liferay.portal.kernel.portlet.PortletContainerUtil.render(PortletContainerUtil.java:205) ~[portal-kernel.jar:?]
	at com.liferay.portal.layoutconfiguration.util.velocity.TemplateProcessor.processMax(TemplateProcessor.java:134) ~[portal-impl.jar:?]
	at sun.reflect.NativeMethodAccessorImpl.invoke0(Native Method) ~[?:1.8.0_321]
	at sun.reflect.NativeMethodAccessorImpl.invoke(NativeMethodAccessorImpl.java:62) ~[?:1.8.0_321]
	at sun.reflect.DelegatingMethodAccessorImpl.invoke(DelegatingMethodAccessorImpl.java:43) ~[?:1.8.0_321]
	at java.lang.reflect.Method.invoke(Method.java:498) ~[?:1.8.0_321]
	at freemarker.ext.beans.BeansWrapper.invokeMethod(BeansWrapper.java:1553) ~[bundleFile:?]
	at freemarker.ext.beans.SimpleMethodModel.exec(SimpleMethodModel.java:73) ~[bundleFile:?]
	at freemarker.core.MethodCall._eval(MethodCall.java:62) ~[bundleFile:?]
	at freemarker.core.Expression.eval(Expression.java:101) ~[bundleFile:?]
	at freemarker.core.DollarVariable.calculateInterpolatedStringOrMarkup(DollarVariable.java:104) ~[bundleFile:?]
	at freemarker.core.DollarVariable.accept(DollarVariable.java:63) ~[bundleFile:?]
	at freemarker.core.Environment.visit(Environment.java:335) ~[bundleFile:?]
	at freemarker.core.Environment.visit(Environment.java:341) ~[bundleFile:?]
	at freemarker.core.Environment.process(Environment.java:314) ~[bundleFile:?]
	at freemarker.template.Template.process(Template.java:383) ~[bundleFile:?]
	at com.liferay.portal.template.freemarker.internal.FreeMarkerTemplate.lambda$processTemplate$0(FreeMarkerTemplate.java:149) ~[bundleFile:?]
	at com.liferay.portal.template.freemarker.internal.FreeMarkerManager.render(FreeMarkerManager.java:355) [bundleFile:?]
	at com.liferay.portal.template.freemarker.internal.FreeMarkerTemplate.processTemplate(FreeMarkerTemplate.java:136) [bundleFile:?]
	at com.liferay.portal.template.engine.BaseTemplate.processTemplate(BaseTemplate.java:117) [bundleFile:?]
	at com.liferay.portal.layoutconfiguration.util.RuntimePageUtil.doProcessTemplate(RuntimePageUtil.java:170) [portal-impl.jar:?]
	at com.liferay.portal.layoutconfiguration.util.RuntimePageUtil.doDispatch(RuntimePageUtil.java:135) [portal-impl.jar:?]
	at com.liferay.portal.layoutconfiguration.util.RuntimePageUtil.getProcessedTemplate(RuntimePageUtil.java:63) [portal-impl.jar:?]
	at com.liferay.application.list.taglib.display.context.logic.PanelAppContentHelper.writeContent(PanelAppContentHelper.java:76) [bundleFile:?]
	at org.apache.jsp.application_005fcontent.page_jsp._jspService(page_jsp.java:144) [?:?]
	at org.apache.jasper.runtime.HttpJspBase.service(HttpJspBase.java:111) [javax.servlet.jsp-2.3.3-b02.LIFERAY-PATCHED-9.jar:9.0.90]
	at javax.servlet.http.HttpServlet.service(HttpServlet.java:623) [servlet-api.jar:4.0.FR]
	at org.apache.jasper.servlet.JspServletWrapper.service(JspServletWrapper.java:411) [javax.servlet.jsp-2.3.3-b02.LIFERAY-PATCHED-9.jar:9.0.90]
	at org.apache.jasper.servlet.JspServlet.serviceJspFile(JspServlet.java:473) [javax.servlet.jsp-2.3.3-b02.LIFERAY-PATCHED-9.jar:9.0.90]
	at org.apache.jasper.servlet.JspServlet.service(JspServlet.java:377) [javax.servlet.jsp-2.3.3-b02.LIFERAY-PATCHED-9.jar:9.0.90]
	at javax.servlet.http.HttpServlet.service(HttpServlet.java:623) [servlet-api.jar:4.0.FR]
	at com.liferay.portal.osgi.web.servlet.jsp.compiler.internal.JspServlet.service(JspServlet.java:310) [bundleFile:?]
	at com.liferay.portal.osgi.web.servlet.jsp.compiler.internal.JspServlet.service(JspServlet.java:319) [bundleFile:?]
	at org.eclipse.equinox.http.servlet.internal.registration.EndpointRegistration.service(EndpointRegistration.java:147) [org.eclipse.equinox.http.servlet-1.2.2.v20211118-0920.LIFERAY-PATCHED-4.jar:?]
	at org.eclipse.equinox.http.servlet.internal.servlet.ResponseStateHandler.processRequest(ResponseStateHandler.java:63) [org.eclipse.equinox.http.servlet-1.2.2.v20211118-0920.LIFERAY-PATCHED-4.jar:?]
	at org.eclipse.equinox.http.servlet.internal.context.DispatchTargets.doDispatch(DispatchTargets.java:120) [org.eclipse.equinox.http.servlet-1.2.2.v20211118-0920.LIFERAY-PATCHED-4.jar:?]
	at org.eclipse.equinox.http.servlet.internal.servlet.RequestDispatcherAdaptor.include(RequestDispatcherAdaptor.java:48) [org.eclipse.equinox.http.servlet-1.2.2.v20211118-0920.LIFERAY-PATCHED-4.jar:?]
	at com.liferay.portal.kernel.servlet.DirectServletPathRegisterDispatcher.include(DirectServletPathRegisterDispatcher.java:57) [portal-kernel.jar:?]
	at com.liferay.portal.kernel.servlet.DirectRequestDispatcherFactoryUtil$IndirectRequestDispatcher.include(DirectRequestDispatcherFactoryUtil.java:169) [portal-kernel.jar:?]
	at com.liferay.taglib.util.IncludeTag.includePage(IncludeTag.java:400) [bundleFile:?]
	at com.liferay.taglib.util.IncludeTag.include(IncludeTag.java:375) [bundleFile:?]
	at com.liferay.taglib.util.IncludeTag.doInclude(IncludeTag.java:208) [bundleFile:?]
	at com.liferay.taglib.util.IncludeTag.doEndTag(IncludeTag.java:79) [bundleFile:?]
	at org.apache.jsp.layout.view.control_005fpanel_jsp._jspService(control_005fpanel_jsp.java:109) [?:?]
	at org.apache.jasper.runtime.HttpJspBase.service(HttpJspBase.java:111) [javax.servlet.jsp-2.3.3-b02.LIFERAY-PATCHED-9.jar:9.0.90]
	at javax.servlet.http.HttpServlet.service(HttpServlet.java:623) [servlet-api.jar:4.0.FR]
	at org.apache.jasper.servlet.JspServletWrapper.service(JspServletWrapper.java:411) [javax.servlet.jsp-2.3.3-b02.LIFERAY-PATCHED-9.jar:9.0.90]
	at org.apache.jasper.servlet.JspServlet.serviceJspFile(JspServlet.java:473) [javax.servlet.jsp-2.3.3-b02.LIFERAY-PATCHED-9.jar:9.0.90]
	at org.apache.jasper.servlet.JspServlet.service(JspServlet.java:377) [javax.servlet.jsp-2.3.3-b02.LIFERAY-PATCHED-9.jar:9.0.90]
	at javax.servlet.http.HttpServlet.service(HttpServlet.java:623) [servlet-api.jar:4.0.FR]
	at com.liferay.portal.osgi.web.servlet.jsp.compiler.internal.JspServlet.service(JspServlet.java:310) [bundleFile:?]
	at com.liferay.portal.osgi.web.servlet.jsp.compiler.internal.JspServlet.service(JspServlet.java:319) [bundleFile:?]
	at org.eclipse.equinox.http.servlet.internal.registration.EndpointRegistration.service(EndpointRegistration.java:147) [org.eclipse.equinox.http.servlet-1.2.2.v20211118-0920.LIFERAY-PATCHED-4.jar:?]
	at org.eclipse.equinox.http.servlet.internal.servlet.ResponseStateHandler.processRequest(ResponseStateHandler.java:63) [org.eclipse.equinox.http.servlet-1.2.2.v20211118-0920.LIFERAY-PATCHED-4.jar:?]
	at org.eclipse.equinox.http.servlet.internal.context.DispatchTargets.doDispatch(DispatchTargets.java:120) [org.eclipse.equinox.http.servlet-1.2.2.v20211118-0920.LIFERAY-PATCHED-4.jar:?]
	at org.eclipse.equinox.http.servlet.internal.servlet.RequestDispatcherAdaptor.include(RequestDispatcherAdaptor.java:48) [org.eclipse.equinox.http.servlet-1.2.2.v20211118-0920.LIFERAY-PATCHED-4.jar:?]
	at com.liferay.portal.kernel.servlet.TransferHeadersHelperUtil$TransferHeadersRequestDispatcher.include(TransferHeadersHelperUtil.java:152) [portal-kernel.jar:?]
	at com.liferay.layout.type.controller.BaseLayoutTypeControllerImpl.includeLayoutContent(BaseLayoutTypeControllerImpl.java:102) [bundleFile:?]
	at com.liferay.portal.model.impl.LayoutImpl.includeLayoutContent(LayoutImpl.java:1063) [portal-impl.jar:?]
	at com.liferay.portal.action.LayoutAction.processLayout(LayoutAction.java:427) [portal-impl.jar:?]
	at com.liferay.portal.action.LayoutAction.execute(LayoutAction.java:165) [portal-impl.jar:?]
	at com.liferay.portal.struts.PortalRequestProcessor._process(PortalRequestProcessor.java:375) [portal-impl.jar:?]
	at com.liferay.portal.struts.PortalRequestProcessor.process(PortalRequestProcessor.java:142) [portal-impl.jar:?]
	at com.liferay.portal.internal.servlet.MainServlet.doGet(MainServlet.java:194) [portal-impl.jar:?]
	at javax.servlet.http.HttpServlet.service(HttpServlet.java:529) [servlet-api.jar:4.0.FR]
	at com.liferay.portal.internal.servlet.MainServlet.service(MainServlet.java:582) [portal-impl.jar:?]
	at javax.servlet.http.HttpServlet.service(HttpServlet.java:623) [servlet-api.jar:4.0.FR]
	at com.liferay.shielded.container.internal.proxy.ServletWrapper.service(ServletWrapper.java:103) [com.liferay.shielded.container.impl.jar:?]
	at org.apache.catalina.core.ApplicationFilterChain.internalDoFilter(ApplicationFilterChain.java:199) [catalina.jar:9.0.90]
	at org.apache.catalina.core.ApplicationFilterChain.doFilter(ApplicationFilterChain.java:144) [catalina.jar:9.0.90]
	at org.apache.tomcat.websocket.server.WsFilter.doFilter(WsFilter.java:51) [tomcat-websocket.jar:9.0.90]
	at org.apache.catalina.core.ApplicationFilterChain.internalDoFilter(ApplicationFilterChain.java:168) [catalina.jar:9.0.90]
	at org.apache.catalina.core.ApplicationFilterChain.doFilter(ApplicationFilterChain.java:144) [catalina.jar:9.0.90]
	at com.liferay.portal.kernel.servlet.filters.invoker.InvokerFilterChain.doFilter(InvokerFilterChain.java:117) [portal-kernel.jar:?]
	at com.liferay.portal.kernel.servlet.BaseFilter.processFilter(BaseFilter.java:138) [portal-kernel.jar:?]
	at com.liferay.change.tracking.internal.servlet.filter.CTCollectionPreviewFilter.processFilter(CTCollectionPreviewFilter.java:57) [bundleFile:?]
	at com.liferay.portal.kernel.servlet.BaseFilter.doFilter(BaseFilter.java:40) [portal-kernel.jar:?]
	at com.liferay.portal.kernel.servlet.filters.invoker.InvokerFilterChain.processDoFilter(InvokerFilterChain.java:204) [portal-kernel.jar:?]
	at com.liferay.portal.kernel.servlet.filters.invoker.InvokerFilterChain.doFilter(InvokerFilterChain.java:109) [portal-kernel.jar:?]
	at com.liferay.portal.servlet.filters.password.modified.PasswordModifiedFilter.processFilter(PasswordModifiedFilter.java:47) [portal-impl.jar:?]
	at com.liferay.portal.kernel.servlet.BaseFilter.doFilter(BaseFilter.java:40) [portal-kernel.jar:?]
	at com.liferay.portal.kernel.servlet.filters.invoker.InvokerFilterChain.processDoFilter(InvokerFilterChain.java:204) [portal-kernel.jar:?]
	at com.liferay.portal.kernel.servlet.filters.invoker.InvokerFilterChain.doFilter(InvokerFilterChain.java:109) [portal-kernel.jar:?]
	at com.liferay.portal.servlet.filters.lockout.LockoutFilter.processFilter(LockoutFilter.java:49) [portal-impl.jar:?]
	at com.liferay.portal.kernel.servlet.BaseFilter.doFilter(BaseFilter.java:40) [portal-kernel.jar:?]
	at com.liferay.portal.kernel.servlet.filters.invoker.InvokerFilterChain.processDoFilter(InvokerFilterChain.java:204) [portal-kernel.jar:?]
	at com.liferay.portal.kernel.servlet.filters.invoker.InvokerFilterChain.doFilter(InvokerFilterChain.java:109) [portal-kernel.jar:?]
	at com.liferay.portal.kernel.servlet.BaseFilter.processFilter(BaseFilter.java:138) [portal-kernel.jar:?]
	at com.liferay.portal.servlet.filters.secure.BaseAuthFilter.processFilter(BaseAuthFilter.java:316) [portal-impl.jar:?]
	at com.liferay.portal.kernel.servlet.BaseFilter.doFilter(BaseFilter.java:40) [portal-kernel.jar:?]
	at com.liferay.portal.kernel.servlet.filters.invoker.InvokerFilterChain.processDoFilter(InvokerFilterChain.java:204) [portal-kernel.jar:?]
	at com.liferay.portal.kernel.servlet.filters.invoker.InvokerFilterChain.doFilter(InvokerFilterChain.java:109) [portal-kernel.jar:?]
	at com.liferay.portal.kernel.servlet.BaseFilter.processFilter(BaseFilter.java:138) [portal-kernel.jar:?]
	at com.liferay.portal.monitoring.internal.servlet.filter.MonitoringFilter.processFilter(MonitoringFilter.java:116) [bundleFile:?]
	at com.liferay.portal.kernel.servlet.BaseFilter.doFilter(BaseFilter.java:40) [portal-kernel.jar:?]
	at com.liferay.portal.kernel.servlet.filters.invoker.InvokerFilterChain.processDoFilter(InvokerFilterChain.java:204) [portal-kernel.jar:?]
	at com.liferay.portal.kernel.servlet.filters.invoker.InvokerFilterChain.doFilter(InvokerFilterChain.java:109) [portal-kernel.jar:?]
	at org.tuckey.web.filters.urlrewrite.RuleChain.handleRewrite(RuleChain.java:176) [urlrewritefilter-4.0.4.jar:4.0.4]
	at org.tuckey.web.filters.urlrewrite.RuleChain.doRules(RuleChain.java:145) [urlrewritefilter-4.0.4.jar:4.0.4]
	at org.tuckey.web.filters.urlrewrite.UrlRewriter.processRequest(UrlRewriter.java:92) [urlrewritefilter-4.0.4.jar:4.0.4]
	at org.tuckey.web.filters.urlrewrite.UrlRewriteFilter.doFilter(UrlRewriteFilter.java:389) [urlrewritefilter-4.0.4.jar:4.0.4]
	at com.liferay.portal.url.rewrite.filter.internal.URLRewriteFilter.processFilter(URLRewriteFilter.java:86) [bundleFile:?]
	at com.liferay.portal.kernel.servlet.BaseFilter.doFilter(BaseFilter.java:40) [portal-kernel.jar:?]
	at com.liferay.portal.kernel.servlet.filters.invoker.InvokerFilterChain.processDoFilter(InvokerFilterChain.java:204) [portal-kernel.jar:?]
	at com.liferay.portal.kernel.servlet.filters.invoker.InvokerFilterChain.doFilter(InvokerFilterChain.java:109) [portal-kernel.jar:?]
	at com.liferay.portal.kernel.servlet.filters.invoker.InvokerFilter.doFilter(InvokerFilter.java:109) [portal-kernel.jar:?]
	at com.liferay.shielded.container.internal.proxy.FilterWrapper.doFilter(FilterWrapper.java:69) [com.liferay.shielded.container.impl.jar:?]
	at org.apache.catalina.core.ApplicationFilterChain.internalDoFilter(ApplicationFilterChain.java:168) [catalina.jar:9.0.90]
	at org.apache.catalina.core.ApplicationFilterChain.doFilter(ApplicationFilterChain.java:144) [catalina.jar:9.0.90]
	at org.apache.catalina.core.ApplicationDispatcher.invoke(ApplicationDispatcher.java:641) [catalina.jar:9.0.90]
	at org.apache.catalina.core.ApplicationDispatcher.processRequest(ApplicationDispatcher.java:415) [catalina.jar:9.0.90]
	at org.apache.catalina.core.ApplicationDispatcher.doForward(ApplicationDispatcher.java:347) [catalina.jar:9.0.90]
	at org.apache.catalina.core.ApplicationDispatcher.forward(ApplicationDispatcher.java:284) [catalina.jar:9.0.90]
	at com.liferay.friendly.url.internal.servlet.FriendlyURLServlet.service(FriendlyURLServlet.java:555) [bundleFile:?]
	at javax.servlet.http.HttpServlet.service(HttpServlet.java:623) [servlet-api.jar:4.0.FR]
	at com.liferay.portal.servlet.ServletAdapter.service(ServletAdapter.java:89) [portal-impl.jar:?]
	at javax.servlet.http.HttpServlet.service(HttpServlet.java:623) [servlet-api.jar:4.0.FR]
	at com.liferay.shielded.container.internal.proxy.ServletWrapper.service(ServletWrapper.java:103) [com.liferay.shielded.container.impl.jar:?]
	at org.apache.catalina.core.ApplicationFilterChain.internalDoFilter(ApplicationFilterChain.java:199) [catalina.jar:9.0.90]
	at org.apache.catalina.core.ApplicationFilterChain.doFilter(ApplicationFilterChain.java:144) [catalina.jar:9.0.90]
	at org.apache.tomcat.websocket.server.WsFilter.doFilter(WsFilter.java:51) [tomcat-websocket.jar:9.0.90]
	at org.apache.catalina.core.ApplicationFilterChain.internalDoFilter(ApplicationFilterChain.java:168) [catalina.jar:9.0.90]
	at org.apache.catalina.core.ApplicationFilterChain.doFilter(ApplicationFilterChain.java:144) [catalina.jar:9.0.90]
	at com.liferay.portal.kernel.servlet.filters.invoker.InvokerFilterChain.doFilter(InvokerFilterChain.java:117) [portal-kernel.jar:?]
	at com.liferay.portal.kernel.servlet.BaseFilter.processFilter(BaseFilter.java:138) [portal-kernel.jar:?]
	at com.liferay.change.tracking.internal.servlet.filter.CTCollectionPreviewFilter.processFilter(CTCollectionPreviewFilter.java:57) [bundleFile:?]
	at com.liferay.portal.kernel.servlet.BaseFilter.doFilter(BaseFilter.java:40) [portal-kernel.jar:?]
	at com.liferay.portal.kernel.servlet.filters.invoker.InvokerFilterChain.processDoFilter(InvokerFilterChain.java:204) [portal-kernel.jar:?]
	at com.liferay.portal.kernel.servlet.filters.invoker.InvokerFilterChain.doFilter(InvokerFilterChain.java:109) [portal-kernel.jar:?]
	at com.liferay.portal.kernel.servlet.BaseFilter.processFilter(BaseFilter.java:138) [portal-kernel.jar:?]
	at com.liferay.portal.i18n.filter.internal.I18nFilter.processFilter(I18nFilter.java:371) [bundleFile:?]
	at com.liferay.portal.kernel.servlet.BaseFilter.doFilter(BaseFilter.java:40) [portal-kernel.jar:?]
	at com.liferay.portal.kernel.servlet.filters.invoker.InvokerFilterChain.processDoFilter(InvokerFilterChain.java:204) [portal-kernel.jar:?]
	at com.liferay.portal.kernel.servlet.filters.invoker.InvokerFilterChain.doFilter(InvokerFilterChain.java:109) [portal-kernel.jar:?]
	at com.liferay.portal.servlet.filters.password.modified.PasswordModifiedFilter.processFilter(PasswordModifiedFilter.java:47) [portal-impl.jar:?]
	at com.liferay.portal.kernel.servlet.BaseFilter.doFilter(BaseFilter.java:40) [portal-kernel.jar:?]
	at com.liferay.portal.kernel.servlet.filters.invoker.InvokerFilterChain.processDoFilter(InvokerFilterChain.java:204) [portal-kernel.jar:?]
	at com.liferay.portal.kernel.servlet.filters.invoker.InvokerFilterChain.doFilter(InvokerFilterChain.java:109) [portal-kernel.jar:?]
	at com.liferay.portal.servlet.filters.lockout.LockoutFilter.processFilter(LockoutFilter.java:49) [portal-impl.jar:?]
	at com.liferay.portal.kernel.servlet.BaseFilter.doFilter(BaseFilter.java:40) [portal-kernel.jar:?]
	at com.liferay.portal.kernel.servlet.filters.invoker.InvokerFilterChain.processDoFilter(InvokerFilterChain.java:204) [portal-kernel.jar:?]
	at com.liferay.portal.kernel.servlet.filters.invoker.InvokerFilterChain.doFilter(InvokerFilterChain.java:109) [portal-kernel.jar:?]
	at com.liferay.portal.kernel.servlet.BaseFilter.processFilter(BaseFilter.java:138) [portal-kernel.jar:?]
	at com.liferay.portal.servlet.filters.secure.BaseAuthFilter.processFilter(BaseAuthFilter.java:316) [portal-impl.jar:?]
	at com.liferay.portal.kernel.servlet.BaseFilter.doFilter(BaseFilter.java:40) [portal-kernel.jar:?]
	at com.liferay.portal.kernel.servlet.filters.invoker.InvokerFilterChain.processDoFilter(InvokerFilterChain.java:204) [portal-kernel.jar:?]
	at com.liferay.portal.kernel.servlet.filters.invoker.InvokerFilterChain.doFilter(InvokerFilterChain.java:109) [portal-kernel.jar:?]
	at com.liferay.portal.kernel.servlet.BaseFilter.processFilter(BaseFilter.java:138) [portal-kernel.jar:?]
	at com.liferay.portal.servlet.filters.etag.ETagFilter.processFilter(ETagFilter.java:78) [portal-impl.jar:?]
	at com.liferay.portal.kernel.servlet.BaseFilter.doFilter(BaseFilter.java:40) [portal-kernel.jar:?]
	at com.liferay.portal.kernel.servlet.filters.invoker.InvokerFilterChain.processDoFilter(InvokerFilterChain.java:204) [portal-kernel.jar:?]
	at com.liferay.portal.kernel.servlet.filters.invoker.InvokerFilterChain.doFilter(InvokerFilterChain.java:109) [portal-kernel.jar:?]
	at com.liferay.portal.kernel.servlet.BaseFilter.processFilter(BaseFilter.java:138) [portal-kernel.jar:?]
	at com.liferay.portal.servlet.filters.autologin.AutoLoginFilter.processFilter(AutoLoginFilter.java:253) [portal-impl.jar:?]
	at com.liferay.portal.kernel.servlet.BaseFilter.doFilter(BaseFilter.java:40) [portal-kernel.jar:?]
	at com.liferay.portal.kernel.servlet.filters.invoker.InvokerFilterChain.processDoFilter(InvokerFilterChain.java:204) [portal-kernel.jar:?]
	at com.liferay.portal.kernel.servlet.filters.invoker.InvokerFilterChain.doFilter(InvokerFilterChain.java:109) [portal-kernel.jar:?]
	at com.liferay.portal.kernel.servlet.BaseFilter.processFilter(BaseFilter.java:138) [portal-kernel.jar:?]
	at com.liferay.portal.servlet.filters.virtualhost.VirtualHostFilter.processFilter(VirtualHostFilter.java:243) [portal-impl.jar:?]
	at com.liferay.portal.kernel.servlet.BaseFilter.doFilter(BaseFilter.java:40) [portal-kernel.jar:?]
	at com.liferay.portal.kernel.servlet.filters.invoker.InvokerFilterChain.processDoFilter(InvokerFilterChain.java:204) [portal-kernel.jar:?]
	at com.liferay.portal.kernel.servlet.filters.invoker.InvokerFilterChain.doFilter(InvokerFilterChain.java:109) [portal-kernel.jar:?]
	at com.liferay.portal.kernel.servlet.BaseFilter.processFilter(BaseFilter.java:138) [portal-kernel.jar:?]
	at com.liferay.portal.monitoring.internal.servlet.filter.MonitoringFilter.processFilter(MonitoringFilter.java:116) [bundleFile:?]
	at com.liferay.portal.kernel.servlet.BaseFilter.doFilter(BaseFilter.java:40) [portal-kernel.jar:?]
	at com.liferay.portal.kernel.servlet.filters.invoker.InvokerFilterChain.processDoFilter(InvokerFilterChain.java:204) [portal-kernel.jar:?]
	at com.liferay.portal.kernel.servlet.filters.invoker.InvokerFilterChain.doFilter(InvokerFilterChain.java:109) [portal-kernel.jar:?]
	at com.liferay.portal.kernel.servlet.filters.invoker.InvokerFilterChain.processDirectCallFilter(InvokerFilterChain.java:189) [portal-kernel.jar:?]
	at com.liferay.portal.kernel.servlet.filters.invoker.InvokerFilterChain.doFilter(InvokerFilterChain.java:92) [portal-kernel.jar:?]
	at com.liferay.portal.kernel.servlet.filters.invoker.InvokerFilterChain.processDirectCallFilter(InvokerFilterChain.java:189) [portal-kernel.jar:?]
	at com.liferay.portal.kernel.servlet.filters.invoker.InvokerFilterChain.doFilter(InvokerFilterChain.java:92) [portal-kernel.jar:?]
	at org.tuckey.web.filters.urlrewrite.RuleChain.handleRewrite(RuleChain.java:176) [urlrewritefilter-4.0.4.jar:4.0.4]
	at org.tuckey.web.filters.urlrewrite.RuleChain.doRules(RuleChain.java:145) [urlrewritefilter-4.0.4.jar:4.0.4]
	at org.tuckey.web.filters.urlrewrite.UrlRewriter.processRequest(UrlRewriter.java:92) [urlrewritefilter-4.0.4.jar:4.0.4]
	at org.tuckey.web.filters.urlrewrite.UrlRewriteFilter.doFilter(UrlRewriteFilter.java:389) [urlrewritefilter-4.0.4.jar:4.0.4]
	at com.liferay.portal.url.rewrite.filter.internal.URLRewriteFilter.processFilter(URLRewriteFilter.java:86) [bundleFile:?]
	at com.liferay.portal.kernel.servlet.BaseFilter.doFilter(BaseFilter.java:40) [portal-kernel.jar:?]
	at com.liferay.portal.kernel.servlet.filters.invoker.InvokerFilterChain.processDoFilter(InvokerFilterChain.java:204) [portal-kernel.jar:?]
	at com.liferay.portal.kernel.servlet.filters.invoker.InvokerFilterChain.doFilter(InvokerFilterChain.java:109) [portal-kernel.jar:?]
	at com.liferay.portal.kernel.servlet.filters.invoker.InvokerFilterChain.processDirectCallFilter(InvokerFilterChain.java:168) [portal-kernel.jar:?]
	at com.liferay.portal.kernel.servlet.filters.invoker.InvokerFilterChain.doFilter(InvokerFilterChain.java:92) [portal-kernel.jar:?]
	at com.liferay.portal.kernel.servlet.filters.invoker.InvokerFilterChain.processDirectCallFilter(InvokerFilterChain.java:168) [portal-kernel.jar:?]
	at com.liferay.portal.kernel.servlet.filters.invoker.InvokerFilterChain.doFilter(InvokerFilterChain.java:92) [portal-kernel.jar:?]
	at com.liferay.portal.kernel.servlet.filters.invoker.InvokerFilterChain.processDirectCallFilter(InvokerFilterChain.java:189) [portal-kernel.jar:?]
	at com.liferay.portal.kernel.servlet.filters.invoker.InvokerFilterChain.doFilter(InvokerFilterChain.java:92) [portal-kernel.jar:?]
	at com.liferay.portal.kernel.servlet.filters.invoker.InvokerFilter.doFilter(InvokerFilter.java:109) [portal-kernel.jar:?]
	at com.liferay.shielded.container.internal.proxy.FilterWrapper.doFilter(FilterWrapper.java:69) [com.liferay.shielded.container.impl.jar:?]
	at org.apache.catalina.core.ApplicationFilterChain.internalDoFilter(ApplicationFilterChain.java:168) [catalina.jar:9.0.90]
	at org.apache.catalina.core.ApplicationFilterChain.doFilter(ApplicationFilterChain.java:144) [catalina.jar:9.0.90]
	at org.apache.catalina.core.StandardWrapperValve.invoke(StandardWrapperValve.java:168) [catalina.jar:9.0.90]
	at org.apache.catalina.core.StandardContextValve.invoke(StandardContextValve.java:90) [catalina.jar:9.0.90]
	at org.apache.catalina.authenticator.AuthenticatorBase.invoke(AuthenticatorBase.java:481) [catalina.jar:9.0.90]
	at org.apache.catalina.core.StandardHostValve.invoke(StandardHostValve.java:130) [catalina.jar:9.0.90]
	at org.apache.catalina.valves.ErrorReportValve.invoke(ErrorReportValve.java:93) [catalina.jar:9.0.90]
	at org.apache.catalina.core.StandardEngineValve.invoke(StandardEngineValve.java:74) [catalina.jar:9.0.90]
	at org.apache.catalina.connector.CoyoteAdapter.service(CoyoteAdapter.java:346) [catalina.jar:9.0.90]
	at org.apache.coyote.http11.Http11Processor.service(Http11Processor.java:388) [tomcat-coyote.jar:9.0.90]
	at org.apache.coyote.AbstractProcessorLight.process(AbstractProcessorLight.java:63) [tomcat-coyote.jar:9.0.90]
	at org.apache.coyote.AbstractProtocol$ConnectionHandler.process(AbstractProtocol.java:936) [tomcat-coyote.jar:9.0.90]
	at org.apache.tomcat.util.net.NioEndpoint$SocketProcessor.doRun(NioEndpoint.java:1791) [tomcat-coyote.jar:9.0.90]
	at org.apache.tomcat.util.net.SocketProcessorBase.run(SocketProcessorBase.java:52) [tomcat-coyote.jar:9.0.90]
	at org.apache.tomcat.util.threads.ThreadPoolExecutor.runWorker(ThreadPoolExecutor.java:1190) [tomcat-util.jar:9.0.90]
	at org.apache.tomcat.util.threads.ThreadPoolExecutor$Worker.run(ThreadPoolExecutor.java:659) [tomcat-util.jar:9.0.90]
	at org.apache.tomcat.util.threads.TaskThread$WrappingRunnable.run(TaskThread.java:63) [tomcat-util.jar:9.0.90]
	at java.lang.Thread.run(Thread.java:750) [?:1.8.0_321]
Caused by: org.apache.jasper.JasperException: java.lang.NullPointerException
	at org.apache.jasper.servlet.JspServletWrapper.service(JspServletWrapper.java:440) ~[jasper.jar:9.0.90]
	at org.apache.jasper.servlet.JspServlet.serviceJspFile(JspServlet.java:473) ~[jasper.jar:9.0.90]
	at org.apache.jasper.servlet.JspServlet.service(JspServlet.java:377) ~[jasper.jar:9.0.90]
	at javax.servlet.http.HttpServlet.service(HttpServlet.java:623) ~[servlet-api.jar:4.0.FR]
	at com.liferay.portal.osgi.web.servlet.jsp.compiler.internal.JspServlet.service(JspServlet.java:310) ~[?:?]
	at com.liferay.portal.osgi.web.servlet.jsp.compiler.internal.JspServlet.service(JspServlet.java:319) ~[?:?]
	at org.eclipse.equinox.http.servlet.internal.registration.EndpointRegistration.service(EndpointRegistration.java:147) ~[?:?]
	at org.eclipse.equinox.http.servlet.internal.servlet.ResponseStateHandler.processRequest(ResponseStateHandler.java:63) ~[?:?]
	at org.eclipse.equinox.http.servlet.internal.context.DispatchTargets.doDispatch(DispatchTargets.java:120) ~[?:?]
	at org.eclipse.equinox.http.servlet.internal.servlet.RequestDispatcherAdaptor.include(RequestDispatcherAdaptor.java:48) ~[?:?]
	at com.liferay.portlet.internal.PortletRequestDispatcherImpl.dispatch(PortletRequestDispatcherImpl.java:282) ~[portal-impl.jar:?]
	... 242 more
Caused by: java.lang.NullPointerException
	at org.apache.jsp.admin.edit_005fapplication_jsp._jspService(edit_005fapplication_jsp.java:241) ~[?:?]
	at org.apache.jasper.runtime.HttpJspBase.service(HttpJspBase.java:111) ~[jasper.jar:9.0.90]
	at javax.servlet.http.HttpServlet.service(HttpServlet.java:623) ~[servlet-api.jar:4.0.FR]
	at org.apache.jasper.servlet.JspServletWrapper.service(JspServletWrapper.java:411) ~[jasper.jar:9.0.90]
	at org.apache.jasper.servlet.JspServlet.serviceJspFile(JspServlet.java:473) ~[jasper.jar:9.0.90]
	at org.apache.jasper.servlet.JspServlet.service(JspServlet.java:377) ~[jasper.jar:9.0.90]
	at javax.servlet.http.HttpServlet.service(HttpServlet.java:623) ~[servlet-api.jar:4.0.FR]
	at com.liferay.portal.osgi.web.servlet.jsp.compiler.internal.JspServlet.service(JspServlet.java:310) ~[?:?]
	at com.liferay.portal.osgi.web.servlet.jsp.compiler.internal.JspServlet.service(JspServlet.java:319) ~[?:?]
	at org.eclipse.equinox.http.servlet.internal.registration.EndpointRegistration.service(EndpointRegistration.java:147) ~[?:?]
	at org.eclipse.equinox.http.servlet.internal.servlet.ResponseStateHandler.processRequest(ResponseStateHandler.java:63) ~[?:?]
	at org.eclipse.equinox.http.servlet.internal.context.DispatchTargets.doDispatch(DispatchTargets.java:120) ~[?:?]
	at org.eclipse.equinox.http.servlet.internal.servlet.RequestDispatcherAdaptor.include(RequestDispatcherAdaptor.java:48) ~[?:?]
	at com.liferay.portlet.internal.PortletRequestDispatcherImpl.dispatch(PortletRequestDispatcherImpl.java:282) ~[portal-impl.jar:?]
	... 242 more
2024-10-19 18:51:34.306 ERROR [http-nio-8080-exec-7][render_portlet_jsp:122] null
java.lang.NullPointerException: null
	at org.apache.jsp.admin.edit_005fapplication_jsp._jspService(edit_005fapplication_jsp.java:241) ~[?:?]
	at org.apache.jasper.runtime.HttpJspBase.service(HttpJspBase.java:111) ~[jasper.jar:9.0.90]
	at javax.servlet.http.HttpServlet.service(HttpServlet.java:623) ~[servlet-api.jar:4.0.FR]
	at org.apache.jasper.servlet.JspServletWrapper.service(JspServletWrapper.java:411) ~[jasper.jar:9.0.90]
	at org.apache.jasper.servlet.JspServlet.serviceJspFile(JspServlet.java:473) ~[jasper.jar:9.0.90]
	at org.apache.jasper.servlet.JspServlet.service(JspServlet.java:377) ~[jasper.jar:9.0.90]
	at javax.servlet.http.HttpServlet.service(HttpServlet.java:623) ~[servlet-api.jar:4.0.FR]
	at com.liferay.portal.osgi.web.servlet.jsp.compiler.internal.JspServlet.service(JspServlet.java:310) ~[?:?]
	at com.liferay.portal.osgi.web.servlet.jsp.compiler.internal.JspServlet.service(JspServlet.java:319) ~[?:?]
	at org.eclipse.equinox.http.servlet.internal.registration.EndpointRegistration.service(EndpointRegistration.java:147) ~[?:?]
	at org.eclipse.equinox.http.servlet.internal.servlet.ResponseStateHandler.processRequest(ResponseStateHandler.java:63) ~[?:?]
	at org.eclipse.equinox.http.servlet.internal.context.DispatchTargets.doDispatch(DispatchTargets.java:120) ~[?:?]
	at org.eclipse.equinox.http.servlet.internal.servlet.RequestDispatcherAdaptor.include(RequestDispatcherAdaptor.java:48) ~[?:?]
	at com.liferay.portlet.internal.PortletRequestDispatcherImpl.dispatch(PortletRequestDispatcherImpl.java:282) ~[portal-impl.jar:?]
	at com.liferay.portlet.internal.PortletRequestDispatcherImpl.include(PortletRequestDispatcherImpl.java:114) ~[portal-impl.jar:?]
	at com.liferay.portal.kernel.portlet.bridges.mvc.MVCPortlet.include(MVCPortlet.java:611) ~[portal-kernel.jar:?]
	at com.liferay.portal.kernel.portlet.bridges.mvc.MVCPortlet.include(MVCPortlet.java:627) ~[portal-kernel.jar:?]
	at com.liferay.portal.kernel.portlet.bridges.mvc.MVCPortlet.doDispatch(MVCPortlet.java:497) ~[portal-kernel.jar:?]
	at javax.portlet.GenericPortlet.render(GenericPortlet.java:291) ~[portlet.jar:3.0.1]
	at com.liferay.portal.kernel.portlet.bridges.mvc.MVCPortlet.render(MVCPortlet.java:300) ~[portal-kernel.jar:?]
2024-10-19 19:11:20.650 INFO  [CM Event Dispatcher (Fire ConfigurationEvent: pid=com.liferay.oauth2.provider.configuration.OAuth2ProviderApplicationHeadlessServerConfiguration~liferay-bot-etc-node-oauth-application-headless-server)][OAuth2ProviderApplicationHeadlessServerConfigurationFactory:193] OAuth 2 application with external reference code liferay-bot-etc-node-oauth-application-headless-server and company ID 14401142882666 has client ID id-2235b03b-c4e4-ea6c-53c4-c436a62f53d
2024-10-19 19:11:28.142 INFO  [CM Event Dispatcher (Fire ConfigurationEvent: pid=com.liferay.oauth2.provider.configuration.OAuth2ProviderApplicationHeadlessServerConfiguration~liferay-bot-etc-node-oauth-application-headless-server)][OAuth2ProviderApplicationHeadlessServerConfigurationFactory:193] OAuth 2 application with external reference code liferay-bot-etc-node-oauth-application-headless-server and company ID 14401142882666 has client ID id-2235b03b-c4e4-ea6c-53c4-c436a62f53d
2024-10-19 19:11:28.227 INFO  [CM Event Dispatcher (Fire ConfigurationEvent: pid=com.liferay.oauth2.provider.configuration.OAuth2ProviderApplicationUserAgentConfiguration~liferay-bot-etc-node-oauth-application-user-agent)][OAuth2ProviderApplicationUserAgentConfigurationFactory:170] OAuth 2 application with external reference code liferay-bot-etc-node-oauth-application-user-agent and company ID 14401142882666 has client ID id-f25ae065-4e3f-18db-7761-ddd634e2944e
2024-10-19 19:51:28.580 ERROR [http-nio-8080-exec-8][PortletRequestDispatcherImpl:295] Unable to dispatch request: java.lang.NullPointerException
2024-10-19 19:51:28.589 ERROR [http-nio-8080-exec-8][PortletServlet:109] Unable to process portlet com_liferay_client_extension_web_internal_portlet_ClientExtensionAdminPortlet: org.apache.jasper.JasperException: java.lang.NullPointerException
javax.portlet.PortletException: org.apache.jasper.JasperException: java.lang.NullPointerException
	at com.liferay.portlet.internal.PortletRequestDispatcherImpl.dispatch(PortletRequestDispatcherImpl.java:298) ~[portal-impl.jar:?]
	at com.liferay.portlet.internal.PortletRequestDispatcherImpl.include(PortletRequestDispatcherImpl.java:114) ~[portal-impl.jar:?]
	at com.liferay.portal.kernel.portlet.bridges.mvc.MVCPortlet.include(MVCPortlet.java:611) ~[portal-kernel.jar:?]
	at com.liferay.portal.kernel.portlet.bridges.mvc.MVCPortlet.include(MVCPortlet.java:627) ~[portal-kernel.jar:?]
	at com.liferay.portal.kernel.portlet.bridges.mvc.MVCPortlet.doDispatch(MVCPortlet.java:497) ~[portal-kernel.jar:?]
	at javax.portlet.GenericPortlet.render(GenericPortlet.java:291) ~[portlet.jar:3.0.1]
	at com.liferay.portal.kernel.portlet.bridges.mvc.MVCPortlet.render(MVCPortlet.java:300) ~[portal-kernel.jar:?]
	at com.liferay.portlet.internal.FilterChainImpl.doFilter(FilterChainImpl.java:118) ~[portal-impl.jar:?]
	at com.liferay.portlet.ScriptDataPortletFilter.doFilter(ScriptDataPortletFilter.java:49) ~[portal-impl.jar:?]
	at com.liferay.portlet.internal.FilterChainImpl.doFilter(FilterChainImpl.java:115) ~[portal-impl.jar:?]
	at com.liferay.portal.kernel.portlet.PortletFilterUtil.doFilter(PortletFilterUtil.java:62) ~[portal-kernel.jar:?]
	at com.liferay.portal.kernel.servlet.PortletServlet.service(PortletServlet.java:105) ~[portal-kernel.jar:?]
	at javax.servlet.http.HttpServlet.service(HttpServlet.java:623) ~[servlet-api.jar:4.0.FR]
	at org.eclipse.equinox.http.servlet.internal.registration.EndpointRegistration.service(EndpointRegistration.java:147) ~[?:?]
	at org.eclipse.equinox.http.servlet.internal.servlet.ResponseStateHandler.processRequest(ResponseStateHandler.java:63) ~[?:?]
	at org.eclipse.equinox.http.servlet.internal.context.DispatchTargets.doDispatch(DispatchTargets.java:120) ~[?:?]
	at org.eclipse.equinox.http.servlet.internal.servlet.RequestDispatcherAdaptor.include(RequestDispatcherAdaptor.java:48) ~[?:?]
	at com.liferay.portlet.internal.InvokerPortletImpl.invoke(InvokerPortletImpl.java:562) ~[portal-impl.jar:?]
	at com.liferay.portlet.internal.InvokerPortletImpl.invokeRender(InvokerPortletImpl.java:652) ~[portal-impl.jar:?]
	at com.liferay.portlet.internal.InvokerPortletImpl.render(InvokerPortletImpl.java:338) ~[portal-impl.jar:?]
	at com.liferay.portal.monitoring.internal.portlet.MonitoringInvokerPortlet.lambda$render$0(MonitoringInvokerPortlet.java:250) ~[?:?]
	at com.liferay.portal.monitoring.internal.portlet.MonitoringInvokerPortlet._render(MonitoringInvokerPortlet.java:353) ~[?:?]
	at com.liferay.portal.monitoring.internal.portlet.MonitoringInvokerPortlet.render(MonitoringInvokerPortlet.java:248) ~[?:?]
	at org.apache.jsp.html.portal.render_005fportlet_jsp._jspService(render_005fportlet_jsp.java:1395) ~[?:?]
	at org.apache.jasper.runtime.HttpJspBase.service(HttpJspBase.java:67) ~[jasper.jar:9.0.90]
	at javax.servlet.http.HttpServlet.service(HttpServlet.java:623) ~[servlet-api.jar:4.0.FR]
	at com.liferay.portal.kernel.servlet.DirectRequestDispatcher.include(DirectRequestDispatcher.java:53) ~[portal-kernel.jar:?]
	at com.liferay.portal.kernel.servlet.DirectRequestDispatcherFactoryUtil$IndirectRequestDispatcher.include(DirectRequestDispatcherFactoryUtil.java:169) ~[portal-kernel.jar:?]
	at com.liferay.portal.kernel.servlet.TransferHeadersHelperUtil$TransferHeadersRequestDispatcher.include(TransferHeadersHelperUtil.java:152) ~[portal-kernel.jar:?]
	at com.liferay.portlet.internal.PortletContainerImpl._render(PortletContainerImpl.java:886) ~[portal-impl.jar:?]
	at com.liferay.portlet.internal.PortletContainerImpl.lambda$render$2(PortletContainerImpl.java:214) ~[portal-impl.jar:?]
	at com.liferay.portlet.internal.PortletContainerImpl._preserveGroupIds(PortletContainerImpl.java:402) ~[portal-impl.jar:?]
	at com.liferay.portlet.internal.PortletContainerImpl.render(PortletContainerImpl.java:202) ~[portal-impl.jar:?]
	at com.liferay.portlet.SecurityPortletContainerWrapper.render(SecurityPortletContainerWrapper.java:125) ~[portal-impl.jar:?]
	at com.liferay.portlet.RestrictPortletContainerWrapper.lambda$render$0(RestrictPortletContainerWrapper.java:115) ~[portal-impl.jar:?]
	at com.liferay.portlet.RestrictPortletContainerWrapper._render(RestrictPortletContainerWrapper.java:176) ~[portal-impl.jar:?]
	at com.liferay.portlet.RestrictPortletContainerWrapper.render(RestrictPortletContainerWrapper.java:113) ~[portal-impl.jar:?]
	at com.liferay.portal.kernel.portlet.PortletContainerUtil.render(PortletContainerUtil.java:205) ~[portal-kernel.jar:?]
	at com.liferay.portal.layoutconfiguration.util.velocity.TemplateProcessor.processMax(TemplateProcessor.java:134) ~[portal-impl.jar:?]
	at sun.reflect.NativeMethodAccessorImpl.invoke0(Native Method) ~[?:1.8.0_321]
	at sun.reflect.NativeMethodAccessorImpl.invoke(NativeMethodAccessorImpl.java:62) ~[?:1.8.0_321]
	at sun.reflect.DelegatingMethodAccessorImpl.invoke(DelegatingMethodAccessorImpl.java:43) ~[?:1.8.0_321]
	at java.lang.reflect.Method.invoke(Method.java:498) ~[?:1.8.0_321]
	at freemarker.ext.beans.BeansWrapper.invokeMethod(BeansWrapper.java:1553) ~[bundleFile:?]
	at freemarker.ext.beans.SimpleMethodModel.exec(SimpleMethodModel.java:73) ~[bundleFile:?]
	at freemarker.core.MethodCall._eval(MethodCall.java:62) ~[bundleFile:?]
	at freemarker.core.Expression.eval(Expression.java:101) ~[bundleFile:?]
	at freemarker.core.DollarVariable.calculateInterpolatedStringOrMarkup(DollarVariable.java:104) ~[bundleFile:?]
	at freemarker.core.DollarVariable.accept(DollarVariable.java:63) ~[bundleFile:?]
	at freemarker.core.Environment.visit(Environment.java:335) ~[bundleFile:?]
	at freemarker.core.Environment.visit(Environment.java:341) ~[bundleFile:?]
	at freemarker.core.Environment.process(Environment.java:314) ~[bundleFile:?]
	at freemarker.template.Template.process(Template.java:383) ~[bundleFile:?]
	at com.liferay.portal.template.freemarker.internal.FreeMarkerTemplate.lambda$processTemplate$0(FreeMarkerTemplate.java:149) ~[bundleFile:?]
	at com.liferay.portal.template.freemarker.internal.FreeMarkerManager.render(FreeMarkerManager.java:355) [bundleFile:?]
	at com.liferay.portal.template.freemarker.internal.FreeMarkerTemplate.processTemplate(FreeMarkerTemplate.java:136) [bundleFile:?]
	at com.liferay.portal.template.engine.BaseTemplate.processTemplate(BaseTemplate.java:117) [bundleFile:?]
	at com.liferay.portal.layoutconfiguration.util.RuntimePageUtil.doProcessTemplate(RuntimePageUtil.java:170) [portal-impl.jar:?]
	at com.liferay.portal.layoutconfiguration.util.RuntimePageUtil.doDispatch(RuntimePageUtil.java:135) [portal-impl.jar:?]
	at com.liferay.portal.layoutconfiguration.util.RuntimePageUtil.getProcessedTemplate(RuntimePageUtil.java:63) [portal-impl.jar:?]
	at com.liferay.application.list.taglib.display.context.logic.PanelAppContentHelper.writeContent(PanelAppContentHelper.java:76) [bundleFile:?]
	at org.apache.jsp.application_005fcontent.page_jsp._jspService(page_jsp.java:144) [?:?]
	at org.apache.jasper.runtime.HttpJspBase.service(HttpJspBase.java:111) [javax.servlet.jsp-2.3.3-b02.LIFERAY-PATCHED-9.jar:9.0.90]
	at javax.servlet.http.HttpServlet.service(HttpServlet.java:623) [servlet-api.jar:4.0.FR]
	at org.apache.jasper.servlet.JspServletWrapper.service(JspServletWrapper.java:411) [javax.servlet.jsp-2.3.3-b02.LIFERAY-PATCHED-9.jar:9.0.90]
	at org.apache.jasper.servlet.JspServlet.serviceJspFile(JspServlet.java:473) [javax.servlet.jsp-2.3.3-b02.LIFERAY-PATCHED-9.jar:9.0.90]
	at org.apache.jasper.servlet.JspServlet.service(JspServlet.java:377) [javax.servlet.jsp-2.3.3-b02.LIFERAY-PATCHED-9.jar:9.0.90]
	at javax.servlet.http.HttpServlet.service(HttpServlet.java:623) [servlet-api.jar:4.0.FR]
	at com.liferay.portal.osgi.web.servlet.jsp.compiler.internal.JspServlet.service(JspServlet.java:310) [bundleFile:?]
	at com.liferay.portal.osgi.web.servlet.jsp.compiler.internal.JspServlet.service(JspServlet.java:319) [bundleFile:?]
	at org.eclipse.equinox.http.servlet.internal.registration.EndpointRegistration.service(EndpointRegistration.java:147) [org.eclipse.equinox.http.servlet-1.2.2.v20211118-0920.LIFERAY-PATCHED-4.jar:?]
	at org.eclipse.equinox.http.servlet.internal.servlet.ResponseStateHandler.processRequest(ResponseStateHandler.java:63) [org.eclipse.equinox.http.servlet-1.2.2.v20211118-0920.LIFERAY-PATCHED-4.jar:?]
	at org.eclipse.equinox.http.servlet.internal.context.DispatchTargets.doDispatch(DispatchTargets.java:120) [org.eclipse.equinox.http.servlet-1.2.2.v20211118-0920.LIFERAY-PATCHED-4.jar:?]
	at org.eclipse.equinox.http.servlet.internal.servlet.RequestDispatcherAdaptor.include(RequestDispatcherAdaptor.java:48) [org.eclipse.equinox.http.servlet-1.2.2.v20211118-0920.LIFERAY-PATCHED-4.jar:?]
	at com.liferay.portal.kernel.servlet.DirectServletPathRegisterDispatcher.include(DirectServletPathRegisterDispatcher.java:57) [portal-kernel.jar:?]
	at com.liferay.portal.kernel.servlet.DirectRequestDispatcherFactoryUtil$IndirectRequestDispatcher.include(DirectRequestDispatcherFactoryUtil.java:169) [portal-kernel.jar:?]
	at com.liferay.taglib.util.IncludeTag.includePage(IncludeTag.java:400) [bundleFile:?]
	at com.liferay.taglib.util.IncludeTag.include(IncludeTag.java:375) [bundleFile:?]
	at com.liferay.taglib.util.IncludeTag.doInclude(IncludeTag.java:208) [bundleFile:?]
	at com.liferay.taglib.util.IncludeTag.doEndTag(IncludeTag.java:79) [bundleFile:?]
	at org.apache.jsp.layout.view.control_005fpanel_jsp._jspService(control_005fpanel_jsp.java:109) [?:?]
	at org.apache.jasper.runtime.HttpJspBase.service(HttpJspBase.java:111) [javax.servlet.jsp-2.3.3-b02.LIFERAY-PATCHED-9.jar:9.0.90]
	at javax.servlet.http.HttpServlet.service(HttpServlet.java:623) [servlet-api.jar:4.0.FR]
	at org.apache.jasper.servlet.JspServletWrapper.service(JspServletWrapper.java:411) [javax.servlet.jsp-2.3.3-b02.LIFERAY-PATCHED-9.jar:9.0.90]
	at org.apache.jasper.servlet.JspServlet.serviceJspFile(JspServlet.java:473) [javax.servlet.jsp-2.3.3-b02.LIFERAY-PATCHED-9.jar:9.0.90]
	at org.apache.jasper.servlet.JspServlet.service(JspServlet.java:377) [javax.servlet.jsp-2.3.3-b02.LIFERAY-PATCHED-9.jar:9.0.90]
	at javax.servlet.http.HttpServlet.service(HttpServlet.java:623) [servlet-api.jar:4.0.FR]
	at com.liferay.portal.osgi.web.servlet.jsp.compiler.internal.JspServlet.service(JspServlet.java:310) [bundleFile:?]
	at com.liferay.portal.osgi.web.servlet.jsp.compiler.internal.JspServlet.service(JspServlet.java:319) [bundleFile:?]
	at org.eclipse.equinox.http.servlet.internal.registration.EndpointRegistration.service(EndpointRegistration.java:147) [org.eclipse.equinox.http.servlet-1.2.2.v20211118-0920.LIFERAY-PATCHED-4.jar:?]
	at org.eclipse.equinox.http.servlet.internal.servlet.ResponseStateHandler.processRequest(ResponseStateHandler.java:63) [org.eclipse.equinox.http.servlet-1.2.2.v20211118-0920.LIFERAY-PATCHED-4.jar:?]
	at org.eclipse.equinox.http.servlet.internal.context.DispatchTargets.doDispatch(DispatchTargets.java:120) [org.eclipse.equinox.http.servlet-1.2.2.v20211118-0920.LIFERAY-PATCHED-4.jar:?]
	at org.eclipse.equinox.http.servlet.internal.servlet.RequestDispatcherAdaptor.include(RequestDispatcherAdaptor.java:48) [org.eclipse.equinox.http.servlet-1.2.2.v20211118-0920.LIFERAY-PATCHED-4.jar:?]
	at com.liferay.portal.kernel.servlet.TransferHeadersHelperUtil$TransferHeadersRequestDispatcher.include(TransferHeadersHelperUtil.java:152) [portal-kernel.jar:?]
	at com.liferay.layout.type.controller.BaseLayoutTypeControllerImpl.includeLayoutContent(BaseLayoutTypeControllerImpl.java:102) [bundleFile:?]
	at com.liferay.portal.model.impl.LayoutImpl.includeLayoutContent(LayoutImpl.java:1063) [portal-impl.jar:?]
	at com.liferay.portal.action.LayoutAction.processLayout(LayoutAction.java:427) [portal-impl.jar:?]
	at com.liferay.portal.action.LayoutAction.execute(LayoutAction.java:165) [portal-impl.jar:?]
	at com.liferay.portal.struts.PortalRequestProcessor._process(PortalRequestProcessor.java:375) [portal-impl.jar:?]
	at com.liferay.portal.struts.PortalRequestProcessor.process(PortalRequestProcessor.java:142) [portal-impl.jar:?]
	at com.liferay.portal.internal.servlet.MainServlet.doGet(MainServlet.java:194) [portal-impl.jar:?]
	at javax.servlet.http.HttpServlet.service(HttpServlet.java:529) [servlet-api.jar:4.0.FR]
	at com.liferay.portal.internal.servlet.MainServlet.service(MainServlet.java:582) [portal-impl.jar:?]
	at javax.servlet.http.HttpServlet.service(HttpServlet.java:623) [servlet-api.jar:4.0.FR]
	at com.liferay.shielded.container.internal.proxy.ServletWrapper.service(ServletWrapper.java:103) [com.liferay.shielded.container.impl.jar:?]
	at org.apache.catalina.core.ApplicationFilterChain.internalDoFilter(ApplicationFilterChain.java:199) [catalina.jar:9.0.90]
	at org.apache.catalina.core.ApplicationFilterChain.doFilter(ApplicationFilterChain.java:144) [catalina.jar:9.0.90]
	at org.apache.tomcat.websocket.server.WsFilter.doFilter(WsFilter.java:51) [tomcat-websocket.jar:9.0.90]
	at org.apache.catalina.core.ApplicationFilterChain.internalDoFilter(ApplicationFilterChain.java:168) [catalina.jar:9.0.90]
	at org.apache.catalina.core.ApplicationFilterChain.doFilter(ApplicationFilterChain.java:144) [catalina.jar:9.0.90]
	at com.liferay.portal.kernel.servlet.filters.invoker.InvokerFilterChain.doFilter(InvokerFilterChain.java:117) [portal-kernel.jar:?]
	at com.liferay.portal.kernel.servlet.BaseFilter.processFilter(BaseFilter.java:138) [portal-kernel.jar:?]
	at com.liferay.change.tracking.internal.servlet.filter.CTCollectionPreviewFilter.processFilter(CTCollectionPreviewFilter.java:57) [bundleFile:?]
	at com.liferay.portal.kernel.servlet.BaseFilter.doFilter(BaseFilter.java:40) [portal-kernel.jar:?]
	at com.liferay.portal.kernel.servlet.filters.invoker.InvokerFilterChain.processDoFilter(InvokerFilterChain.java:204) [portal-kernel.jar:?]
	at com.liferay.portal.kernel.servlet.filters.invoker.InvokerFilterChain.doFilter(InvokerFilterChain.java:109) [portal-kernel.jar:?]
	at com.liferay.portal.servlet.filters.password.modified.PasswordModifiedFilter.processFilter(PasswordModifiedFilter.java:47) [portal-impl.jar:?]
	at com.liferay.portal.kernel.servlet.BaseFilter.doFilter(BaseFilter.java:40) [portal-kernel.jar:?]
	at com.liferay.portal.kernel.servlet.filters.invoker.InvokerFilterChain.processDoFilter(InvokerFilterChain.java:204) [portal-kernel.jar:?]
	at com.liferay.portal.kernel.servlet.filters.invoker.InvokerFilterChain.doFilter(InvokerFilterChain.java:109) [portal-kernel.jar:?]
	at com.liferay.portal.servlet.filters.lockout.LockoutFilter.processFilter(LockoutFilter.java:49) [portal-impl.jar:?]
	at com.liferay.portal.kernel.servlet.BaseFilter.doFilter(BaseFilter.java:40) [portal-kernel.jar:?]
	at com.liferay.portal.kernel.servlet.filters.invoker.InvokerFilterChain.processDoFilter(InvokerFilterChain.java:204) [portal-kernel.jar:?]
	at com.liferay.portal.kernel.servlet.filters.invoker.InvokerFilterChain.doFilter(InvokerFilterChain.java:109) [portal-kernel.jar:?]
	at com.liferay.portal.kernel.servlet.BaseFilter.processFilter(BaseFilter.java:138) [portal-kernel.jar:?]
	at com.liferay.portal.servlet.filters.secure.BaseAuthFilter.processFilter(BaseAuthFilter.java:316) [portal-impl.jar:?]
	at com.liferay.portal.kernel.servlet.BaseFilter.doFilter(BaseFilter.java:40) [portal-kernel.jar:?]
	at com.liferay.portal.kernel.servlet.filters.invoker.InvokerFilterChain.processDoFilter(InvokerFilterChain.java:204) [portal-kernel.jar:?]
	at com.liferay.portal.kernel.servlet.filters.invoker.InvokerFilterChain.doFilter(InvokerFilterChain.java:109) [portal-kernel.jar:?]
	at com.liferay.portal.kernel.servlet.BaseFilter.processFilter(BaseFilter.java:138) [portal-kernel.jar:?]
	at com.liferay.portal.monitoring.internal.servlet.filter.MonitoringFilter.processFilter(MonitoringFilter.java:116) [bundleFile:?]
	at com.liferay.portal.kernel.servlet.BaseFilter.doFilter(BaseFilter.java:40) [portal-kernel.jar:?]
	at com.liferay.portal.kernel.servlet.filters.invoker.InvokerFilterChain.processDoFilter(InvokerFilterChain.java:204) [portal-kernel.jar:?]
	at com.liferay.portal.kernel.servlet.filters.invoker.InvokerFilterChain.doFilter(InvokerFilterChain.java:109) [portal-kernel.jar:?]
	at org.tuckey.web.filters.urlrewrite.RuleChain.handleRewrite(RuleChain.java:176) [urlrewritefilter-4.0.4.jar:4.0.4]
	at org.tuckey.web.filters.urlrewrite.RuleChain.doRules(RuleChain.java:145) [urlrewritefilter-4.0.4.jar:4.0.4]
	at org.tuckey.web.filters.urlrewrite.UrlRewriter.processRequest(UrlRewriter.java:92) [urlrewritefilter-4.0.4.jar:4.0.4]
	at org.tuckey.web.filters.urlrewrite.UrlRewriteFilter.doFilter(UrlRewriteFilter.java:389) [urlrewritefilter-4.0.4.jar:4.0.4]
	at com.liferay.portal.url.rewrite.filter.internal.URLRewriteFilter.processFilter(URLRewriteFilter.java:86) [bundleFile:?]
	at com.liferay.portal.kernel.servlet.BaseFilter.doFilter(BaseFilter.java:40) [portal-kernel.jar:?]
	at com.liferay.portal.kernel.servlet.filters.invoker.InvokerFilterChain.processDoFilter(InvokerFilterChain.java:204) [portal-kernel.jar:?]
	at com.liferay.portal.kernel.servlet.filters.invoker.InvokerFilterChain.doFilter(InvokerFilterChain.java:109) [portal-kernel.jar:?]
	at com.liferay.portal.kernel.servlet.filters.invoker.InvokerFilter.doFilter(InvokerFilter.java:109) [portal-kernel.jar:?]
	at com.liferay.shielded.container.internal.proxy.FilterWrapper.doFilter(FilterWrapper.java:69) [com.liferay.shielded.container.impl.jar:?]
	at org.apache.catalina.core.ApplicationFilterChain.internalDoFilter(ApplicationFilterChain.java:168) [catalina.jar:9.0.90]
	at org.apache.catalina.core.ApplicationFilterChain.doFilter(ApplicationFilterChain.java:144) [catalina.jar:9.0.90]
	at org.apache.catalina.core.ApplicationDispatcher.invoke(ApplicationDispatcher.java:641) [catalina.jar:9.0.90]
	at org.apache.catalina.core.ApplicationDispatcher.processRequest(ApplicationDispatcher.java:415) [catalina.jar:9.0.90]
	at org.apache.catalina.core.ApplicationDispatcher.doForward(ApplicationDispatcher.java:347) [catalina.jar:9.0.90]
	at org.apache.catalina.core.ApplicationDispatcher.forward(ApplicationDispatcher.java:284) [catalina.jar:9.0.90]
	at com.liferay.friendly.url.internal.servlet.FriendlyURLServlet.service(FriendlyURLServlet.java:555) [bundleFile:?]
	at javax.servlet.http.HttpServlet.service(HttpServlet.java:623) [servlet-api.jar:4.0.FR]
	at com.liferay.portal.servlet.ServletAdapter.service(ServletAdapter.java:89) [portal-impl.jar:?]
	at javax.servlet.http.HttpServlet.service(HttpServlet.java:623) [servlet-api.jar:4.0.FR]
	at com.liferay.shielded.container.internal.proxy.ServletWrapper.service(ServletWrapper.java:103) [com.liferay.shielded.container.impl.jar:?]
	at org.apache.catalina.core.ApplicationFilterChain.internalDoFilter(ApplicationFilterChain.java:199) [catalina.jar:9.0.90]
	at org.apache.catalina.core.ApplicationFilterChain.doFilter(ApplicationFilterChain.java:144) [catalina.jar:9.0.90]
	at org.apache.tomcat.websocket.server.WsFilter.doFilter(WsFilter.java:51) [tomcat-websocket.jar:9.0.90]
	at org.apache.catalina.core.ApplicationFilterChain.internalDoFilter(ApplicationFilterChain.java:168) [catalina.jar:9.0.90]
	at org.apache.catalina.core.ApplicationFilterChain.doFilter(ApplicationFilterChain.java:144) [catalina.jar:9.0.90]
	at com.liferay.portal.kernel.servlet.filters.invoker.InvokerFilterChain.doFilter(InvokerFilterChain.java:117) [portal-kernel.jar:?]
	at com.liferay.portal.kernel.servlet.BaseFilter.processFilter(BaseFilter.java:138) [portal-kernel.jar:?]
	at com.liferay.change.tracking.internal.servlet.filter.CTCollectionPreviewFilter.processFilter(CTCollectionPreviewFilter.java:57) [bundleFile:?]
	at com.liferay.portal.kernel.servlet.BaseFilter.doFilter(BaseFilter.java:40) [portal-kernel.jar:?]
	at com.liferay.portal.kernel.servlet.filters.invoker.InvokerFilterChain.processDoFilter(InvokerFilterChain.java:204) [portal-kernel.jar:?]
	at com.liferay.portal.kernel.servlet.filters.invoker.InvokerFilterChain.doFilter(InvokerFilterChain.java:109) [portal-kernel.jar:?]
	at com.liferay.portal.kernel.servlet.BaseFilter.processFilter(BaseFilter.java:138) [portal-kernel.jar:?]
	at com.liferay.portal.i18n.filter.internal.I18nFilter.processFilter(I18nFilter.java:371) [bundleFile:?]
	at com.liferay.portal.kernel.servlet.BaseFilter.doFilter(BaseFilter.java:40) [portal-kernel.jar:?]
	at com.liferay.portal.kernel.servlet.filters.invoker.InvokerFilterChain.processDoFilter(InvokerFilterChain.java:204) [portal-kernel.jar:?]
	at com.liferay.portal.kernel.servlet.filters.invoker.InvokerFilterChain.doFilter(InvokerFilterChain.java:109) [portal-kernel.jar:?]
	at com.liferay.portal.servlet.filters.password.modified.PasswordModifiedFilter.processFilter(PasswordModifiedFilter.java:47) [portal-impl.jar:?]
	at com.liferay.portal.kernel.servlet.BaseFilter.doFilter(BaseFilter.java:40) [portal-kernel.jar:?]
	at com.liferay.portal.kernel.servlet.filters.invoker.InvokerFilterChain.processDoFilter(InvokerFilterChain.java:204) [portal-kernel.jar:?]
	at com.liferay.portal.kernel.servlet.filters.invoker.InvokerFilterChain.doFilter(InvokerFilterChain.java:109) [portal-kernel.jar:?]
	at com.liferay.portal.servlet.filters.lockout.LockoutFilter.processFilter(LockoutFilter.java:49) [portal-impl.jar:?]
	at com.liferay.portal.kernel.servlet.BaseFilter.doFilter(BaseFilter.java:40) [portal-kernel.jar:?]
	at com.liferay.portal.kernel.servlet.filters.invoker.InvokerFilterChain.processDoFilter(InvokerFilterChain.java:204) [portal-kernel.jar:?]
	at com.liferay.portal.kernel.servlet.filters.invoker.InvokerFilterChain.doFilter(InvokerFilterChain.java:109) [portal-kernel.jar:?]
	at com.liferay.portal.kernel.servlet.BaseFilter.processFilter(BaseFilter.java:138) [portal-kernel.jar:?]
	at com.liferay.portal.servlet.filters.secure.BaseAuthFilter.processFilter(BaseAuthFilter.java:316) [portal-impl.jar:?]
	at com.liferay.portal.kernel.servlet.BaseFilter.doFilter(BaseFilter.java:40) [portal-kernel.jar:?]
	at com.liferay.portal.kernel.servlet.filters.invoker.InvokerFilterChain.processDoFilter(InvokerFilterChain.java:204) [portal-kernel.jar:?]
	at com.liferay.portal.kernel.servlet.filters.invoker.InvokerFilterChain.doFilter(InvokerFilterChain.java:109) [portal-kernel.jar:?]
	at com.liferay.portal.kernel.servlet.BaseFilter.processFilter(BaseFilter.java:138) [portal-kernel.jar:?]
	at com.liferay.portal.servlet.filters.etag.ETagFilter.processFilter(ETagFilter.java:78) [portal-impl.jar:?]
	at com.liferay.portal.kernel.servlet.BaseFilter.doFilter(BaseFilter.java:40) [portal-kernel.jar:?]
	at com.liferay.portal.kernel.servlet.filters.invoker.InvokerFilterChain.processDoFilter(InvokerFilterChain.java:204) [portal-kernel.jar:?]
	at com.liferay.portal.kernel.servlet.filters.invoker.InvokerFilterChain.doFilter(InvokerFilterChain.java:109) [portal-kernel.jar:?]
	at com.liferay.portal.kernel.servlet.BaseFilter.processFilter(BaseFilter.java:138) [portal-kernel.jar:?]
	at com.liferay.portal.servlet.filters.autologin.AutoLoginFilter.processFilter(AutoLoginFilter.java:253) [portal-impl.jar:?]
	at com.liferay.portal.kernel.servlet.BaseFilter.doFilter(BaseFilter.java:40) [portal-kernel.jar:?]
	at com.liferay.portal.kernel.servlet.filters.invoker.InvokerFilterChain.processDoFilter(InvokerFilterChain.java:204) [portal-kernel.jar:?]
	at com.liferay.portal.kernel.servlet.filters.invoker.InvokerFilterChain.doFilter(InvokerFilterChain.java:109) [portal-kernel.jar:?]
	at com.liferay.portal.kernel.servlet.BaseFilter.processFilter(BaseFilter.java:138) [portal-kernel.jar:?]
	at com.liferay.portal.servlet.filters.virtualhost.VirtualHostFilter.processFilter(VirtualHostFilter.java:243) [portal-impl.jar:?]
	at com.liferay.portal.kernel.servlet.BaseFilter.doFilter(BaseFilter.java:40) [portal-kernel.jar:?]
	at com.liferay.portal.kernel.servlet.filters.invoker.InvokerFilterChain.processDoFilter(InvokerFilterChain.java:204) [portal-kernel.jar:?]
	at com.liferay.portal.kernel.servlet.filters.invoker.InvokerFilterChain.doFilter(InvokerFilterChain.java:109) [portal-kernel.jar:?]
	at com.liferay.portal.kernel.servlet.BaseFilter.processFilter(BaseFilter.java:138) [portal-kernel.jar:?]
	at com.liferay.portal.monitoring.internal.servlet.filter.MonitoringFilter.processFilter(MonitoringFilter.java:116) [bundleFile:?]
	at com.liferay.portal.kernel.servlet.BaseFilter.doFilter(BaseFilter.java:40) [portal-kernel.jar:?]
	at com.liferay.portal.kernel.servlet.filters.invoker.InvokerFilterChain.processDoFilter(InvokerFilterChain.java:204) [portal-kernel.jar:?]
	at com.liferay.portal.kernel.servlet.filters.invoker.InvokerFilterChain.doFilter(InvokerFilterChain.java:109) [portal-kernel.jar:?]
	at com.liferay.portal.kernel.servlet.filters.invoker.InvokerFilterChain.processDirectCallFilter(InvokerFilterChain.java:189) [portal-kernel.jar:?]
	at com.liferay.portal.kernel.servlet.filters.invoker.InvokerFilterChain.doFilter(InvokerFilterChain.java:92) [portal-kernel.jar:?]
	at com.liferay.portal.kernel.servlet.filters.invoker.InvokerFilterChain.processDirectCallFilter(InvokerFilterChain.java:189) [portal-kernel.jar:?]
	at com.liferay.portal.kernel.servlet.filters.invoker.InvokerFilterChain.doFilter(InvokerFilterChain.java:92) [portal-kernel.jar:?]
	at org.tuckey.web.filters.urlrewrite.RuleChain.handleRewrite(RuleChain.java:176) [urlrewritefilter-4.0.4.jar:4.0.4]
	at org.tuckey.web.filters.urlrewrite.RuleChain.doRules(RuleChain.java:145) [urlrewritefilter-4.0.4.jar:4.0.4]
	at org.tuckey.web.filters.urlrewrite.UrlRewriter.processRequest(UrlRewriter.java:92) [urlrewritefilter-4.0.4.jar:4.0.4]
	at org.tuckey.web.filters.urlrewrite.UrlRewriteFilter.doFilter(UrlRewriteFilter.java:389) [urlrewritefilter-4.0.4.jar:4.0.4]
	at com.liferay.portal.url.rewrite.filter.internal.URLRewriteFilter.processFilter(URLRewriteFilter.java:86) [bundleFile:?]
	at com.liferay.portal.kernel.servlet.BaseFilter.doFilter(BaseFilter.java:40) [portal-kernel.jar:?]
	at com.liferay.portal.kernel.servlet.filters.invoker.InvokerFilterChain.processDoFilter(InvokerFilterChain.java:204) [portal-kernel.jar:?]
	at com.liferay.portal.kernel.servlet.filters.invoker.InvokerFilterChain.doFilter(InvokerFilterChain.java:109) [portal-kernel.jar:?]
	at com.liferay.portal.kernel.servlet.filters.invoker.InvokerFilterChain.processDirectCallFilter(InvokerFilterChain.java:168) [portal-kernel.jar:?]
	at com.liferay.portal.kernel.servlet.filters.invoker.InvokerFilterChain.doFilter(InvokerFilterChain.java:92) [portal-kernel.jar:?]
	at com.liferay.portal.kernel.servlet.filters.invoker.InvokerFilterChain.processDirectCallFilter(InvokerFilterChain.java:168) [portal-kernel.jar:?]
	at com.liferay.portal.kernel.servlet.filters.invoker.InvokerFilterChain.doFilter(InvokerFilterChain.java:92) [portal-kernel.jar:?]
	at com.liferay.portal.kernel.servlet.filters.invoker.InvokerFilterChain.processDirectCallFilter(InvokerFilterChain.java:189) [portal-kernel.jar:?]
	at com.liferay.portal.kernel.servlet.filters.invoker.InvokerFilterChain.doFilter(InvokerFilterChain.java:92) [portal-kernel.jar:?]
	at com.liferay.portal.kernel.servlet.filters.invoker.InvokerFilter.doFilter(InvokerFilter.java:109) [portal-kernel.jar:?]
	at com.liferay.shielded.container.internal.proxy.FilterWrapper.doFilter(FilterWrapper.java:69) [com.liferay.shielded.container.impl.jar:?]
	at org.apache.catalina.core.ApplicationFilterChain.internalDoFilter(ApplicationFilterChain.java:168) [catalina.jar:9.0.90]
	at org.apache.catalina.core.ApplicationFilterChain.doFilter(ApplicationFilterChain.java:144) [catalina.jar:9.0.90]
	at org.apache.catalina.core.StandardWrapperValve.invoke(StandardWrapperValve.java:168) [catalina.jar:9.0.90]
	at org.apache.catalina.core.StandardContextValve.invoke(StandardContextValve.java:90) [catalina.jar:9.0.90]
	at org.apache.catalina.authenticator.AuthenticatorBase.invoke(AuthenticatorBase.java:481) [catalina.jar:9.0.90]
	at org.apache.catalina.core.StandardHostValve.invoke(StandardHostValve.java:130) [catalina.jar:9.0.90]
	at org.apache.catalina.valves.ErrorReportValve.invoke(ErrorReportValve.java:93) [catalina.jar:9.0.90]
	at org.apache.catalina.core.StandardEngineValve.invoke(StandardEngineValve.java:74) [catalina.jar:9.0.90]
	at org.apache.catalina.connector.CoyoteAdapter.service(CoyoteAdapter.java:346) [catalina.jar:9.0.90]
	at org.apache.coyote.http11.Http11Processor.service(Http11Processor.java:388) [tomcat-coyote.jar:9.0.90]
	at org.apache.coyote.AbstractProcessorLight.process(AbstractProcessorLight.java:63) [tomcat-coyote.jar:9.0.90]
	at org.apache.coyote.AbstractProtocol$ConnectionHandler.process(AbstractProtocol.java:936) [tomcat-coyote.jar:9.0.90]
	at org.apache.tomcat.util.net.NioEndpoint$SocketProcessor.doRun(NioEndpoint.java:1791) [tomcat-coyote.jar:9.0.90]
	at org.apache.tomcat.util.net.SocketProcessorBase.run(SocketProcessorBase.java:52) [tomcat-coyote.jar:9.0.90]
	at org.apache.tomcat.util.threads.ThreadPoolExecutor.runWorker(ThreadPoolExecutor.java:1190) [tomcat-util.jar:9.0.90]
	at org.apache.tomcat.util.threads.ThreadPoolExecutor$Worker.run(ThreadPoolExecutor.java:659) [tomcat-util.jar:9.0.90]
	at org.apache.tomcat.util.threads.TaskThread$WrappingRunnable.run(TaskThread.java:63) [tomcat-util.jar:9.0.90]
	at java.lang.Thread.run(Thread.java:750) [?:1.8.0_321]
Caused by: org.apache.jasper.JasperException: java.lang.NullPointerException
	at org.apache.jasper.servlet.JspServletWrapper.service(JspServletWrapper.java:440) ~[jasper.jar:9.0.90]
	at org.apache.jasper.servlet.JspServlet.serviceJspFile(JspServlet.java:473) ~[jasper.jar:9.0.90]
	at org.apache.jasper.servlet.JspServlet.service(JspServlet.java:377) ~[jasper.jar:9.0.90]
	at javax.servlet.http.HttpServlet.service(HttpServlet.java:623) ~[servlet-api.jar:4.0.FR]
	at com.liferay.portal.osgi.web.servlet.jsp.compiler.internal.JspServlet.service(JspServlet.java:310) ~[?:?]
	at com.liferay.portal.osgi.web.servlet.jsp.compiler.internal.JspServlet.service(JspServlet.java:319) ~[?:?]
	at org.eclipse.equinox.http.servlet.internal.registration.EndpointRegistration.service(EndpointRegistration.java:147) ~[?:?]
	at org.eclipse.equinox.http.servlet.internal.servlet.ResponseStateHandler.processRequest(ResponseStateHandler.java:63) ~[?:?]
	at org.eclipse.equinox.http.servlet.internal.context.DispatchTargets.doDispatch(DispatchTargets.java:120) ~[?:?]
	at org.eclipse.equinox.http.servlet.internal.servlet.RequestDispatcherAdaptor.include(RequestDispatcherAdaptor.java:48) ~[?:?]
	at com.liferay.portlet.internal.PortletRequestDispatcherImpl.dispatch(PortletRequestDispatcherImpl.java:282) ~[portal-impl.jar:?]
	... 241 more
Caused by: java.lang.NullPointerException
	at com.liferay.client.extension.web.internal.display.context.ViewClientExtensionEntryDisplayContext.getTitle(ViewClientExtensionEntryDisplayContext.java:114) ~[bundleFile:?]
	at org.apache.jsp.admin.view_005fclient_005fextension_005fentry_jsp._jspService(view_005fclient_005fextension_005fentry_jsp.java:209) ~[?:?]
	at org.apache.jasper.runtime.HttpJspBase.service(HttpJspBase.java:111) ~[jasper.jar:9.0.90]
	at javax.servlet.http.HttpServlet.service(HttpServlet.java:623) ~[servlet-api.jar:4.0.FR]
	at org.apache.jasper.servlet.JspServletWrapper.service(JspServletWrapper.java:411) ~[jasper.jar:9.0.90]
	at org.apache.jasper.servlet.JspServlet.serviceJspFile(JspServlet.java:473) ~[jasper.jar:9.0.90]
	at org.apache.jasper.servlet.JspServlet.service(JspServlet.java:377) ~[jasper.jar:9.0.90]
	at javax.servlet.http.HttpServlet.service(HttpServlet.java:623) ~[servlet-api.jar:4.0.FR]
	at com.liferay.portal.osgi.web.servlet.jsp.compiler.internal.JspServlet.service(JspServlet.java:310) ~[?:?]
	at com.liferay.portal.osgi.web.servlet.jsp.compiler.internal.JspServlet.service(JspServlet.java:319) ~[?:?]
	at org.eclipse.equinox.http.servlet.internal.registration.EndpointRegistration.service(EndpointRegistration.java:147) ~[?:?]
	at org.eclipse.equinox.http.servlet.internal.servlet.ResponseStateHandler.processRequest(ResponseStateHandler.java:63) ~[?:?]
	at org.eclipse.equinox.http.servlet.internal.context.DispatchTargets.doDispatch(DispatchTargets.java:120) ~[?:?]
	at org.eclipse.equinox.http.servlet.internal.servlet.RequestDispatcherAdaptor.include(RequestDispatcherAdaptor.java:48) ~[?:?]
	at com.liferay.portlet.internal.PortletRequestDispatcherImpl.dispatch(PortletRequestDispatcherImpl.java:282) ~[portal-impl.jar:?]
	... 241 more
2024-10-19 19:51:28.661 ERROR [http-nio-8080-exec-8][render_portlet_jsp:122] null
java.lang.NullPointerException: null
	at com.liferay.client.extension.web.internal.display.context.ViewClientExtensionEntryDisplayContext.getTitle(ViewClientExtensionEntryDisplayContext.java:114) ~[?:?]
	at org.apache.jsp.admin.view_005fclient_005fextension_005fentry_jsp._jspService(view_005fclient_005fextension_005fentry_jsp.java:209) ~[?:?]
	at org.apache.jasper.runtime.HttpJspBase.service(HttpJspBase.java:111) ~[jasper.jar:9.0.90]
	at javax.servlet.http.HttpServlet.service(HttpServlet.java:623) ~[servlet-api.jar:4.0.FR]
	at org.apache.jasper.servlet.JspServletWrapper.service(JspServletWrapper.java:411) ~[jasper.jar:9.0.90]
	at org.apache.jasper.servlet.JspServlet.serviceJspFile(JspServlet.java:473) ~[jasper.jar:9.0.90]
	at org.apache.jasper.servlet.JspServlet.service(JspServlet.java:377) ~[jasper.jar:9.0.90]
	at javax.servlet.http.HttpServlet.service(HttpServlet.java:623) ~[servlet-api.jar:4.0.FR]
	at com.liferay.portal.osgi.web.servlet.jsp.compiler.internal.JspServlet.service(JspServlet.java:310) ~[?:?]
	at com.liferay.portal.osgi.web.servlet.jsp.compiler.internal.JspServlet.service(JspServlet.java:319) ~[?:?]
	at org.eclipse.equinox.http.servlet.internal.registration.EndpointRegistration.service(EndpointRegistration.java:147) ~[?:?]
	at org.eclipse.equinox.http.servlet.internal.servlet.ResponseStateHandler.processRequest(ResponseStateHandler.java:63) ~[?:?]
	at org.eclipse.equinox.http.servlet.internal.context.DispatchTargets.doDispatch(DispatchTargets.java:120) ~[?:?]
	at org.eclipse.equinox.http.servlet.internal.servlet.RequestDispatcherAdaptor.include(RequestDispatcherAdaptor.java:48) ~[?:?]
	at com.liferay.portlet.internal.PortletRequestDispatcherImpl.dispatch(PortletRequestDispatcherImpl.java:282) ~[portal-impl.jar:?]
	at com.liferay.portlet.internal.PortletRequestDispatcherImpl.include(PortletRequestDispatcherImpl.java:114) ~[portal-impl.jar:?]
	at com.liferay.portal.kernel.portlet.bridges.mvc.MVCPortlet.include(MVCPortlet.java:611) ~[portal-kernel.jar:?]
	at com.liferay.portal.kernel.portlet.bridges.mvc.MVCPortlet.include(MVCPortlet.java:627) ~[portal-kernel.jar:?]
	at com.liferay.portal.kernel.portlet.bridges.mvc.MVCPortlet.doDispatch(MVCPortlet.java:497) ~[portal-kernel.jar:?]
	at javax.portlet.GenericPortlet.render(GenericPortlet.java:291) ~[portlet.jar:3.0.1]
