2024-10-19 02:02:15.302 WARN  [HikariPool-1 housekeeper][HikariPool:788] HikariPool-1 - Thread starvation or clock leap detected (housekeeper delta=3h22m35s551ms).
2024-10-19 06:14:47.070 WARN  [HikariPool-1 housekeeper][HikariPool:788] HikariPool-1 - Thread starvation or clock leap detected (housekeeper delta=4h12m31s768ms).
2024-10-19 07:15:50.056 WARN  [HikariPool-1 housekeeper][HikariPool:788] HikariPool-1 - Thread starvation or clock leap detected (housekeeper delta=1h1m2s987ms).
2024-10-19 08:51:19.415 WARN  [HikariPool-1 housekeeper][HikariPool:788] HikariPool-1 - Thread starvation or clock leap detected (housekeeper delta=1h35m29s358ms).
2024-10-19 09:17:56.673 WARN  [HikariPool-1 housekeeper][HikariPool:788] HikariPool-1 - Thread starvation or clock leap detected (housekeeper delta=26m37s259ms).
2024-10-19 10:18:50.317 WARN  [HikariPool-1 housekeeper][HikariPool:788] HikariPool-1 - Thread starvation or clock leap detected (housekeeper delta=1h53s643ms).
2024-10-19 13:21:46.587 WARN  [HikariPool-1 housekeeper][HikariPool:788] HikariPool-1 - Thread starvation or clock leap detected (housekeeper delta=3h2m56s270ms).
2024-10-19 15:05:37.653 WARN  [HikariPool-1 housekeeper][HikariPool:788] HikariPool-1 - Thread starvation or clock leap detected (housekeeper delta=1h43m51s67ms).
2024-10-19 16:24:27.919 WARN  [HikariPool-1 housekeeper][HikariPool:788] HikariPool-1 - Thread starvation or clock leap detected (housekeeper delta=1h18m50s264ms).
2024-10-19 16:25:22.839 WARN  [HikariPool-1 housekeeper][HikariPool:788] HikariPool-1 - Thread starvation or clock leap detected (housekeeper delta=54s920ms).
2024-10-19 17:02:12.449 WARN  [HikariPool-1 housekeeper][HikariPool:788] HikariPool-1 - Thread starvation or clock leap detected (housekeeper delta=36m49s610ms).
2024-10-19 17:55:32.229 WARN  [HikariPool-1 housekeeper][HikariPool:788] HikariPool-1 - Thread starvation or clock leap detected (housekeeper delta=53m19s781ms).
2024-10-19 18:35:39.341 INFO  [CM Event Dispatcher (Fire ConfigurationEvent: pid=com.liferay.oauth2.provider.configuration.OAuth2ProviderApplicationHeadlessServerConfiguration~liferay-bot-batch-oauth-application-headless-server)][InterpolationConfigurationPlugin:135] Replaced value of configuration property 'homePageURL' for PID com.liferay.oauth2.provider.configuration.OAuth2ProviderApplicationHeadlessServerConfiguration~liferay-bot-batch-oauth-application-headless-server
2024-10-19 18:35:48.747 INFO  [fileinstall-directory-watcher][BundleStartStopLogger:68] STARTED database_7.4.13 [1462]
2024-10-19 18:36:39.511 INFO  [fileinstall-directory-watcher][BundleStartStopLogger:71] STOPPED database_7.4.13 [1462]
2024-10-19 18:38:21.372 INFO  [CM Event Dispatcher (Fire ConfigurationEvent: pid=com.liferay.oauth2.provider.configuration.OAuth2ProviderApplicationHeadlessServerConfiguration~liferay-bot-batch-oauth-application-headless-server)][InterpolationConfigurationPlugin:135] Replaced value of configuration property 'homePageURL' for PID com.liferay.oauth2.provider.configuration.OAuth2ProviderApplicationHeadlessServerConfiguration~liferay-bot-batch-oauth-application-headless-server
2024-10-19 18:38:24.570 INFO  [fileinstall-directory-watcher][BundleStartStopLogger:68] STARTED database_7.4.13 [1463]
2024-10-19 18:39:15.497 INFO  [main][PortalContextLoaderListener:114] JVM arguments: -Djava.util.logging.config.file=/Users/mumentayyem/liferay/liferay-telegram/bundles/tomcat/conf/logging.properties -Djava.util.logging.manager=org.apache.juli.ClassLoaderLogManager -Djdk.tls.ephemeralDHKeySize=2048 -Djava.protocol.handler.pkgs=org.apache.catalina.webresources -Dorg.apache.catalina.security.SecurityListener.UMASK=0027 -Dfile.encoding=UTF-8 -Djava.locale.providers=JRE,COMPAT,CLDR -Djava.net.preferIPv4Stack=true -Duser.timezone=GMT -Xms2560m -Xmx2560m -XX:MaxNewSize=1536m -XX:MaxMetaspaceSize=768m -XX:MetaspaceSize=768m -XX:NewSize=1536m -XX:SurvivorRatio=7 -Dignore.endorsed.dirs= -Dcatalina.base=/Users/mumentayyem/liferay/liferay-telegram/bundles/tomcat -Dcatalina.home=/Users/mumentayyem/liferay/liferay-telegram/bundles/tomcat -Djava.io.tmpdir=/Users/mumentayyem/liferay/liferay-telegram/bundles/tomcat/temp -Xmx10240m
2024-10-19 18:39:17.009 WARN  [SystemExecutorServiceUtil-1][DialectDetector:73] Liferay is configured to use Hypersonic as its database. Do NOT use Hypersonic in production. Hypersonic is an embedded database useful for development and demonstration purposes. The database settings can be changed in portal-ext.properties.
2024-10-19 18:39:17.011 INFO  [SystemExecutorServiceUtil-1][DialectDetector:144] Using dialect com.liferay.portal.dao.orm.hibernate.HSQLDialect for HSQL Database Engine 2.7
2024-10-19 18:39:17.199 INFO  [SystemExecutorServiceUtil-1][DBInitUtil:100] Create tables and populate with default data
2024-10-19 18:39:17.661 INFO  [main][ModuleFrameworkImpl:1355] Starting initial bundles
2024-10-19 18:39:18.052 INFO  [main][InterpolationConfigurationPlugin:109] Configured directory for secrets: /Users/mumentayyem/liferay/liferay-telegram/bundles/osgi/configs
2024-10-19 18:39:19.533 INFO  [main][ModuleFrameworkImpl:1645] Started initial bundles
2024-10-19 18:39:19.535 INFO  [main][ModuleFrameworkImpl:1690] Starting dynamic bundles
2024-10-19 18:39:22.355 WARN  [Start Level: Equinox Container: ed5dfdf0-a781-4d9e-b7f7-c019ca652271][SidecarManager:72] Liferay automatically starts a child process of Elasticsearch named sidecar for convenient development and demonstration purposes. Do NOT use sidecar in production. Refer to the documentation for details on the limitations of sidecar and instructions on configuring a remote Elasticsearch connection in the Control Panel.
2024-10-19 18:39:32.154 INFO  [main][ModuleFrameworkImpl:1713] Started dynamic bundles
2024-10-19 18:39:32.158 INFO  [main][ModuleFrameworkImpl:1720] Starting web bundles
2024-10-19 18:39:34.475 INFO  [CM Event Dispatcher (Fire ConfigurationEvent: pid=com.liferay.oauth2.provider.configuration.OAuth2ProviderApplicationHeadlessServerConfiguration~liferay-telegram-etc-node-oauth-application-headless-server)][InterpolationConfigurationPlugin:135] Replaced value of configuration property 'homePageURL' for PID com.liferay.oauth2.provider.configuration.OAuth2ProviderApplicationHeadlessServerConfiguration~liferay-telegram-etc-node-oauth-application-headless-server
2024-10-19 18:39:34.489 INFO  [CM Event Dispatcher (Fire ConfigurationEvent: pid=com.liferay.oauth2.provider.configuration.OAuth2ProviderApplicationUserAgentConfiguration~liferay-telegram-etc-node-oauth-application-user-agent)][InterpolationConfigurationPlugin:135] Replaced value of configuration property 'homePageURL' for PID com.liferay.oauth2.provider.configuration.OAuth2ProviderApplicationUserAgentConfiguration~liferay-telegram-etc-node-oauth-application-user-agent
2024-10-19 18:39:34.542 INFO  [CM Event Dispatcher (Fire ConfigurationEvent: pid=com.liferay.oauth2.provider.configuration.OAuth2ProviderApplicationHeadlessServerConfiguration~liferay-bot-batch-oauth-application-headless-server)][InterpolationConfigurationPlugin:135] Replaced value of configuration property 'homePageURL' for PID com.liferay.oauth2.provider.configuration.OAuth2ProviderApplicationHeadlessServerConfiguration~liferay-bot-batch-oauth-application-headless-server
2024-10-19 18:39:34.629 INFO  [main][ModuleFrameworkImpl:1774] Started web bundles
2024-10-19 18:39:34.629 INFO  [main][ModuleFrameworkImpl:283] Navigate to Control Panel > System > Gogo Shell and enter "lb" to see all bundles
2024-10-19 18:39:38.779 INFO  [main][StartupHelperUtil:97] There are no patches installed
2024-10-19 18:39:38.888 INFO  [main][LoggingTimer:74] Starting com.liferay.portal.events.StartupHelperUtil#initResourceActions
2024-10-19 18:39:39.186 INFO  [main][LoggingTimer:35] Completed com.liferay.portal.events.StartupHelperUtil#initResourceActions in 298 ms
2024-10-19 18:39:39.399 INFO  [main][LicenseManager:-1] Failed to find directory /Users/mumentayyem/liferay/liferay-telegram/bundles/data/license
2024-10-19 18:39:39.400 INFO  [main][LicenseManager:-1] No binary licenses found
2024-10-19 18:39:40.476 INFO  [main][AutoDeployDir:152] Auto deploy scanner started for /Users/mumentayyem/liferay/liferay-telegram/bundles/deploy
2024-10-19 18:39:41.142 INFO  [SystemExecutorServiceUtil-4][Sidecar:103] Sidecar Elasticsearch liferay started at 127.0.0.1:9201
2024-10-19 18:40:09.015 INFO  [main][VerifyProcess:65] Verifying com.liferay.search.experiences.internal.verify.SXPServiceVerifyProcess
2024-10-19 18:40:10.450 INFO  [main][VerifyProcess:78] Completed verification process com.liferay.search.experiences.internal.verify.SXPServiceVerifyProcess in 1439 ms
2024-10-19 18:40:10.472 INFO  [main][VerifyProcess:65] Verifying com.liferay.portal.security.service.access.policy.internal.verify.SAPServiceVerifyProcess
2024-10-19 18:40:10.473 INFO  [main][LoggingTimer:74] Starting com.liferay.portal.security.service.access.policy.internal.verify.SAPServiceVerifyProcess#verifyDefaultSAPEntry
2024-10-19 18:40:10.582 INFO  [main][LoggingTimer:35] Completed com.liferay.portal.security.service.access.policy.internal.verify.SAPServiceVerifyProcess#verifyDefaultSAPEntry in 108 ms
2024-10-19 18:40:10.583 INFO  [main][VerifyProcess:78] Completed verification process com.liferay.portal.security.service.access.policy.internal.verify.SAPServiceVerifyProcess in 111 ms
2024-10-19 18:40:10.607 INFO  [main][VerifyProcess:65] Verifying com.liferay.portal.search.tuning.synonyms.web.internal.verify.SynonymSetsDatabaseImporterVerifyProcess
2024-10-19 18:40:11.931 INFO  [main][VerifyProcess:78] Completed verification process com.liferay.portal.search.tuning.synonyms.web.internal.verify.SynonymSetsDatabaseImporterVerifyProcess in 1322 ms
2024-10-19 18:40:15.313 INFO  [fileinstall-directory-watcher][LicenseManager:-1] DXP Development license validation passed
2024-10-19 18:40:15.315 INFO  [fileinstall-directory-watcher][LicenseManager:-1] License registered for DXP Development
2024-10-19 18:40:15.370 INFO  [SystemExecutorServiceUtil-8-com.liferay.portal.spring.extender.internal.configuration.ServiceConfigurationInitializer-com.liferay.change.tracking.service][VerifyProcess:65] Verifying com.liferay.commerce.product.internal.verify.CommerceProductServiceVerifyProcess
2024-10-19 18:40:15.371 INFO  [SystemExecutorServiceUtil-8-com.liferay.portal.spring.extender.internal.configuration.ServiceConfigurationInitializer-com.liferay.change.tracking.service][LoggingTimer:74] Starting com.liferay.commerce.product.internal.verify.CommerceProductServiceVerifyProcess#verifyCPMeasurementUnits
2024-10-19 18:40:15.379 INFO  [fileinstall-directory-watcher][BaseAutoDeployListener:34] Copying themes for /Users/mumentayyem/liferay/liferay-telegram/bundles/tomcat/temp/20241019184015324CWIHWPNT/admin-theme.war
2024-10-19 18:40:15.941 INFO  [SystemExecutorServiceUtil-8-com.liferay.portal.spring.extender.internal.configuration.ServiceConfigurationInitializer-com.liferay.change.tracking.service][LoggingTimer:35] Completed com.liferay.commerce.product.internal.verify.CommerceProductServiceVerifyProcess#verifyCPMeasurementUnits in 570 ms
2024-10-19 18:40:15.942 INFO  [SystemExecutorServiceUtil-8-com.liferay.portal.spring.extender.internal.configuration.ServiceConfigurationInitializer-com.liferay.change.tracking.service][VerifyProcess:78] Completed verification process com.liferay.commerce.product.internal.verify.CommerceProductServiceVerifyProcess in 572 ms
2024-10-19 18:40:17.143 INFO  [fileinstall-directory-watcher][BaseAutoDeployListener:41] Themes for /Users/mumentayyem/liferay/liferay-telegram/bundles/tomcat/temp/20241019184015324CWIHWPNT/admin-theme.war copied successfully
2024-10-19 18:40:19.665 INFO  [fileinstall-directory-watcher][BaseAutoDeployListener:34] Copying themes for /Users/mumentayyem/liferay/liferay-telegram/bundles/tomcat/temp/20241019184019649SNEYVBAJ/classic-theme.war
2024-10-19 18:40:22.329 INFO  [fileinstall-directory-watcher][BaseAutoDeployListener:41] Themes for /Users/mumentayyem/liferay/liferay-telegram/bundles/tomcat/temp/20241019184019649SNEYVBAJ/classic-theme.war copied successfully
2024-10-19 18:40:24.328 INFO  [fileinstall-directory-watcher][BaseAutoDeployListener:34] Copying themes for /Users/mumentayyem/liferay/liferay-telegram/bundles/tomcat/temp/20241019184024307GHVRLKOX/dialect-theme.war
2024-10-19 18:40:25.867 INFO  [fileinstall-directory-watcher][BaseAutoDeployListener:41] Themes for /Users/mumentayyem/liferay/liferay-telegram/bundles/tomcat/temp/20241019184024307GHVRLKOX/dialect-theme.war copied successfully
2024-10-19 18:40:27.850 INFO  [fileinstall-directory-watcher][BaseAutoDeployListener:34] Copying themes for /Users/mumentayyem/liferay/liferay-telegram/bundles/tomcat/temp/20241019184027831JJHRREUW/minium-theme.war
2024-10-19 18:40:29.542 INFO  [fileinstall-directory-watcher][BaseAutoDeployListener:41] Themes for /Users/mumentayyem/liferay/liferay-telegram/bundles/tomcat/temp/20241019184027831JJHRREUW/minium-theme.war copied successfully
2024-10-19 18:40:31.190 INFO  [fileinstall-directory-watcher][BaseAutoDeployListener:34] Copying themes for /Users/mumentayyem/liferay/liferay-telegram/bundles/tomcat/temp/20241019184031167PCXZKSHI/speedwell-theme.war
2024-10-19 18:40:32.908 INFO  [fileinstall-directory-watcher][BaseAutoDeployListener:41] Themes for /Users/mumentayyem/liferay/liferay-telegram/bundles/tomcat/temp/20241019184031167PCXZKSHI/speedwell-theme.war copied successfully
2024-10-19 18:40:33.308 INFO  [SystemExecutorServiceUtil-8-com.liferay.portal.spring.extender.internal.configuration.ServiceConfigurationInitializer-com.liferay.change.tracking.service][VerifyProcess:65] Verifying com.liferay.commerce.internal.verify.CommerceAccountServiceVerifyProcess
2024-10-19 18:40:33.309 INFO  [SystemExecutorServiceUtil-8-com.liferay.portal.spring.extender.internal.configuration.ServiceConfigurationInitializer-com.liferay.change.tracking.service][LoggingTimer:74] Starting com.liferay.commerce.internal.verify.CommerceAccountServiceVerifyProcess#verifyAccountRoles
2024-10-19 18:40:33.328 INFO  [SystemExecutorServiceUtil-8-com.liferay.portal.spring.extender.internal.configuration.ServiceConfigurationInitializer-com.liferay.change.tracking.service][LoggingTimer:35] Completed com.liferay.commerce.internal.verify.CommerceAccountServiceVerifyProcess#verifyAccountRoles in 18 ms
2024-10-19 18:40:33.330 INFO  [SystemExecutorServiceUtil-8-com.liferay.portal.spring.extender.internal.configuration.ServiceConfigurationInitializer-com.liferay.change.tracking.service][LoggingTimer:74] Starting com.liferay.commerce.internal.verify.CommerceAccountServiceVerifyProcess#verifyAccountGroup
2024-10-19 18:40:33.339 INFO  [SystemExecutorServiceUtil-8-com.liferay.portal.spring.extender.internal.configuration.ServiceConfigurationInitializer-com.liferay.change.tracking.service][LoggingTimer:35] Completed com.liferay.commerce.internal.verify.CommerceAccountServiceVerifyProcess#verifyAccountGroup in 9 ms
2024-10-19 18:40:33.340 INFO  [SystemExecutorServiceUtil-8-com.liferay.portal.spring.extender.internal.configuration.ServiceConfigurationInitializer-com.liferay.change.tracking.service][VerifyProcess:78] Completed verification process com.liferay.commerce.internal.verify.CommerceAccountServiceVerifyProcess in 32 ms
2024-10-19 18:40:38.659 INFO  [SystemExecutorServiceUtil-8-com.liferay.portal.spring.extender.internal.configuration.ServiceConfigurationInitializer-com.liferay.change.tracking.service][VerifyProcess:65] Verifying com.liferay.portal.search.tuning.rankings.web.internal.verify.RankingsDatabaseImporterVerifyProcess
2024-10-19 18:40:38.978 INFO  [SystemExecutorServiceUtil-8-com.liferay.portal.spring.extender.internal.configuration.ServiceConfigurationInitializer-com.liferay.change.tracking.service][VerifyProcess:78] Completed verification process com.liferay.portal.search.tuning.rankings.web.internal.verify.RankingsDatabaseImporterVerifyProcess in 318 ms
2024-10-19 18:40:39.056 INFO  [SystemExecutorServiceUtil-8-com.liferay.portal.spring.extender.internal.configuration.ServiceConfigurationInitializer-com.liferay.change.tracking.service][VerifyProcess:65] Verifying com.liferay.adaptive.media.document.library.thumbnails.internal.verify.DocumentLibraryThumbnailsConfigurationVerifyProcess
2024-10-19 18:40:39.108 INFO  [SystemExecutorServiceUtil-8-com.liferay.portal.spring.extender.internal.configuration.ServiceConfigurationInitializer-com.liferay.change.tracking.service][VerifyProcess:78] Completed verification process com.liferay.adaptive.media.document.library.thumbnails.internal.verify.DocumentLibraryThumbnailsConfigurationVerifyProcess in 52 ms
2024-10-19 18:40:41.299 INFO  [SystemExecutorServiceUtil-8-com.liferay.portal.spring.extender.internal.configuration.ServiceConfigurationInitializer-com.liferay.change.tracking.service][VerifyProcess:65] Verifying com.liferay.commerce.price.list.internal.verify.CommercePriceListServiceVerifyProcess
2024-10-19 18:40:41.302 INFO  [SystemExecutorServiceUtil-8-com.liferay.portal.spring.extender.internal.configuration.ServiceConfigurationInitializer-com.liferay.change.tracking.service][LoggingTimer:74] Starting com.liferay.commerce.price.list.internal.verify.CommercePriceListServiceVerifyProcess#verifyBasePriceLists
2024-10-19 18:40:41.347 INFO  [SystemExecutorServiceUtil-8-com.liferay.portal.spring.extender.internal.configuration.ServiceConfigurationInitializer-com.liferay.change.tracking.service][LoggingTimer:35] Completed com.liferay.commerce.price.list.internal.verify.CommercePriceListServiceVerifyProcess#verifyBasePriceLists in 45 ms
2024-10-19 18:40:41.348 INFO  [SystemExecutorServiceUtil-8-com.liferay.portal.spring.extender.internal.configuration.ServiceConfigurationInitializer-com.liferay.change.tracking.service][VerifyProcess:78] Completed verification process com.liferay.commerce.price.list.internal.verify.CommercePriceListServiceVerifyProcess in 49 ms
2024-10-19 18:42:16.131 INFO  [CM Event Dispatcher (Fire ConfigurationEvent: pid=com.liferay.oauth2.provider.configuration.OAuth2ProviderApplicationHeadlessServerConfiguration~liferay-bot-batch-oauth-application-headless-server)][InterpolationConfigurationPlugin:135] Replaced value of configuration property 'homePageURL' for PID com.liferay.oauth2.provider.configuration.OAuth2ProviderApplicationHeadlessServerConfiguration~liferay-bot-batch-oauth-application-headless-server
2024-10-19 18:42:25.076 INFO  [fileinstall-directory-watcher][BundleStartStopLogger:68] STARTED database_7.4.13 [1465]
2024-10-19 18:46:39.572 INFO  [main][PortalContextLoaderListener:114] JVM arguments: -Djava.util.logging.config.file=/Users/mumentayyem/liferay/liferay-telegram/bundles/tomcat/conf/logging.properties -Djava.util.logging.manager=org.apache.juli.ClassLoaderLogManager -Djdk.tls.ephemeralDHKeySize=2048 -Djava.protocol.handler.pkgs=org.apache.catalina.webresources -Dorg.apache.catalina.security.SecurityListener.UMASK=0027 -Dfile.encoding=UTF-8 -Djava.locale.providers=JRE,COMPAT,CLDR -Djava.net.preferIPv4Stack=true -Duser.timezone=GMT -Xms2560m -Xmx2560m -XX:MaxNewSize=1536m -XX:MaxMetaspaceSize=768m -XX:MetaspaceSize=768m -XX:NewSize=1536m -XX:SurvivorRatio=7 -Dignore.endorsed.dirs= -Dcatalina.base=/Users/mumentayyem/liferay/liferay-telegram/bundles/tomcat -Dcatalina.home=/Users/mumentayyem/liferay/liferay-telegram/bundles/tomcat -Djava.io.tmpdir=/Users/mumentayyem/liferay/liferay-telegram/bundles/tomcat/temp -Xmx10240m
2024-10-19 18:46:40.947 WARN  [SystemExecutorServiceUtil-1][DialectDetector:73] Liferay is configured to use Hypersonic as its database. Do NOT use Hypersonic in production. Hypersonic is an embedded database useful for development and demonstration purposes. The database settings can be changed in portal-ext.properties.
2024-10-19 18:46:40.951 INFO  [SystemExecutorServiceUtil-1][DialectDetector:144] Using dialect com.liferay.portal.dao.orm.hibernate.HSQLDialect for HSQL Database Engine 2.7
2024-10-19 18:46:41.065 INFO  [SystemExecutorServiceUtil-1][DBInitUtil:100] Create tables and populate with default data
2024-10-19 18:46:41.439 INFO  [main][ModuleFrameworkImpl:1355] Starting initial bundles
2024-10-19 18:46:41.975 INFO  [main][InterpolationConfigurationPlugin:109] Configured directory for secrets: /Users/mumentayyem/liferay/liferay-telegram/bundles/osgi/configs
2024-10-19 18:46:42.981 INFO  [main][ModuleFrameworkImpl:1645] Started initial bundles
2024-10-19 18:46:42.983 INFO  [main][ModuleFrameworkImpl:1690] Starting dynamic bundles
2024-10-19 18:46:46.312 WARN  [Start Level: Equinox Container: 31dfeb66-1cf7-407b-9608-77f70ebe728f][SidecarManager:72] Liferay automatically starts a child process of Elasticsearch named sidecar for convenient development and demonstration purposes. Do NOT use sidecar in production. Refer to the documentation for details on the limitations of sidecar and instructions on configuring a remote Elasticsearch connection in the Control Panel.
2024-10-19 18:46:54.756 INFO  [main][ModuleFrameworkImpl:1713] Started dynamic bundles
2024-10-19 18:46:54.759 INFO  [main][ModuleFrameworkImpl:1720] Starting web bundles
2024-10-19 18:46:56.962 INFO  [main][ModuleFrameworkImpl:1774] Started web bundles
2024-10-19 18:46:56.964 INFO  [main][ModuleFrameworkImpl:283] Navigate to Control Panel > System > Gogo Shell and enter "lb" to see all bundles
2024-10-19 18:47:00.869 INFO  [main][StartupHelperUtil:97] There are no patches installed
2024-10-19 18:47:00.968 INFO  [main][LoggingTimer:74] Starting com.liferay.portal.events.StartupHelperUtil#initResourceActions
2024-10-19 18:47:01.206 INFO  [main][LoggingTimer:35] Completed com.liferay.portal.events.StartupHelperUtil#initResourceActions in 237 ms
2024-10-19 18:47:01.384 INFO  [main][LicenseManager:-1] Failed to find directory /Users/mumentayyem/liferay/liferay-telegram/bundles/data/license
2024-10-19 18:47:01.385 INFO  [main][LicenseManager:-1] No binary licenses found
2024-10-19 18:47:02.231 INFO  [main][AutoDeployDir:152] Auto deploy scanner started for /Users/mumentayyem/liferay/liferay-telegram/bundles/deploy
2024-10-19 18:47:03.032 INFO  [SystemExecutorServiceUtil-8][Sidecar:103] Sidecar Elasticsearch liferay started at 127.0.0.1:9201
2024-10-19 18:47:28.246 INFO  [main][VerifyProcess:65] Verifying com.liferay.search.experiences.internal.verify.SXPServiceVerifyProcess
2024-10-19 18:47:30.039 INFO  [main][VerifyProcess:78] Completed verification process com.liferay.search.experiences.internal.verify.SXPServiceVerifyProcess in 1797 ms
2024-10-19 18:47:30.066 INFO  [main][VerifyProcess:65] Verifying com.liferay.portal.security.service.access.policy.internal.verify.SAPServiceVerifyProcess
2024-10-19 18:47:30.067 INFO  [main][LoggingTimer:74] Starting com.liferay.portal.security.service.access.policy.internal.verify.SAPServiceVerifyProcess#verifyDefaultSAPEntry
2024-10-19 18:47:30.156 INFO  [main][LoggingTimer:35] Completed com.liferay.portal.security.service.access.policy.internal.verify.SAPServiceVerifyProcess#verifyDefaultSAPEntry in 89 ms
2024-10-19 18:47:30.157 INFO  [main][VerifyProcess:78] Completed verification process com.liferay.portal.security.service.access.policy.internal.verify.SAPServiceVerifyProcess in 90 ms
2024-10-19 18:47:30.188 INFO  [main][VerifyProcess:65] Verifying com.liferay.portal.search.tuning.synonyms.web.internal.verify.SynonymSetsDatabaseImporterVerifyProcess
2024-10-19 18:47:31.257 INFO  [main][VerifyProcess:78] Completed verification process com.liferay.portal.search.tuning.synonyms.web.internal.verify.SynonymSetsDatabaseImporterVerifyProcess in 1068 ms
2024-10-19 18:47:32.602 INFO  [fileinstall-directory-watcher][LicenseManager:-1] DXP Development license validation passed
2024-10-19 18:47:32.604 INFO  [fileinstall-directory-watcher][LicenseManager:-1] License registered for DXP Development
2024-10-19 18:47:32.672 INFO  [fileinstall-directory-watcher][BaseAutoDeployListener:34] Copying themes for /Users/mumentayyem/liferay/liferay-telegram/bundles/tomcat/temp/20241019184732616DHARZTPE/admin-theme.war
2024-10-19 18:47:34.275 INFO  [fileinstall-directory-watcher][BaseAutoDeployListener:41] Themes for /Users/mumentayyem/liferay/liferay-telegram/bundles/tomcat/temp/20241019184732616DHARZTPE/admin-theme.war copied successfully
2024-10-19 18:47:34.698 INFO  [SystemExecutorServiceUtil-6-com.liferay.portal.spring.extender.internal.configuration.ServiceConfigurationInitializer-com.liferay.change.tracking.service][VerifyProcess:65] Verifying com.liferay.commerce.product.internal.verify.CommerceProductServiceVerifyProcess
2024-10-19 18:47:34.700 INFO  [SystemExecutorServiceUtil-6-com.liferay.portal.spring.extender.internal.configuration.ServiceConfigurationInitializer-com.liferay.change.tracking.service][LoggingTimer:74] Starting com.liferay.commerce.product.internal.verify.CommerceProductServiceVerifyProcess#verifyCPMeasurementUnits
2024-10-19 18:47:35.350 INFO  [SystemExecutorServiceUtil-6-com.liferay.portal.spring.extender.internal.configuration.ServiceConfigurationInitializer-com.liferay.change.tracking.service][LoggingTimer:35] Completed com.liferay.commerce.product.internal.verify.CommerceProductServiceVerifyProcess#verifyCPMeasurementUnits in 650 ms
2024-10-19 18:47:35.352 INFO  [SystemExecutorServiceUtil-6-com.liferay.portal.spring.extender.internal.configuration.ServiceConfigurationInitializer-com.liferay.change.tracking.service][VerifyProcess:78] Completed verification process com.liferay.commerce.product.internal.verify.CommerceProductServiceVerifyProcess in 654 ms
2024-10-19 18:47:36.610 INFO  [fileinstall-directory-watcher][BaseAutoDeployListener:34] Copying themes for /Users/mumentayyem/liferay/liferay-telegram/bundles/tomcat/temp/20241019184736597TWYIWPPW/classic-theme.war
2024-10-19 18:47:38.471 INFO  [fileinstall-directory-watcher][BaseAutoDeployListener:41] Themes for /Users/mumentayyem/liferay/liferay-telegram/bundles/tomcat/temp/20241019184736597TWYIWPPW/classic-theme.war copied successfully
2024-10-19 18:47:40.309 INFO  [fileinstall-directory-watcher][BaseAutoDeployListener:34] Copying themes for /Users/mumentayyem/liferay/liferay-telegram/bundles/tomcat/temp/20241019184740288NUUGHIBD/dialect-theme.war
2024-10-19 18:47:42.108 INFO  [fileinstall-directory-watcher][BaseAutoDeployListener:41] Themes for /Users/mumentayyem/liferay/liferay-telegram/bundles/tomcat/temp/20241019184740288NUUGHIBD/dialect-theme.war copied successfully
2024-10-19 18:47:43.958 INFO  [fileinstall-directory-watcher][BaseAutoDeployListener:34] Copying themes for /Users/mumentayyem/liferay/liferay-telegram/bundles/tomcat/temp/20241019184743932HPDMJQBP/minium-theme.war
2024-10-19 18:47:45.368 INFO  [fileinstall-directory-watcher][BaseAutoDeployListener:41] Themes for /Users/mumentayyem/liferay/liferay-telegram/bundles/tomcat/temp/20241019184743932HPDMJQBP/minium-theme.war copied successfully
2024-10-19 18:47:47.127 INFO  [fileinstall-directory-watcher][BaseAutoDeployListener:34] Copying themes for /Users/mumentayyem/liferay/liferay-telegram/bundles/tomcat/temp/20241019184747115QERKMUDY/speedwell-theme.war
2024-10-19 18:47:48.707 INFO  [fileinstall-directory-watcher][BaseAutoDeployListener:41] Themes for /Users/mumentayyem/liferay/liferay-telegram/bundles/tomcat/temp/20241019184747115QERKMUDY/speedwell-theme.war copied successfully
2024-10-19 18:47:49.738 INFO  [SystemExecutorServiceUtil-6-com.liferay.portal.spring.extender.internal.configuration.ServiceConfigurationInitializer-com.liferay.change.tracking.service][VerifyProcess:65] Verifying com.liferay.commerce.internal.verify.CommerceAccountServiceVerifyProcess
2024-10-19 18:47:49.741 INFO  [SystemExecutorServiceUtil-6-com.liferay.portal.spring.extender.internal.configuration.ServiceConfigurationInitializer-com.liferay.change.tracking.service][LoggingTimer:74] Starting com.liferay.commerce.internal.verify.CommerceAccountServiceVerifyProcess#verifyAccountRoles
2024-10-19 18:47:49.759 INFO  [SystemExecutorServiceUtil-6-com.liferay.portal.spring.extender.internal.configuration.ServiceConfigurationInitializer-com.liferay.change.tracking.service][LoggingTimer:35] Completed com.liferay.commerce.internal.verify.CommerceAccountServiceVerifyProcess#verifyAccountRoles in 18 ms
2024-10-19 18:47:49.761 INFO  [SystemExecutorServiceUtil-6-com.liferay.portal.spring.extender.internal.configuration.ServiceConfigurationInitializer-com.liferay.change.tracking.service][LoggingTimer:74] Starting com.liferay.commerce.internal.verify.CommerceAccountServiceVerifyProcess#verifyAccountGroup
2024-10-19 18:47:49.775 INFO  [SystemExecutorServiceUtil-6-com.liferay.portal.spring.extender.internal.configuration.ServiceConfigurationInitializer-com.liferay.change.tracking.service][LoggingTimer:35] Completed com.liferay.commerce.internal.verify.CommerceAccountServiceVerifyProcess#verifyAccountGroup in 14 ms
2024-10-19 18:47:49.776 INFO  [SystemExecutorServiceUtil-6-com.liferay.portal.spring.extender.internal.configuration.ServiceConfigurationInitializer-com.liferay.change.tracking.service][VerifyProcess:78] Completed verification process com.liferay.commerce.internal.verify.CommerceAccountServiceVerifyProcess in 39 ms
2024-10-19 18:47:55.166 INFO  [SystemExecutorServiceUtil-6-com.liferay.portal.spring.extender.internal.configuration.ServiceConfigurationInitializer-com.liferay.change.tracking.service][VerifyProcess:65] Verifying com.liferay.portal.search.tuning.rankings.web.internal.verify.RankingsDatabaseImporterVerifyProcess
2024-10-19 18:47:55.556 INFO  [SystemExecutorServiceUtil-6-com.liferay.portal.spring.extender.internal.configuration.ServiceConfigurationInitializer-com.liferay.change.tracking.service][VerifyProcess:78] Completed verification process com.liferay.portal.search.tuning.rankings.web.internal.verify.RankingsDatabaseImporterVerifyProcess in 391 ms
2024-10-19 18:47:55.627 INFO  [SystemExecutorServiceUtil-6-com.liferay.portal.spring.extender.internal.configuration.ServiceConfigurationInitializer-com.liferay.change.tracking.service][VerifyProcess:65] Verifying com.liferay.adaptive.media.document.library.thumbnails.internal.verify.DocumentLibraryThumbnailsConfigurationVerifyProcess
2024-10-19 18:47:55.665 INFO  [SystemExecutorServiceUtil-6-com.liferay.portal.spring.extender.internal.configuration.ServiceConfigurationInitializer-com.liferay.change.tracking.service][VerifyProcess:78] Completed verification process com.liferay.adaptive.media.document.library.thumbnails.internal.verify.DocumentLibraryThumbnailsConfigurationVerifyProcess in 39 ms
2024-10-19 18:47:57.295 INFO  [SystemExecutorServiceUtil-6-com.liferay.portal.spring.extender.internal.configuration.ServiceConfigurationInitializer-com.liferay.change.tracking.service][VerifyProcess:65] Verifying com.liferay.commerce.price.list.internal.verify.CommercePriceListServiceVerifyProcess
2024-10-19 18:47:57.296 INFO  [SystemExecutorServiceUtil-6-com.liferay.portal.spring.extender.internal.configuration.ServiceConfigurationInitializer-com.liferay.change.tracking.service][LoggingTimer:74] Starting com.liferay.commerce.price.list.internal.verify.CommercePriceListServiceVerifyProcess#verifyBasePriceLists
2024-10-19 18:47:57.324 INFO  [SystemExecutorServiceUtil-6-com.liferay.portal.spring.extender.internal.configuration.ServiceConfigurationInitializer-com.liferay.change.tracking.service][LoggingTimer:35] Completed com.liferay.commerce.price.list.internal.verify.CommercePriceListServiceVerifyProcess#verifyBasePriceLists in 28 ms
2024-10-19 18:47:57.325 INFO  [SystemExecutorServiceUtil-6-com.liferay.portal.spring.extender.internal.configuration.ServiceConfigurationInitializer-com.liferay.change.tracking.service][VerifyProcess:78] Completed verification process com.liferay.commerce.price.list.internal.verify.CommercePriceListServiceVerifyProcess in 30 ms
2024-10-19 18:48:56.469 INFO  [CM Event Dispatcher (Fire ConfigurationEvent: pid=com.liferay.oauth2.provider.configuration.OAuth2ProviderApplicationHeadlessServerConfiguration~liferay-bot-batch-oauth-application-headless-server)][InterpolationConfigurationPlugin:135] Replaced value of configuration property 'homePageURL' for PID com.liferay.oauth2.provider.configuration.OAuth2ProviderApplicationHeadlessServerConfiguration~liferay-bot-batch-oauth-application-headless-server
2024-10-19 18:49:12.596 INFO  [fileinstall-directory-watcher][BundleStartStopLogger:68] STARTED liferaybotbatch_7.4.13 [1467]
2024-10-19 19:09:02.093 INFO  [main][PortalContextLoaderListener:114] JVM arguments: -Djava.util.logging.config.file=/Users/mumentayyem/liferay/liferay-telegram/bundles/tomcat/conf/logging.properties -Djava.util.logging.manager=org.apache.juli.ClassLoaderLogManager -Djdk.tls.ephemeralDHKeySize=2048 -Djava.protocol.handler.pkgs=org.apache.catalina.webresources -Dorg.apache.catalina.security.SecurityListener.UMASK=0027 -Dfile.encoding=UTF-8 -Djava.locale.providers=JRE,COMPAT,CLDR -Djava.net.preferIPv4Stack=true -Duser.timezone=GMT -Xms2560m -Xmx2560m -XX:MaxNewSize=1536m -XX:MaxMetaspaceSize=768m -XX:MetaspaceSize=768m -XX:NewSize=1536m -XX:SurvivorRatio=7 -Dignore.endorsed.dirs= -Dcatalina.base=/Users/mumentayyem/liferay/liferay-telegram/bundles/tomcat -Dcatalina.home=/Users/mumentayyem/liferay/liferay-telegram/bundles/tomcat -Djava.io.tmpdir=/Users/mumentayyem/liferay/liferay-telegram/bundles/tomcat/temp -Xmx10240m
2024-10-19 19:09:04.924 WARN  [SystemExecutorServiceUtil-1][DialectDetector:73] Liferay is configured to use Hypersonic as its database. Do NOT use Hypersonic in production. Hypersonic is an embedded database useful for development and demonstration purposes. The database settings can be changed in portal-ext.properties.
2024-10-19 19:09:04.927 INFO  [SystemExecutorServiceUtil-1][DialectDetector:144] Using dialect com.liferay.portal.dao.orm.hibernate.HSQLDialect for HSQL Database Engine 2.7
2024-10-19 19:09:05.176 INFO  [main][ModuleFrameworkImpl:1355] Starting initial bundles
2024-10-19 19:09:05.570 INFO  [main][InterpolationConfigurationPlugin:109] Configured directory for secrets: /Users/mumentayyem/liferay/liferay-telegram/bundles/osgi/configs
2024-10-19 19:09:07.072 INFO  [main][ModuleFrameworkImpl:1645] Started initial bundles
2024-10-19 19:09:07.075 INFO  [main][ModuleFrameworkImpl:1690] Starting dynamic bundles
2024-10-19 19:09:09.805 WARN  [Start Level: Equinox Container: 9b3799d6-873e-46e4-8971-fb998aad201f][SidecarManager:72] Liferay automatically starts a child process of Elasticsearch named sidecar for convenient development and demonstration purposes. Do NOT use sidecar in production. Refer to the documentation for details on the limitations of sidecar and instructions on configuring a remote Elasticsearch connection in the Control Panel.
2024-10-19 19:09:13.900 INFO  [Start Level: Equinox Container: 9b3799d6-873e-46e4-8971-fb998aad201f][InterpolationConfigurationPlugin:135] Replaced value of configuration property 'homePageURL' for PID com.liferay.oauth2.provider.configuration.OAuth2ProviderApplicationHeadlessServerConfiguration~liferay-bot-batch-oauth-application-headless-server
2024-10-19 19:09:16.960 INFO  [main][ModuleFrameworkImpl:1713] Started dynamic bundles
2024-10-19 19:09:16.963 INFO  [main][ModuleFrameworkImpl:1720] Starting web bundles
2024-10-19 19:09:19.340 INFO  [main][ModuleFrameworkImpl:1774] Started web bundles
2024-10-19 19:09:19.345 INFO  [main][ModuleFrameworkImpl:283] Navigate to Control Panel > System > Gogo Shell and enter "lb" to see all bundles
2024-10-19 19:09:22.224 INFO  [main][StartupHelperUtil:97] There are no patches installed
2024-10-19 19:09:22.594 INFO  [main][LoggingTimer:74] Starting com.liferay.portal.events.StartupHelperUtil#initResourceActions
2024-10-19 19:09:22.730 INFO  [main][LoggingTimer:35] Completed com.liferay.portal.events.StartupHelperUtil#initResourceActions in 137 ms
2024-10-19 19:09:22.779 INFO  [main][LicenseManager:-1] DXP Development license validation passed
2024-10-19 19:09:23.750 INFO  [main][AutoDeployDir:152] Auto deploy scanner started for /Users/mumentayyem/liferay/liferay-telegram/bundles/deploy
2024-10-19 19:09:28.903 INFO  [SystemExecutorServiceUtil-6][Sidecar:103] Sidecar Elasticsearch liferay started at 127.0.0.1:9201
2024-10-19 19:09:40.273 INFO  [fileinstall-directory-watcher][BaseAutoDeployListener:34] Copying themes for /Users/mumentayyem/liferay/liferay-telegram/bundles/tomcat/temp/20241019190940043OPSQLNAQ/admin-theme.war
2024-10-19 19:09:42.543 INFO  [fileinstall-directory-watcher][BaseAutoDeployListener:41] Themes for /Users/mumentayyem/liferay/liferay-telegram/bundles/tomcat/temp/20241019190940043OPSQLNAQ/admin-theme.war copied successfully
2024-10-19 19:09:45.698 INFO  [fileinstall-directory-watcher][BaseAutoDeployListener:34] Copying themes for /Users/mumentayyem/liferay/liferay-telegram/bundles/tomcat/temp/20241019190945679LCZQUMHP/classic-theme.war
2024-10-19 19:09:47.321 INFO  [fileinstall-directory-watcher][BaseAutoDeployListener:41] Themes for /Users/mumentayyem/liferay/liferay-telegram/bundles/tomcat/temp/20241019190945679LCZQUMHP/classic-theme.war copied successfully
2024-10-19 19:09:49.238 INFO  [fileinstall-directory-watcher][BaseAutoDeployListener:34] Copying themes for /Users/mumentayyem/liferay/liferay-telegram/bundles/tomcat/temp/20241019190949220RINPBCIM/dialect-theme.war
2024-10-19 19:09:50.644 INFO  [fileinstall-directory-watcher][BaseAutoDeployListener:41] Themes for /Users/mumentayyem/liferay/liferay-telegram/bundles/tomcat/temp/20241019190949220RINPBCIM/dialect-theme.war copied successfully
2024-10-19 19:09:52.401 INFO  [fileinstall-directory-watcher][BaseAutoDeployListener:34] Copying themes for /Users/mumentayyem/liferay/liferay-telegram/bundles/tomcat/temp/20241019190952385ZDKVDRQS/minium-theme.war
2024-10-19 19:09:53.818 INFO  [fileinstall-directory-watcher][BaseAutoDeployListener:41] Themes for /Users/mumentayyem/liferay/liferay-telegram/bundles/tomcat/temp/20241019190952385ZDKVDRQS/minium-theme.war copied successfully
2024-10-19 19:09:55.304 INFO  [fileinstall-directory-watcher][BaseAutoDeployListener:34] Copying themes for /Users/mumentayyem/liferay/liferay-telegram/bundles/tomcat/temp/20241019190955295HZUJCDRC/speedwell-theme.war
2024-10-19 19:09:56.521 INFO  [fileinstall-directory-watcher][BaseAutoDeployListener:41] Themes for /Users/mumentayyem/liferay/liferay-telegram/bundles/tomcat/temp/20241019190955295HZUJCDRC/speedwell-theme.war copied successfully
2024-10-19 19:11:19.727 INFO  [fileinstall-directory-watcher][BundleStartStopLogger:68] STARTED liferaybotetcnode_7.4.13 [1469]
2024-10-19 19:11:20.118 INFO  [CM Event Dispatcher (Fire ConfigurationEvent: pid=com.liferay.oauth2.provider.configuration.OAuth2ProviderApplicationHeadlessServerConfiguration~liferay-bot-etc-node-oauth-application-headless-server)][InterpolationConfigurationPlugin:135] Replaced value of configuration property 'homePageURL' for PID com.liferay.oauth2.provider.configuration.OAuth2ProviderApplicationHeadlessServerConfiguration~liferay-bot-etc-node-oauth-application-headless-server
2024-10-19 19:11:28.163 INFO  [CM Event Dispatcher (Fire ConfigurationEvent: pid=com.liferay.oauth2.provider.configuration.OAuth2ProviderApplicationUserAgentConfiguration~liferay-bot-etc-node-oauth-application-user-agent)][InterpolationConfigurationPlugin:135] Replaced value of configuration property 'homePageURL' for PID com.liferay.oauth2.provider.configuration.OAuth2ProviderApplicationUserAgentConfiguration~liferay-bot-etc-node-oauth-application-user-agent
2024-10-19 19:48:48.818 INFO  [fileinstall-directory-watcher][BundleStartStopLogger:68] STARTED liferaybotcustomelement_7.4.13 [1470]
2024-10-19 19:51:26.117 INFO  [fileinstall-directory-watcher][BundleStartStopLogger:71] STOPPED liferaybotcustomelement_7.4.13 [1470]
2024-10-19 19:52:02.070 INFO  [fileinstall-directory-watcher][BundleStartStopLogger:68] STARTED liferaybotcustomelement_7.4.13 [1471]
2024-10-19 20:29:04.939 INFO  [fileinstall-directory-watcher][BundleStartStopLogger:71] STOPPED liferaybotcustomelement_7.4.13 [1471]
2024-10-19 20:29:40.792 INFO  [fileinstall-directory-watcher][BundleStartStopLogger:68] STARTED liferaybotcustomelement_7.4.13 [1472]
