2024-10-21 00:14:02.127 WARN  [HikariPool-1 housekeeper][HikariPool:788] HikariPool-1 - Thread starvation or clock leap detected (housekeeper delta=16m12s429ms).
2024-10-21 00:24:05.370 WARN  [HikariPool-1 housekeeper][HikariPool:788] HikariPool-1 - Thread starvation or clock leap detected (housekeeper delta=8m33s181ms).
2024-10-21 00:40:45.176 WARN  [HikariPool-1 housekeeper][HikariPool:788] HikariPool-1 - Thread starvation or clock leap detected (housekeeper delta=16m9s791ms).
2024-10-21 00:59:01.864 WARN  [HikariPool-1 housekeeper][HikariPool:788] HikariPool-1 - Thread starvation or clock leap detected (housekeeper delta=17m46s692ms).
2024-10-21 02:15:50.387 WARN  [HikariPool-1 housekeeper][HikariPool:788] HikariPool-1 - Thread starvation or clock leap detected (housekeeper delta=17m17s900ms).
2024-10-21 02:25:15.331 WARN  [HikariPool-1 housekeeper][HikariPool:788] HikariPool-1 - Thread starvation or clock leap detected (housekeeper delta=8m54s845ms).
2024-10-21 02:43:13.677 WARN  [HikariPool-1 housekeeper][HikariPool:788] HikariPool-1 - Thread starvation or clock leap detected (housekeeper delta=16m58s339ms).
2024-10-21 02:59:18.484 WARN  [HikariPool-1 housekeeper][HikariPool:788] HikariPool-1 - Thread starvation or clock leap detected (housekeeper delta=15m34s786ms).
2024-10-21 05:17:56.278 WARN  [HikariPool-1 housekeeper][HikariPool:788] HikariPool-1 - Thread starvation or clock leap detected (housekeeper delta=18m6s283ms).
2024-10-21 05:26:18.868 WARN  [HikariPool-1 housekeeper][HikariPool:788] HikariPool-1 - Thread starvation or clock leap detected (housekeeper delta=6m22s561ms).
2024-10-21 05:44:37.615 WARN  [HikariPool-1 housekeeper][HikariPool:788] HikariPool-1 - Thread starvation or clock leap detected (housekeeper delta=16m48s721ms).
2024-10-21 06:05:47.394 WARN  [HikariPool-1 housekeeper][HikariPool:788] HikariPool-1 - Thread starvation or clock leap detected (housekeeper delta=15m39s690ms).
2024-10-21 07:26:56.081 WARN  [HikariPool-1 housekeeper][HikariPool:788] HikariPool-1 - Thread starvation or clock leap detected (housekeeper delta=16m28s38ms).
2024-10-21 07:45:12.994 WARN  [HikariPool-1 housekeeper][HikariPool:788] HikariPool-1 - Thread starvation or clock leap detected (housekeeper delta=16m46s882ms).
2024-10-21 08:41:51.373 WARN  [HikariPool-1 housekeeper][HikariPool:788] HikariPool-1 - Thread starvation or clock leap detected (housekeeper delta=5m37s777ms).
2024-10-21 09:01:09.307 WARN  [HikariPool-1 housekeeper][HikariPool:788] HikariPool-1 - Thread starvation or clock leap detected (housekeeper delta=19m17s935ms).
2024-10-21 09:14:32.358 INFO  [CM Event Dispatcher (Fire ConfigurationEvent: pid=com.liferay.oauth2.provider.configuration.OAuth2ProviderApplicationHeadlessServerConfiguration~liferay-pillar-site-initializer-oauth-application-headless-server)][InterpolationConfigurationPlugin:135] Replaced value of configuration property 'homePageURL' for PID com.liferay.oauth2.provider.configuration.OAuth2ProviderApplicationHeadlessServerConfiguration~liferay-pillar-site-initializer-oauth-application-headless-server
2024-10-21 09:14:56.236 INFO  [fileinstall-directory-watcher][BundleStartStopLogger:68] STARTED liferaypillarsiteinitializerpillar_7.4.13 [1478]
2024-10-21 09:24:55.283 INFO  [main][PortalContextLoaderListener:114] JVM arguments: -Djava.util.logging.config.file=/Users/mumentayyem/liferay/liferay-telegram/bundles/tomcat/conf/logging.properties -Djava.util.logging.manager=org.apache.juli.ClassLoaderLogManager -Djdk.tls.ephemeralDHKeySize=2048 -Djava.protocol.handler.pkgs=org.apache.catalina.webresources -Dorg.apache.catalina.security.SecurityListener.UMASK=0027 -Dfile.encoding=UTF-8 -Djava.locale.providers=JRE,COMPAT,CLDR -Djava.net.preferIPv4Stack=true -Duser.timezone=GMT -Xms2560m -Xmx2560m -XX:MaxNewSize=1536m -XX:MaxMetaspaceSize=768m -XX:MetaspaceSize=768m -XX:NewSize=1536m -XX:SurvivorRatio=7 -Dignore.endorsed.dirs= -Dcatalina.base=/Users/mumentayyem/liferay/liferay-telegram/bundles/tomcat -Dcatalina.home=/Users/mumentayyem/liferay/liferay-telegram/bundles/tomcat -Djava.io.tmpdir=/Users/mumentayyem/liferay/liferay-telegram/bundles/tomcat/temp -Xmx10240m
2024-10-21 09:24:58.853 WARN  [SystemExecutorServiceUtil-1][DialectDetector:73] Liferay is configured to use Hypersonic as its database. Do NOT use Hypersonic in production. Hypersonic is an embedded database useful for development and demonstration purposes. The database settings can be changed in portal-ext.properties.
2024-10-21 09:24:58.857 INFO  [SystemExecutorServiceUtil-1][DialectDetector:144] Using dialect com.liferay.portal.dao.orm.hibernate.HSQLDialect for HSQL Database Engine 2.7
2024-10-21 09:24:59.197 INFO  [main][ModuleFrameworkImpl:1355] Starting initial bundles
2024-10-21 09:24:59.998 INFO  [main][InterpolationConfigurationPlugin:109] Configured directory for secrets: /Users/mumentayyem/liferay/liferay-telegram/bundles/osgi/configs
2024-10-21 09:25:01.873 INFO  [main][ModuleFrameworkImpl:1645] Started initial bundles
2024-10-21 09:25:01.876 INFO  [main][ModuleFrameworkImpl:1690] Starting dynamic bundles
2024-10-21 09:25:06.296 WARN  [Start Level: Equinox Container: acd9938f-567b-4d63-8d4b-c4f3e76a13c1][SidecarManager:72] Liferay automatically starts a child process of Elasticsearch named sidecar for convenient development and demonstration purposes. Do NOT use sidecar in production. Refer to the documentation for details on the limitations of sidecar and instructions on configuring a remote Elasticsearch connection in the Control Panel.
2024-10-21 09:25:10.748 INFO  [Start Level: Equinox Container: acd9938f-567b-4d63-8d4b-c4f3e76a13c1][InterpolationConfigurationPlugin:135] Replaced value of configuration property 'homePageURL' for PID com.liferay.oauth2.provider.configuration.OAuth2ProviderApplicationHeadlessServerConfiguration~liferay-bot-etc-node-oauth-application-headless-server
2024-10-21 09:25:10.751 INFO  [Start Level: Equinox Container: acd9938f-567b-4d63-8d4b-c4f3e76a13c1][InterpolationConfigurationPlugin:135] Replaced value of configuration property 'homePageURL' for PID com.liferay.oauth2.provider.configuration.OAuth2ProviderApplicationHeadlessServerConfiguration~liferay-pillar-site-initializer-oauth-application-headless-server
2024-10-21 09:25:10.753 INFO  [Start Level: Equinox Container: acd9938f-567b-4d63-8d4b-c4f3e76a13c1][InterpolationConfigurationPlugin:135] Replaced value of configuration property 'homePageURL' for PID com.liferay.oauth2.provider.configuration.OAuth2ProviderApplicationUserAgentConfiguration~liferay-bot-etc-node-oauth-application-user-agent
2024-10-21 09:25:14.867 INFO  [main][ModuleFrameworkImpl:1713] Started dynamic bundles
2024-10-21 09:25:14.869 INFO  [main][ModuleFrameworkImpl:1720] Starting web bundles
2024-10-21 09:25:17.963 INFO  [main][ModuleFrameworkImpl:1774] Started web bundles
2024-10-21 09:25:17.968 INFO  [main][ModuleFrameworkImpl:283] Navigate to Control Panel > System > Gogo Shell and enter "lb" to see all bundles
2024-10-21 09:25:22.260 INFO  [main][StartupHelperUtil:97] There are no patches installed
2024-10-21 09:25:22.918 INFO  [main][LoggingTimer:74] Starting com.liferay.portal.events.StartupHelperUtil#initResourceActions
2024-10-21 09:25:23.218 INFO  [main][LoggingTimer:35] Completed com.liferay.portal.events.StartupHelperUtil#initResourceActions in 291 ms
2024-10-21 09:25:23.366 INFO  [main][LicenseManager:-1] DXP Development license validation passed
2024-10-21 09:25:25.307 INFO  [main][AutoDeployDir:152] Auto deploy scanner started for /Users/mumentayyem/liferay/liferay-telegram/bundles/deploy
2024-10-21 09:25:29.765 INFO  [SystemExecutorServiceUtil-8][Sidecar:103] Sidecar Elasticsearch liferay started at 127.0.0.1:9201
2024-10-21 09:25:38.916 INFO  [fileinstall-directory-watcher][BaseAutoDeployListener:34] Copying themes for /Users/mumentayyem/liferay/liferay-telegram/bundles/tomcat/temp/20241021092538768KBPVKZCC/admin-theme.war
2024-10-21 09:25:44.442 INFO  [fileinstall-directory-watcher][BaseAutoDeployListener:41] Themes for /Users/mumentayyem/liferay/liferay-telegram/bundles/tomcat/temp/20241021092538768KBPVKZCC/admin-theme.war copied successfully
2024-10-21 09:25:49.549 INFO  [fileinstall-directory-watcher][BaseAutoDeployListener:34] Copying themes for /Users/mumentayyem/liferay/liferay-telegram/bundles/tomcat/temp/20241021092549497TAGAFYUA/classic-theme.war
2024-10-21 09:25:53.404 INFO  [fileinstall-directory-watcher][BaseAutoDeployListener:41] Themes for /Users/mumentayyem/liferay/liferay-telegram/bundles/tomcat/temp/20241021092549497TAGAFYUA/classic-theme.war copied successfully
2024-10-21 09:25:57.107 INFO  [fileinstall-directory-watcher][BaseAutoDeployListener:34] Copying themes for /Users/mumentayyem/liferay/liferay-telegram/bundles/tomcat/temp/20241021092557049QEHHATFF/dialect-theme.war
2024-10-21 09:25:59.709 INFO  [fileinstall-directory-watcher][BaseAutoDeployListener:41] Themes for /Users/mumentayyem/liferay/liferay-telegram/bundles/tomcat/temp/20241021092557049QEHHATFF/dialect-theme.war copied successfully
2024-10-21 09:26:01.701 INFO  [fileinstall-directory-watcher][BaseAutoDeployListener:34] Copying themes for /Users/mumentayyem/liferay/liferay-telegram/bundles/tomcat/temp/20241021092601680BSPYSFLN/minium-theme.war
2024-10-21 09:26:03.356 INFO  [fileinstall-directory-watcher][BaseAutoDeployListener:41] Themes for /Users/mumentayyem/liferay/liferay-telegram/bundles/tomcat/temp/20241021092601680BSPYSFLN/minium-theme.war copied successfully
2024-10-21 09:26:05.533 INFO  [fileinstall-directory-watcher][BaseAutoDeployListener:34] Copying themes for /Users/mumentayyem/liferay/liferay-telegram/bundles/tomcat/temp/20241021092605515QHQQGQMT/speedwell-theme.war
2024-10-21 09:26:07.800 INFO  [fileinstall-directory-watcher][BaseAutoDeployListener:41] Themes for /Users/mumentayyem/liferay/liferay-telegram/bundles/tomcat/temp/20241021092605515QHQQGQMT/speedwell-theme.war copied successfully
2024-10-21 09:27:16.552 INFO  [CM Event Dispatcher (Fire ConfigurationEvent: pid=com.liferay.oauth2.provider.configuration.OAuth2ProviderApplicationHeadlessServerConfiguration~liferay-pillar-site-initializer-oauth-application-headless-server)][InterpolationConfigurationPlugin:135] Replaced value of configuration property 'homePageURL' for PID com.liferay.oauth2.provider.configuration.OAuth2ProviderApplicationHeadlessServerConfiguration~liferay-pillar-site-initializer-oauth-application-headless-server
2024-10-21 09:27:41.477 INFO  [fileinstall-directory-watcher][BundleStartStopLogger:68] STARTED liferaypillarsiteinitializerpillar_7.4.13 [1480]
2024-10-21 09:36:36.125 INFO  [CM Event Dispatcher (Fire ConfigurationEvent: pid=com.liferay.oauth2.provider.configuration.OAuth2ProviderApplicationHeadlessServerConfiguration~liferay-pillar-site-initializer-wm-oauth-application-headless-server)][InterpolationConfigurationPlugin:135] Replaced value of configuration property 'homePageURL' for PID com.liferay.oauth2.provider.configuration.OAuth2ProviderApplicationHeadlessServerConfiguration~liferay-pillar-site-initializer-wm-oauth-application-headless-server
2024-10-21 09:36:49.502 INFO  [fileinstall-directory-watcher][BundleStartStopLogger:68] STARTED liferaypillarsiteinitializerwm_7.4.13 [1481]
2024-10-21 10:00:06.997 INFO  [fileinstall-directory-watcher][BundleStartStopLogger:71] STOPPED liferaypillarsiteinitializerpillar_7.4.13 [1480]
2024-10-21 10:00:07.070 INFO  [fileinstall-directory-watcher][BundleStartStopLogger:71] STOPPED liferaypillarsiteinitializerwm_7.4.13 [1481]
2024-10-21 10:00:58.059 INFO  [fileinstall-directory-watcher][BundleStartStopLogger:68] STARTED liferaypillaretcnode_7.4.13 [1482]
2024-10-21 10:00:58.090 INFO  [CM Event Dispatcher (Fire ConfigurationEvent: pid=com.liferay.oauth2.provider.configuration.OAuth2ProviderApplicationHeadlessServerConfiguration~liferay-pillar-etc-node-oauth-application-headless-server)][InterpolationConfigurationPlugin:135] Replaced value of configuration property 'homePageURL' for PID com.liferay.oauth2.provider.configuration.OAuth2ProviderApplicationHeadlessServerConfiguration~liferay-pillar-etc-node-oauth-application-headless-server
2024-10-21 10:00:58.207 INFO  [CM Event Dispatcher (Fire ConfigurationEvent: pid=com.liferay.oauth2.provider.configuration.OAuth2ProviderApplicationUserAgentConfiguration~liferay-pillar-etc-node-oauth-application-user-agent)][InterpolationConfigurationPlugin:135] Replaced value of configuration property 'homePageURL' for PID com.liferay.oauth2.provider.configuration.OAuth2ProviderApplicationUserAgentConfiguration~liferay-pillar-etc-node-oauth-application-user-agent
2024-10-21 10:01:23.697 INFO  [CM Event Dispatcher (Fire ConfigurationEvent: pid=com.liferay.oauth2.provider.configuration.OAuth2ProviderApplicationHeadlessServerConfiguration~liferay-pillar-batch-oauth-application-headless-server)][InterpolationConfigurationPlugin:135] Replaced value of configuration property 'homePageURL' for PID com.liferay.oauth2.provider.configuration.OAuth2ProviderApplicationHeadlessServerConfiguration~liferay-pillar-batch-oauth-application-headless-server
2024-10-21 10:01:42.855 INFO  [fileinstall-directory-watcher][BundleStartStopLogger:68] STARTED liferaypillarbatch_7.4.13 [1483]
2024-10-21 10:03:14.785 INFO  [fileinstall-directory-watcher][BundleStartStopLogger:68] STARTED liferaypillarcustomelements_7.4.13 [1484]
2024-10-21 10:03:36.058 INFO  [CM Event Dispatcher (Fire ConfigurationEvent: pid=com.liferay.oauth2.provider.configuration.OAuth2ProviderApplicationHeadlessServerConfiguration~liferay-pillar-site-initializer-oauth-application-headless-server)][InterpolationConfigurationPlugin:135] Replaced value of configuration property 'homePageURL' for PID com.liferay.oauth2.provider.configuration.OAuth2ProviderApplicationHeadlessServerConfiguration~liferay-pillar-site-initializer-oauth-application-headless-server
2024-10-21 10:03:45.277 INFO  [fileinstall-directory-watcher][BundleStartStopLogger:68] STARTED liferaypillarsiteinitializerpillar_7.4.13 [1485]
2024-10-21 10:03:56.535 INFO  [CM Event Dispatcher (Fire ConfigurationEvent: pid=com.liferay.oauth2.provider.configuration.OAuth2ProviderApplicationHeadlessServerConfiguration~liferay-pillar-site-initializer-wm-oauth-application-headless-server)][InterpolationConfigurationPlugin:135] Replaced value of configuration property 'homePageURL' for PID com.liferay.oauth2.provider.configuration.OAuth2ProviderApplicationHeadlessServerConfiguration~liferay-pillar-site-initializer-wm-oauth-application-headless-server
2024-10-21 10:04:06.844 INFO  [fileinstall-directory-watcher][BundleStartStopLogger:68] STARTED liferaypillarsiteinitializerwm_7.4.13 [1486]
2024-10-21 10:15:33.567 INFO  [main][PortalContextLoaderListener:114] JVM arguments: -Djava.util.logging.config.file=/Users/mumentayyem/liferay/liferay-telegram/bundles/tomcat/conf/logging.properties -Djava.util.logging.manager=org.apache.juli.ClassLoaderLogManager -Djdk.tls.ephemeralDHKeySize=2048 -Djava.protocol.handler.pkgs=org.apache.catalina.webresources -Dorg.apache.catalina.security.SecurityListener.UMASK=0027 -Dfile.encoding=UTF-8 -Djava.locale.providers=JRE,COMPAT,CLDR -Djava.net.preferIPv4Stack=true -Duser.timezone=GMT -Xms2560m -Xmx2560m -XX:MaxNewSize=1536m -XX:MaxMetaspaceSize=768m -XX:MetaspaceSize=768m -XX:NewSize=1536m -XX:SurvivorRatio=7 -Dignore.endorsed.dirs= -Dcatalina.base=/Users/mumentayyem/liferay/liferay-telegram/bundles/tomcat -Dcatalina.home=/Users/mumentayyem/liferay/liferay-telegram/bundles/tomcat -Djava.io.tmpdir=/Users/mumentayyem/liferay/liferay-telegram/bundles/tomcat/temp -Xmx10240m
2024-10-21 10:15:37.551 WARN  [SystemExecutorServiceUtil-1][DialectDetector:73] Liferay is configured to use Hypersonic as its database. Do NOT use Hypersonic in production. Hypersonic is an embedded database useful for development and demonstration purposes. The database settings can be changed in portal-ext.properties.
2024-10-21 10:15:37.561 INFO  [SystemExecutorServiceUtil-1][DialectDetector:144] Using dialect com.liferay.portal.dao.orm.hibernate.HSQLDialect for HSQL Database Engine 2.7
2024-10-21 10:15:37.832 INFO  [main][ModuleFrameworkImpl:1355] Starting initial bundles
2024-10-21 10:15:38.490 INFO  [main][InterpolationConfigurationPlugin:109] Configured directory for secrets: /Users/mumentayyem/liferay/liferay-telegram/bundles/osgi/configs
2024-10-21 10:15:39.991 INFO  [main][ModuleFrameworkImpl:1645] Started initial bundles
2024-10-21 10:15:39.993 INFO  [main][ModuleFrameworkImpl:1690] Starting dynamic bundles
2024-10-21 10:15:42.920 WARN  [Start Level: Equinox Container: 570ff9ab-ab35-423f-9724-603c83da1b03][SidecarManager:72] Liferay automatically starts a child process of Elasticsearch named sidecar for convenient development and demonstration purposes. Do NOT use sidecar in production. Refer to the documentation for details on the limitations of sidecar and instructions on configuring a remote Elasticsearch connection in the Control Panel.
2024-10-21 10:15:47.014 INFO  [Start Level: Equinox Container: 570ff9ab-ab35-423f-9724-603c83da1b03][InterpolationConfigurationPlugin:135] Replaced value of configuration property 'homePageURL' for PID com.liferay.oauth2.provider.configuration.OAuth2ProviderApplicationHeadlessServerConfiguration~liferay-pillar-batch-oauth-application-headless-server
2024-10-21 10:15:47.017 INFO  [Start Level: Equinox Container: 570ff9ab-ab35-423f-9724-603c83da1b03][InterpolationConfigurationPlugin:135] Replaced value of configuration property 'homePageURL' for PID com.liferay.oauth2.provider.configuration.OAuth2ProviderApplicationHeadlessServerConfiguration~liferay-pillar-site-initializer-wm-oauth-application-headless-server
2024-10-21 10:15:47.017 INFO  [Start Level: Equinox Container: 570ff9ab-ab35-423f-9724-603c83da1b03][InterpolationConfigurationPlugin:135] Replaced value of configuration property 'homePageURL' for PID com.liferay.oauth2.provider.configuration.OAuth2ProviderApplicationHeadlessServerConfiguration~liferay-pillar-etc-node-oauth-application-headless-server
2024-10-21 10:15:47.018 INFO  [Start Level: Equinox Container: 570ff9ab-ab35-423f-9724-603c83da1b03][InterpolationConfigurationPlugin:135] Replaced value of configuration property 'homePageURL' for PID com.liferay.oauth2.provider.configuration.OAuth2ProviderApplicationHeadlessServerConfiguration~liferay-bot-etc-node-oauth-application-headless-server
2024-10-21 10:15:47.019 INFO  [Start Level: Equinox Container: 570ff9ab-ab35-423f-9724-603c83da1b03][InterpolationConfigurationPlugin:135] Replaced value of configuration property 'homePageURL' for PID com.liferay.oauth2.provider.configuration.OAuth2ProviderApplicationHeadlessServerConfiguration~liferay-pillar-site-initializer-oauth-application-headless-server
2024-10-21 10:15:47.020 INFO  [Start Level: Equinox Container: 570ff9ab-ab35-423f-9724-603c83da1b03][InterpolationConfigurationPlugin:135] Replaced value of configuration property 'homePageURL' for PID com.liferay.oauth2.provider.configuration.OAuth2ProviderApplicationUserAgentConfiguration~liferay-pillar-etc-node-oauth-application-user-agent
2024-10-21 10:15:47.020 INFO  [Start Level: Equinox Container: 570ff9ab-ab35-423f-9724-603c83da1b03][InterpolationConfigurationPlugin:135] Replaced value of configuration property 'homePageURL' for PID com.liferay.oauth2.provider.configuration.OAuth2ProviderApplicationUserAgentConfiguration~liferay-bot-etc-node-oauth-application-user-agent
2024-10-21 10:15:49.889 INFO  [main][ModuleFrameworkImpl:1713] Started dynamic bundles
2024-10-21 10:15:49.891 INFO  [main][ModuleFrameworkImpl:1720] Starting web bundles
2024-10-21 10:15:52.300 INFO  [main][ModuleFrameworkImpl:1774] Started web bundles
2024-10-21 10:15:52.304 INFO  [main][ModuleFrameworkImpl:283] Navigate to Control Panel > System > Gogo Shell and enter "lb" to see all bundles
2024-10-21 10:15:55.191 INFO  [main][StartupHelperUtil:97] There are no patches installed
2024-10-21 10:15:55.514 INFO  [main][LoggingTimer:74] Starting com.liferay.portal.events.StartupHelperUtil#initResourceActions
2024-10-21 10:15:55.603 INFO  [main][LoggingTimer:35] Completed com.liferay.portal.events.StartupHelperUtil#initResourceActions in 89 ms
2024-10-21 10:15:55.663 INFO  [main][LicenseManager:-1] DXP Development license validation passed
2024-10-21 10:15:56.637 INFO  [main][AutoDeployDir:152] Auto deploy scanner started for /Users/mumentayyem/liferay/liferay-telegram/bundles/deploy
2024-10-21 10:16:00.564 INFO  [SystemExecutorServiceUtil-1][Sidecar:103] Sidecar Elasticsearch liferay started at 127.0.0.1:9201
2024-10-21 10:16:12.803 INFO  [fileinstall-directory-watcher][BaseAutoDeployListener:34] Copying themes for /Users/mumentayyem/liferay/liferay-telegram/bundles/tomcat/temp/20241021101612730HGNUHZZY/admin-theme.war
2024-10-21 10:16:15.196 INFO  [fileinstall-directory-watcher][BaseAutoDeployListener:41] Themes for /Users/mumentayyem/liferay/liferay-telegram/bundles/tomcat/temp/20241021101612730HGNUHZZY/admin-theme.war copied successfully
2024-10-21 10:16:19.442 INFO  [fileinstall-directory-watcher][BaseAutoDeployListener:34] Copying themes for /Users/mumentayyem/liferay/liferay-telegram/bundles/tomcat/temp/20241021101619396QRAJHPPX/classic-theme.war
2024-10-21 10:16:21.187 INFO  [fileinstall-directory-watcher][BaseAutoDeployListener:41] Themes for /Users/mumentayyem/liferay/liferay-telegram/bundles/tomcat/temp/20241021101619396QRAJHPPX/classic-theme.war copied successfully
2024-10-21 10:16:23.411 INFO  [fileinstall-directory-watcher][BaseAutoDeployListener:34] Copying themes for /Users/mumentayyem/liferay/liferay-telegram/bundles/tomcat/temp/20241021101623391KNVIYTLE/dialect-theme.war
2024-10-21 10:16:24.816 INFO  [fileinstall-directory-watcher][BaseAutoDeployListener:41] Themes for /Users/mumentayyem/liferay/liferay-telegram/bundles/tomcat/temp/20241021101623391KNVIYTLE/dialect-theme.war copied successfully
2024-10-21 10:16:27.234 INFO  [fileinstall-directory-watcher][BaseAutoDeployListener:34] Copying themes for /Users/mumentayyem/liferay/liferay-telegram/bundles/tomcat/temp/20241021101627212SZKNPCUO/minium-theme.war
2024-10-21 10:16:28.716 INFO  [fileinstall-directory-watcher][BaseAutoDeployListener:41] Themes for /Users/mumentayyem/liferay/liferay-telegram/bundles/tomcat/temp/20241021101627212SZKNPCUO/minium-theme.war copied successfully
2024-10-21 10:16:30.404 INFO  [fileinstall-directory-watcher][BaseAutoDeployListener:34] Copying themes for /Users/mumentayyem/liferay/liferay-telegram/bundles/tomcat/temp/20241021101630382TMPSRDXG/speedwell-theme.war
2024-10-21 10:16:31.734 INFO  [fileinstall-directory-watcher][BaseAutoDeployListener:41] Themes for /Users/mumentayyem/liferay/liferay-telegram/bundles/tomcat/temp/20241021101630382TMPSRDXG/speedwell-theme.war copied successfully
2024-10-21 10:29:56.469 INFO  [fileinstall-directory-watcher][BundleStartStopLogger:68] STARTED liferaypillaretcnode_7.4.13 [1487]
2024-10-21 10:29:56.779 INFO  [CM Event Dispatcher (Fire ConfigurationEvent: pid=com.liferay.oauth2.provider.configuration.OAuth2ProviderApplicationHeadlessServerConfiguration~liferay-pillar-etc-node-oauth-application-headless-server)][InterpolationConfigurationPlugin:135] Replaced value of configuration property 'homePageURL' for PID com.liferay.oauth2.provider.configuration.OAuth2ProviderApplicationHeadlessServerConfiguration~liferay-pillar-etc-node-oauth-application-headless-server
2024-10-21 10:29:56.928 INFO  [CM Event Dispatcher (Fire ConfigurationEvent: pid=com.liferay.oauth2.provider.configuration.OAuth2ProviderApplicationUserAgentConfiguration~liferay-pillar-etc-node-oauth-application-user-agent)][InterpolationConfigurationPlugin:135] Replaced value of configuration property 'homePageURL' for PID com.liferay.oauth2.provider.configuration.OAuth2ProviderApplicationUserAgentConfiguration~liferay-pillar-etc-node-oauth-application-user-agent
2024-10-21 10:30:42.063 ERROR [default-2][PortalCatapultImpl:95] org.apache.http.conn.HttpHostConnectException: Connect to localhost:3001 [localhost/127.0.0.1] failed: Connection refused (Connection refused)
java.io.IOException: org.apache.http.conn.HttpHostConnectException: Connect to localhost:3001 [localhost/127.0.0.1] failed: Connection refused (Connection refused)
	at com.liferay.portal.http.internal.HttpImpl.URLtoInputStream(HttpImpl.java:935) ~[?:?]
	at com.liferay.portal.http.internal.HttpImpl.URLtoByteArray(HttpImpl.java:576) ~[?:?]
	at com.liferay.portal.http.internal.HttpImpl.URLtoByteArray(HttpImpl.java:164) ~[?:?]
	at com.liferay.portal.catapult.internal.PortalCatapultImpl.lambda$launch$2(PortalCatapultImpl.java:92) ~[?:?]
	at java.util.concurrent.FutureTask.run(FutureTask.java:266) [?:1.8.0_321]
	at java.util.concurrent.ThreadPoolExecutor.runWorker(ThreadPoolExecutor.java:1149) [?:1.8.0_321]
	at java.util.concurrent.ThreadPoolExecutor$Worker.run(ThreadPoolExecutor.java:624) [?:1.8.0_321]
	at java.lang.Thread.run(Thread.java:750) [?:1.8.0_321]
Caused by: org.apache.http.conn.HttpHostConnectException: Connect to localhost:3001 [localhost/127.0.0.1] failed: Connection refused (Connection refused)
	at org.apache.http.impl.conn.DefaultHttpClientConnectionOperator.connect(DefaultHttpClientConnectionOperator.java:156) ~[?:?]
	at org.apache.http.impl.conn.PoolingHttpClientConnectionManager.connect(PoolingHttpClientConnectionManager.java:376) ~[?:?]
	at org.apache.http.impl.execchain.MainClientExec.establishRoute(MainClientExec.java:393) ~[?:?]
	at org.apache.http.impl.execchain.MainClientExec.execute(MainClientExec.java:236) ~[?:?]
	at org.apache.http.impl.execchain.ProtocolExec.execute(ProtocolExec.java:186) ~[?:?]
	at org.apache.http.impl.execchain.RetryExec.execute(RetryExec.java:89) ~[?:?]
	at org.apache.http.impl.execchain.RedirectExec.execute(RedirectExec.java:110) ~[?:?]
	at org.apache.http.impl.client.InternalHttpClient.doExecute(InternalHttpClient.java:185) ~[?:?]
	at org.apache.http.impl.client.CloseableHttpClient.execute(CloseableHttpClient.java:72) ~[?:?]
	at com.liferay.portal.http.internal.HttpImpl.URLtoInputStream(HttpImpl.java:815) ~[?:?]
	... 7 more
Caused by: java.net.ConnectException: Connection refused (Connection refused)
	at java.net.PlainSocketImpl.socketConnect(Native Method) ~[?:1.8.0_321]
	at java.net.AbstractPlainSocketImpl.doConnect(AbstractPlainSocketImpl.java:476) ~[?:1.8.0_321]
	at java.net.AbstractPlainSocketImpl.connectToAddress(AbstractPlainSocketImpl.java:218) ~[?:1.8.0_321]
	at java.net.AbstractPlainSocketImpl.connect(AbstractPlainSocketImpl.java:200) ~[?:1.8.0_321]
	at java.net.SocksSocketImpl.connect(SocksSocketImpl.java:394) ~[?:1.8.0_321]
	at java.net.Socket.connect(Socket.java:606) ~[?:1.8.0_321]
	at org.apache.http.conn.socket.PlainConnectionSocketFactory.connectSocket(PlainConnectionSocketFactory.java:75) ~[?:?]
	at org.apache.http.impl.conn.DefaultHttpClientConnectionOperator.connect(DefaultHttpClientConnectionOperator.java:142) ~[?:?]
	at org.apache.http.impl.conn.PoolingHttpClientConnectionManager.connect(PoolingHttpClientConnectionManager.java:376) ~[?:?]
	at org.apache.http.impl.execchain.MainClientExec.establishRoute(MainClientExec.java:393) ~[?:?]
	at org.apache.http.impl.execchain.MainClientExec.execute(MainClientExec.java:236) ~[?:?]
	at org.apache.http.impl.execchain.ProtocolExec.execute(ProtocolExec.java:186) ~[?:?]
	at org.apache.http.impl.execchain.RetryExec.execute(RetryExec.java:89) ~[?:?]
	at org.apache.http.impl.execchain.RedirectExec.execute(RedirectExec.java:110) ~[?:?]
	at org.apache.http.impl.client.InternalHttpClient.doExecute(InternalHttpClient.java:185) ~[?:?]
	at org.apache.http.impl.client.CloseableHttpClient.execute(CloseableHttpClient.java:72) ~[?:?]
	at com.liferay.portal.http.internal.HttpImpl.URLtoInputStream(HttpImpl.java:815) ~[?:?]
	... 7 more
2024-10-21 10:36:14.730 ERROR [default-2][PortalCatapultImpl:95] org.apache.http.NoHttpResponseException: localhost:3001 failed to respond
java.io.IOException: org.apache.http.NoHttpResponseException: localhost:3001 failed to respond
	at com.liferay.portal.http.internal.HttpImpl.URLtoInputStream(HttpImpl.java:935) ~[?:?]
	at com.liferay.portal.http.internal.HttpImpl.URLtoByteArray(HttpImpl.java:576) ~[?:?]
	at com.liferay.portal.http.internal.HttpImpl.URLtoByteArray(HttpImpl.java:164) ~[?:?]
	at com.liferay.portal.catapult.internal.PortalCatapultImpl.lambda$launch$2(PortalCatapultImpl.java:92) ~[?:?]
	at java.util.concurrent.FutureTask.run(FutureTask.java:266) [?:1.8.0_321]
	at java.util.concurrent.ThreadPoolExecutor.runWorker(ThreadPoolExecutor.java:1149) [?:1.8.0_321]
	at java.util.concurrent.ThreadPoolExecutor$Worker.run(ThreadPoolExecutor.java:624) [?:1.8.0_321]
	at java.lang.Thread.run(Thread.java:750) [?:1.8.0_321]
Caused by: org.apache.http.NoHttpResponseException: localhost:3001 failed to respond
	at org.apache.http.impl.conn.DefaultHttpResponseParser.parseHead(DefaultHttpResponseParser.java:141) ~[?:?]
	at org.apache.http.impl.conn.DefaultHttpResponseParser.parseHead(DefaultHttpResponseParser.java:56) ~[?:?]
	at org.apache.http.impl.io.AbstractMessageParser.parse(AbstractMessageParser.java:259) ~[?:?]
	at org.apache.http.impl.DefaultBHttpClientConnection.receiveResponseHeader(DefaultBHttpClientConnection.java:163) ~[?:?]
	at org.apache.http.impl.conn.CPoolProxy.receiveResponseHeader(CPoolProxy.java:157) ~[?:?]
	at org.apache.http.protocol.HttpRequestExecutor.doReceiveResponse(HttpRequestExecutor.java:273) ~[?:?]
	at org.apache.http.protocol.HttpRequestExecutor.execute(HttpRequestExecutor.java:125) ~[?:?]
	at org.apache.http.impl.execchain.MainClientExec.execute(MainClientExec.java:272) ~[?:?]
	at org.apache.http.impl.execchain.ProtocolExec.execute(ProtocolExec.java:186) ~[?:?]
	at org.apache.http.impl.execchain.RetryExec.execute(RetryExec.java:89) ~[?:?]
	at org.apache.http.impl.execchain.RedirectExec.execute(RedirectExec.java:110) ~[?:?]
	at org.apache.http.impl.client.InternalHttpClient.doExecute(InternalHttpClient.java:185) ~[?:?]
	at org.apache.http.impl.client.CloseableHttpClient.execute(CloseableHttpClient.java:72) ~[?:?]
	at com.liferay.portal.http.internal.HttpImpl.URLtoInputStream(HttpImpl.java:815) ~[?:?]
	... 7 more
2024-10-21 10:36:14.730 ERROR [default-4][PortalCatapultImpl:95] java.net.SocketException: Connection reset
java.io.IOException: java.net.SocketException: Connection reset
	at com.liferay.portal.http.internal.HttpImpl.URLtoInputStream(HttpImpl.java:935) ~[?:?]
	at com.liferay.portal.http.internal.HttpImpl.URLtoByteArray(HttpImpl.java:576) ~[?:?]
	at com.liferay.portal.http.internal.HttpImpl.URLtoByteArray(HttpImpl.java:164) ~[?:?]
	at com.liferay.portal.catapult.internal.PortalCatapultImpl.lambda$launch$2(PortalCatapultImpl.java:92) ~[?:?]
	at java.util.concurrent.FutureTask.run(FutureTask.java:266) [?:1.8.0_321]
	at java.util.concurrent.ThreadPoolExecutor.runWorker(ThreadPoolExecutor.java:1149) [?:1.8.0_321]
	at java.util.concurrent.ThreadPoolExecutor$Worker.run(ThreadPoolExecutor.java:624) [?:1.8.0_321]
	at java.lang.Thread.run(Thread.java:750) [?:1.8.0_321]
Caused by: java.net.SocketException: Connection reset
	at java.net.SocketInputStream.read(SocketInputStream.java:210) ~[?:1.8.0_321]
	at java.net.SocketInputStream.read(SocketInputStream.java:141) ~[?:1.8.0_321]
	at org.apache.http.impl.io.SessionInputBufferImpl.streamRead(SessionInputBufferImpl.java:137) ~[?:?]
	at org.apache.http.impl.io.SessionInputBufferImpl.fillBuffer(SessionInputBufferImpl.java:153) ~[?:?]
	at org.apache.http.impl.io.SessionInputBufferImpl.readLine(SessionInputBufferImpl.java:280) ~[?:?]
	at org.apache.http.impl.conn.DefaultHttpResponseParser.parseHead(DefaultHttpResponseParser.java:138) ~[?:?]
	at org.apache.http.impl.conn.DefaultHttpResponseParser.parseHead(DefaultHttpResponseParser.java:56) ~[?:?]
	at org.apache.http.impl.io.AbstractMessageParser.parse(AbstractMessageParser.java:259) ~[?:?]
	at org.apache.http.impl.DefaultBHttpClientConnection.receiveResponseHeader(DefaultBHttpClientConnection.java:163) ~[?:?]
	at org.apache.http.impl.conn.CPoolProxy.receiveResponseHeader(CPoolProxy.java:157) ~[?:?]
	at org.apache.http.protocol.HttpRequestExecutor.doReceiveResponse(HttpRequestExecutor.java:273) ~[?:?]
	at org.apache.http.protocol.HttpRequestExecutor.execute(HttpRequestExecutor.java:125) ~[?:?]
	at org.apache.http.impl.execchain.MainClientExec.execute(MainClientExec.java:272) ~[?:?]
	at org.apache.http.impl.execchain.ProtocolExec.execute(ProtocolExec.java:186) ~[?:?]
	at org.apache.http.impl.execchain.RetryExec.execute(RetryExec.java:89) ~[?:?]
	at org.apache.http.impl.execchain.RedirectExec.execute(RedirectExec.java:110) ~[?:?]
	at org.apache.http.impl.client.InternalHttpClient.doExecute(InternalHttpClient.java:185) ~[?:?]
	at org.apache.http.impl.client.CloseableHttpClient.execute(CloseableHttpClient.java:72) ~[?:?]
	at com.liferay.portal.http.internal.HttpImpl.URLtoInputStream(HttpImpl.java:815) ~[?:?]
	... 7 more
2024-10-21 10:38:36.326 ERROR [default-4][PortalCatapultImpl:95] org.apache.http.NoHttpResponseException: localhost:3001 failed to respond
java.io.IOException: org.apache.http.NoHttpResponseException: localhost:3001 failed to respond
	at com.liferay.portal.http.internal.HttpImpl.URLtoInputStream(HttpImpl.java:935) ~[?:?]
	at com.liferay.portal.http.internal.HttpImpl.URLtoByteArray(HttpImpl.java:576) ~[?:?]
	at com.liferay.portal.http.internal.HttpImpl.URLtoByteArray(HttpImpl.java:164) ~[?:?]
	at com.liferay.portal.catapult.internal.PortalCatapultImpl.lambda$launch$2(PortalCatapultImpl.java:92) ~[?:?]
	at java.util.concurrent.FutureTask.run(FutureTask.java:266) [?:1.8.0_321]
	at java.util.concurrent.ThreadPoolExecutor.runWorker(ThreadPoolExecutor.java:1149) [?:1.8.0_321]
	at java.util.concurrent.ThreadPoolExecutor$Worker.run(ThreadPoolExecutor.java:624) [?:1.8.0_321]
	at java.lang.Thread.run(Thread.java:750) [?:1.8.0_321]
Caused by: org.apache.http.NoHttpResponseException: localhost:3001 failed to respond
	at org.apache.http.impl.conn.DefaultHttpResponseParser.parseHead(DefaultHttpResponseParser.java:141) ~[?:?]
	at org.apache.http.impl.conn.DefaultHttpResponseParser.parseHead(DefaultHttpResponseParser.java:56) ~[?:?]
	at org.apache.http.impl.io.AbstractMessageParser.parse(AbstractMessageParser.java:259) ~[?:?]
	at org.apache.http.impl.DefaultBHttpClientConnection.receiveResponseHeader(DefaultBHttpClientConnection.java:163) ~[?:?]
	at org.apache.http.impl.conn.CPoolProxy.receiveResponseHeader(CPoolProxy.java:157) ~[?:?]
	at org.apache.http.protocol.HttpRequestExecutor.doReceiveResponse(HttpRequestExecutor.java:273) ~[?:?]
	at org.apache.http.protocol.HttpRequestExecutor.execute(HttpRequestExecutor.java:125) ~[?:?]
	at org.apache.http.impl.execchain.MainClientExec.execute(MainClientExec.java:272) ~[?:?]
	at org.apache.http.impl.execchain.ProtocolExec.execute(ProtocolExec.java:186) ~[?:?]
	at org.apache.http.impl.execchain.RetryExec.execute(RetryExec.java:89) ~[?:?]
	at org.apache.http.impl.execchain.RedirectExec.execute(RedirectExec.java:110) ~[?:?]
	at org.apache.http.impl.client.InternalHttpClient.doExecute(InternalHttpClient.java:185) ~[?:?]
	at org.apache.http.impl.client.CloseableHttpClient.execute(CloseableHttpClient.java:72) ~[?:?]
	at com.liferay.portal.http.internal.HttpImpl.URLtoInputStream(HttpImpl.java:815) ~[?:?]
	... 7 more
2024-10-21 11:18:28.696 WARN  [HikariPool-1 housekeeper][HikariPool:788] HikariPool-1 - Thread starvation or clock leap detected (housekeeper delta=7m50s438ms).
2024-10-21 12:39:29.230 WARN  [HikariPool-1 housekeeper][HikariPool:788] HikariPool-1 - Thread starvation or clock leap detected (housekeeper delta=1m59s867ms).
2024-10-21 13:09:27.359 WARN  [HikariPool-1 housekeeper][HikariPool:788] HikariPool-1 - Thread starvation or clock leap detected (housekeeper delta=29m58s131ms).
2024-10-21 14:38:56.969 WARN  [HikariPool-1 housekeeper][HikariPool:788] HikariPool-1 - Thread starvation or clock leap detected (housekeeper delta=1h29m29s608ms).
2024-10-21 16:40:57.079 WARN  [HikariPool-1 housekeeper][HikariPool:788] HikariPool-1 - Thread starvation or clock leap detected (housekeeper delta=2h2m107ms).
2024-10-21 19:43:57.085 WARN  [HikariPool-1 housekeeper][HikariPool:788] HikariPool-1 - Thread starvation or clock leap detected (housekeeper delta=3h3m11ms).
2024-10-21 20:31:55.963 WARN  [HikariPool-1 housekeeper][HikariPool:788] HikariPool-1 - Thread starvation or clock leap detected (housekeeper delta=47m58s879ms).
2024-10-21 20:55:16.711 WARN  [HikariPool-1 housekeeper][HikariPool:788] HikariPool-1 - Thread starvation or clock leap detected (housekeeper delta=23m20s748ms).
2024-10-21 22:46:56.912 WARN  [HikariPool-1 housekeeper][HikariPool:788] HikariPool-1 - Thread starvation or clock leap detected (housekeeper delta=1h51m40s200ms).
