2024-10-20 00:34:06.394 WARN  [HikariPool-1 housekeeper][HikariPool:788] HikariPool-1 - Thread starvation or clock leap detected (housekeeper delta=51m59s150ms).
2024-10-20 03:45:12.773 WARN  [HikariPool-1 housekeeper][HikariPool:788] HikariPool-1 - Thread starvation or clock leap detected (housekeeper delta=3h11m6s388ms).
2024-10-20 05:35:43.545 WARN  [HikariPool-1 housekeeper][HikariPool:788] HikariPool-1 - Thread starvation or clock leap detected (housekeeper delta=1h50m30s774ms).
2024-10-20 07:22:49.048 WARN  [HikariPool-1 housekeeper][HikariPool:788] HikariPool-1 - Thread starvation or clock leap detected (housekeeper delta=1h47m5s502ms).
2024-10-20 07:44:57.334 WARN  [HikariPool-1 housekeeper][HikariPool:788] HikariPool-1 - Thread starvation or clock leap detected (housekeeper delta=22m8s287ms).
2024-10-20 08:39:30.449 WARN  [HikariPool-1 housekeeper][HikariPool:788] HikariPool-1 - Thread starvation or clock leap detected (housekeeper delta=54m33s115ms).
2024-10-20 10:50:39.364 WARN  [HikariPool-1 housekeeper][HikariPool:788] HikariPool-1 - Thread starvation or clock leap detected (housekeeper delta=8m7s878ms).
2024-10-20 12:05:04.147 WARN  [HikariPool-1 housekeeper][HikariPool:788] HikariPool-1 - Thread starvation or clock leap detected (housekeeper delta=1h24s575ms).
2024-10-20 14:45:34.497 WARN  [HikariPool-1 housekeeper][HikariPool:788] HikariPool-1 - Thread starvation or clock leap detected (housekeeper delta=1h45m29s963ms).
2024-10-20 15:48:28.483 WARN  [HikariPool-1 housekeeper][HikariPool:788] HikariPool-1 - Thread starvation or clock leap detected (housekeeper delta=1h2m53s992ms).
2024-10-20 16:03:22.420 INFO  [fileinstall-directory-watcher][BundleStartStopLogger:71] STOPPED liferaybotcustomelement_7.4.13 [1472]
2024-10-20 16:03:53.127 INFO  [fileinstall-directory-watcher][BundleStartStopLogger:68] STARTED liferaybotcustomelement_7.4.13 [1473]
2024-10-20 16:07:56.680 INFO  [fileinstall-directory-watcher][BundleStartStopLogger:71] STOPPED liferaybotcustomelement_7.4.13 [1473]
2024-10-20 16:08:17.231 INFO  [fileinstall-directory-watcher][BundleStartStopLogger:68] STARTED liferaybotcustomelement_7.4.13 [1474]
2024-10-20 19:46:34.750 INFO  [main][PortalContextLoaderListener:114] JVM arguments: -Djava.util.logging.config.file=/Users/mumentayyem/liferay/liferay-telegram/bundles/tomcat/conf/logging.properties -Djava.util.logging.manager=org.apache.juli.ClassLoaderLogManager -Djdk.tls.ephemeralDHKeySize=2048 -Djava.protocol.handler.pkgs=org.apache.catalina.webresources -Dorg.apache.catalina.security.SecurityListener.UMASK=0027 -Dfile.encoding=UTF-8 -Djava.locale.providers=JRE,COMPAT,CLDR -Djava.net.preferIPv4Stack=true -Duser.timezone=GMT -Xms2560m -Xmx2560m -XX:MaxNewSize=1536m -XX:MaxMetaspaceSize=768m -XX:MetaspaceSize=768m -XX:NewSize=1536m -XX:SurvivorRatio=7 -Dignore.endorsed.dirs= -Dcatalina.base=/Users/mumentayyem/liferay/liferay-telegram/bundles/tomcat -Dcatalina.home=/Users/mumentayyem/liferay/liferay-telegram/bundles/tomcat -Djava.io.tmpdir=/Users/mumentayyem/liferay/liferay-telegram/bundles/tomcat/temp -Xmx10240m
2024-10-20 19:46:37.678 WARN  [SystemExecutorServiceUtil-1][DialectDetector:73] Liferay is configured to use Hypersonic as its database. Do NOT use Hypersonic in production. Hypersonic is an embedded database useful for development and demonstration purposes. The database settings can be changed in portal-ext.properties.
2024-10-20 19:46:37.682 INFO  [SystemExecutorServiceUtil-1][DialectDetector:144] Using dialect com.liferay.portal.dao.orm.hibernate.HSQLDialect for HSQL Database Engine 2.7
2024-10-20 19:46:37.895 INFO  [main][ModuleFrameworkImpl:1355] Starting initial bundles
2024-10-20 19:46:38.263 INFO  [main][InterpolationConfigurationPlugin:109] Configured directory for secrets: /Users/mumentayyem/liferay/liferay-telegram/bundles/osgi/configs
2024-10-20 19:46:39.951 INFO  [main][ModuleFrameworkImpl:1645] Started initial bundles
2024-10-20 19:46:39.952 INFO  [main][ModuleFrameworkImpl:1690] Starting dynamic bundles
2024-10-20 19:46:42.705 WARN  [Start Level: Equinox Container: c888eed8-8cde-46a1-b594-81d08a0f94fd][SidecarManager:72] Liferay automatically starts a child process of Elasticsearch named sidecar for convenient development and demonstration purposes. Do NOT use sidecar in production. Refer to the documentation for details on the limitations of sidecar and instructions on configuring a remote Elasticsearch connection in the Control Panel.
2024-10-20 19:46:46.717 INFO  [Start Level: Equinox Container: c888eed8-8cde-46a1-b594-81d08a0f94fd][InterpolationConfigurationPlugin:135] Replaced value of configuration property 'homePageURL' for PID com.liferay.oauth2.provider.configuration.OAuth2ProviderApplicationHeadlessServerConfiguration~liferay-bot-etc-node-oauth-application-headless-server
2024-10-20 19:46:46.719 INFO  [Start Level: Equinox Container: c888eed8-8cde-46a1-b594-81d08a0f94fd][InterpolationConfigurationPlugin:135] Replaced value of configuration property 'homePageURL' for PID com.liferay.oauth2.provider.configuration.OAuth2ProviderApplicationUserAgentConfiguration~liferay-bot-etc-node-oauth-application-user-agent
2024-10-20 19:46:49.742 INFO  [main][ModuleFrameworkImpl:1713] Started dynamic bundles
2024-10-20 19:46:49.744 INFO  [main][ModuleFrameworkImpl:1720] Starting web bundles
2024-10-20 19:46:52.153 INFO  [main][ModuleFrameworkImpl:1774] Started web bundles
2024-10-20 19:46:52.157 INFO  [main][ModuleFrameworkImpl:283] Navigate to Control Panel > System > Gogo Shell and enter "lb" to see all bundles
2024-10-20 19:46:54.849 INFO  [main][StartupHelperUtil:97] There are no patches installed
2024-10-20 19:46:55.170 INFO  [main][LoggingTimer:74] Starting com.liferay.portal.events.StartupHelperUtil#initResourceActions
2024-10-20 19:46:55.257 INFO  [main][LoggingTimer:35] Completed com.liferay.portal.events.StartupHelperUtil#initResourceActions in 88 ms
2024-10-20 19:46:55.296 INFO  [main][LicenseManager:-1] DXP Development license validation passed
2024-10-20 19:46:56.099 INFO  [main][AutoDeployDir:152] Auto deploy scanner started for /Users/mumentayyem/liferay/liferay-telegram/bundles/deploy
2024-10-20 19:47:00.614 INFO  [SystemExecutorServiceUtil-9][Sidecar:103] Sidecar Elasticsearch liferay started at 127.0.0.1:9201
2024-10-20 19:47:07.603 INFO  [fileinstall-directory-watcher][BaseAutoDeployListener:34] Copying themes for /Users/mumentayyem/liferay/liferay-telegram/bundles/tomcat/temp/20241020194707483XVONVLOR/admin-theme.war
2024-10-20 19:47:10.047 INFO  [fileinstall-directory-watcher][BaseAutoDeployListener:41] Themes for /Users/mumentayyem/liferay/liferay-telegram/bundles/tomcat/temp/20241020194707483XVONVLOR/admin-theme.war copied successfully
2024-10-20 19:47:13.786 INFO  [fileinstall-directory-watcher][BaseAutoDeployListener:34] Copying themes for /Users/mumentayyem/liferay/liferay-telegram/bundles/tomcat/temp/20241020194713747UOJDFEGS/classic-theme.war
2024-10-20 19:47:15.383 INFO  [fileinstall-directory-watcher][BaseAutoDeployListener:41] Themes for /Users/mumentayyem/liferay/liferay-telegram/bundles/tomcat/temp/20241020194713747UOJDFEGS/classic-theme.war copied successfully
2024-10-20 19:47:16.912 INFO  [SystemExecutorServiceUtil-10][OAuth2ProviderApplicationHeadlessServerConfigurationFactory:193] OAuth 2 application with external reference code liferay-bot-etc-node-oauth-application-headless-server and company ID 14401142882666 has client ID id-2235b03b-c4e4-ea6c-53c4-c436a62f53d
2024-10-20 19:47:17.977 INFO  [fileinstall-directory-watcher][BaseAutoDeployListener:34] Copying themes for /Users/mumentayyem/liferay/liferay-telegram/bundles/tomcat/temp/20241020194717941KDFABQWG/dialect-theme.war
2024-10-20 19:47:19.350 INFO  [fileinstall-directory-watcher][BaseAutoDeployListener:41] Themes for /Users/mumentayyem/liferay/liferay-telegram/bundles/tomcat/temp/20241020194717941KDFABQWG/dialect-theme.war copied successfully
2024-10-20 19:47:20.874 INFO  [fileinstall-directory-watcher][BaseAutoDeployListener:34] Copying themes for /Users/mumentayyem/liferay/liferay-telegram/bundles/tomcat/temp/20241020194720859FLBULPAI/minium-theme.war
2024-10-20 19:47:22.025 INFO  [fileinstall-directory-watcher][BaseAutoDeployListener:41] Themes for /Users/mumentayyem/liferay/liferay-telegram/bundles/tomcat/temp/20241020194720859FLBULPAI/minium-theme.war copied successfully
2024-10-20 19:47:23.531 INFO  [fileinstall-directory-watcher][BaseAutoDeployListener:34] Copying themes for /Users/mumentayyem/liferay/liferay-telegram/bundles/tomcat/temp/20241020194723514ZSNIUFIC/speedwell-theme.war
2024-10-20 19:47:24.990 INFO  [fileinstall-directory-watcher][BaseAutoDeployListener:41] Themes for /Users/mumentayyem/liferay/liferay-telegram/bundles/tomcat/temp/20241020194723514ZSNIUFIC/speedwell-theme.war copied successfully
2024-10-20 19:47:26.928 INFO  [SystemExecutorServiceUtil-10][OAuth2ProviderApplicationHeadlessServerConfigurationFactory:193] OAuth 2 application with external reference code liferay-bot-etc-node-oauth-application-headless-server and company ID 14401142882666 has client ID id-2235b03b-c4e4-ea6c-53c4-c436a62f53d
2024-10-20 19:47:27.037 INFO  [SystemExecutorServiceUtil-5][OAuth2ProviderApplicationHeadlessServerConfigurationFactory:193] OAuth 2 application with external reference code liferay-bot-etc-node-oauth-application-headless-server and company ID 14401142882666 has client ID id-2235b03b-c4e4-ea6c-53c4-c436a62f53d
2024-10-20 19:47:27.167 INFO  [SystemExecutorServiceUtil-5][OAuth2ProviderApplicationUserAgentConfigurationFactory:170] OAuth 2 application with external reference code liferay-bot-etc-node-oauth-application-user-agent and company ID 14401142882666 has client ID id-f25ae065-4e3f-18db-7761-ddd634e2944e
2024-10-20 19:47:28.795 INFO  [SystemExecutorServiceUtil-5][OAuth2ProviderApplicationHeadlessServerConfigurationFactory:193] OAuth 2 application with external reference code liferay-bot-etc-node-oauth-application-headless-server and company ID 14401142882666 has client ID id-2235b03b-c4e4-ea6c-53c4-c436a62f53d
2024-10-20 19:47:28.897 INFO  [SystemExecutorServiceUtil-5][OAuth2ProviderApplicationUserAgentConfigurationFactory:170] OAuth 2 application with external reference code liferay-bot-etc-node-oauth-application-user-agent and company ID 14401142882666 has client ID id-f25ae065-4e3f-18db-7761-ddd634e2944e
2024-10-20 19:47:29.371 INFO  [SystemExecutorServiceUtil-5][OAuth2ProviderApplicationHeadlessServerConfigurationFactory:193] OAuth 2 application with external reference code liferay-bot-etc-node-oauth-application-headless-server and company ID 14401142882666 has client ID id-2235b03b-c4e4-ea6c-53c4-c436a62f53d
2024-10-20 19:47:29.387 INFO  [SystemExecutorServiceUtil-5][OAuth2ProviderApplicationUserAgentConfigurationFactory:170] OAuth 2 application with external reference code liferay-bot-etc-node-oauth-application-user-agent and company ID 14401142882666 has client ID id-f25ae065-4e3f-18db-7761-ddd634e2944e
2024-10-20 20:01:49.559 INFO  [fileinstall-directory-watcher][BundleStartStopLogger:71] STOPPED liferaybotcustomelement_7.4.13 [1474]
2024-10-20 20:09:46.807 ERROR [fileinstall-directory-watcher][DirectoryWatcher:988] Unable to start bundle: webbundle:/Users/mumentayyem/liferay/liferay-telegram/bundles/osgi/client-extensions/liferay-bot-custom-element-react.zip?Bundle-SymbolicName=liferay-bot-custom-element-react&Web-ContextPath=/liferay-bot-custom-element-react&fileExtension=zip&protocol=file
com.liferay.portal.kernel.log.LogSanitizerException: org.osgi.framework.BundleException: Could not resolve module: liferaybotcustomelementreact [1476]_  Unresolved requirement: Import-Package: com.liferay.portal.osgi.web.servlet.jsp.compiler; resolution:="optional"_  Unresolved requirement: Import-Package: com.liferay.portal.spring.context; resolution:="optional"_  Unresolved requirement: Require-Bundle: liferayticketbatch; bundle-version="7.4.13"_ [Sanitized]
	at org.eclipse.osgi.container.Module.start(Module.java:444) ~[org.eclipse.osgi.jar:?]
	at org.eclipse.osgi.internal.framework.EquinoxBundle.start(EquinoxBundle.java:426) ~[org.eclipse.osgi.jar:?]
	at com.liferay.portal.file.install.internal.DirectoryWatcher._startBundle(DirectoryWatcher.java:971) [bundleFile:?]
	at com.liferay.portal.file.install.internal.DirectoryWatcher._startBundles(DirectoryWatcher.java:1004) [bundleFile:?]
	at com.liferay.portal.file.install.internal.DirectoryWatcher._process(DirectoryWatcher.java:843) [bundleFile:?]
	at com.liferay.portal.file.install.internal.DirectoryWatcher.run(DirectoryWatcher.java:298) [bundleFile:?]
2024-10-20 20:10:27.755 INFO  [fileinstall-directory-watcher][BundleStartStopLogger:68] STARTED liferaybotcustomelementreact_7.4.13 [1477]
2024-10-20 20:36:15.680 INFO  [fileinstall-directory-watcher][BundleStartStopLogger:71] STOPPED liferaybotcustomelementreact_7.4.13 [1477]
2024-10-20 22:23:37.894 WARN  [HikariPool-1 housekeeper][HikariPool:788] HikariPool-1 - Thread starvation or clock leap detected (housekeeper delta=58s272ms).
2024-10-20 22:39:35.931 WARN  [HikariPool-1 housekeeper][HikariPool:788] HikariPool-1 - Thread starvation or clock leap detected (housekeeper delta=15m28s11ms).
2024-10-20 23:56:19.665 WARN  [HikariPool-1 housekeeper][HikariPool:788] HikariPool-1 - Thread starvation or clock leap detected (housekeeper delta=16m12s870ms).
