2024-08-31 20:10:38.446 INFO  [main][PortalContextLoaderListener:114] JVM arguments: -Djava.util.logging.config.file=/Users/mumentayyem/liferay/liferay-telegram/bundles/tomcat/conf/logging.properties -Djava.util.logging.manager=org.apache.juli.ClassLoaderLogManager -Djdk.tls.ephemeralDHKeySize=2048 -Djava.protocol.handler.pkgs=org.apache.catalina.webresources -Dorg.apache.catalina.security.SecurityListener.UMASK=0027 -Dfile.encoding=UTF-8 -Djava.locale.providers=JRE,COMPAT,CLDR -Djava.net.preferIPv4Stack=true -Duser.timezone=GMT -Xms2560m -Xmx2560m -XX:MaxNewSize=1536m -XX:MaxMetaspaceSize=768m -XX:MetaspaceSize=768m -XX:NewSize=1536m -XX:SurvivorRatio=7 -Dignore.endorsed.dirs= -Dcatalina.base=/Users/mumentayyem/liferay/liferay-telegram/bundles/tomcat -Dcatalina.home=/Users/mumentayyem/liferay/liferay-telegram/bundles/tomcat -Djava.io.tmpdir=/Users/mumentayyem/liferay/liferay-telegram/bundles/tomcat/temp -Xmx10240m
2024-08-31 20:10:41.390 WARN  [SystemExecutorServiceUtil-1][DialectDetector:73] Liferay is configured to use Hypersonic as its database. Do NOT use Hypersonic in production. Hypersonic is an embedded database useful for development and demonstration purposes. The database settings can be changed in portal-ext.properties.
2024-08-31 20:10:41.395 INFO  [SystemExecutorServiceUtil-1][DialectDetector:144] Using dialect com.liferay.portal.dao.orm.hibernate.HSQLDialect for HSQL Database Engine 2.7
2024-08-31 20:10:41.631 INFO  [main][ModuleFrameworkImpl:1355] Starting initial bundles
2024-08-31 20:10:42.021 INFO  [main][InterpolationConfigurationPlugin:109] Configured directory for secrets: /Users/mumentayyem/liferay/liferay-telegram/bundles/osgi/configs
2024-08-31 20:10:43.623 INFO  [main][ModuleFrameworkImpl:1645] Started initial bundles
2024-08-31 20:10:43.625 INFO  [main][ModuleFrameworkImpl:1690] Starting dynamic bundles
2024-08-31 20:10:46.307 WARN  [Start Level: Equinox Container: 80c6bac6-3b8e-495c-afd9-ee83633227a9][SidecarManager:72] Liferay automatically starts a child process of Elasticsearch named sidecar for convenient development and demonstration purposes. Do NOT use sidecar in production. Refer to the documentation for details on the limitations of sidecar and instructions on configuring a remote Elasticsearch connection in the Control Panel.
2024-08-31 20:10:53.859 INFO  [main][ModuleFrameworkImpl:1713] Started dynamic bundles
2024-08-31 20:10:53.862 INFO  [main][ModuleFrameworkImpl:1720] Starting web bundles
2024-08-31 20:10:56.221 INFO  [main][ModuleFrameworkImpl:1774] Started web bundles
2024-08-31 20:10:56.225 INFO  [main][ModuleFrameworkImpl:283] Navigate to Control Panel > System > Gogo Shell and enter "lb" to see all bundles
2024-08-31 20:10:59.139 INFO  [main][StartupHelperUtil:97] There are no patches installed
2024-08-31 20:10:59.500 INFO  [main][LoggingTimer:74] Starting com.liferay.portal.events.StartupHelperUtil#initResourceActions
2024-08-31 20:10:59.620 INFO  [main][LoggingTimer:35] Completed com.liferay.portal.events.StartupHelperUtil#initResourceActions in 121 ms
2024-08-31 20:10:59.667 INFO  [main][LicenseManager:-1] DXP Development license validation passed
2024-08-31 20:11:00.699 INFO  [main][AutoDeployDir:152] Auto deploy scanner started for /Users/mumentayyem/liferay/liferay-telegram/bundles/deploy
2024-08-31 20:11:05.334 INFO  [SystemExecutorServiceUtil-10][Sidecar:103] Sidecar Elasticsearch liferay started at 127.0.0.1:9201
2024-08-31 20:11:16.948 INFO  [fileinstall-directory-watcher][BaseAutoDeployListener:34] Copying themes for /Users/mumentayyem/liferay/liferay-telegram/bundles/tomcat/temp/20240831201116804JYARYGIM/admin-theme.war
2024-08-31 20:11:19.254 INFO  [fileinstall-directory-watcher][BaseAutoDeployListener:41] Themes for /Users/mumentayyem/liferay/liferay-telegram/bundles/tomcat/temp/20240831201116804JYARYGIM/admin-theme.war copied successfully
2024-08-31 20:11:22.272 INFO  [fileinstall-directory-watcher][BaseAutoDeployListener:34] Copying themes for /Users/mumentayyem/liferay/liferay-telegram/bundles/tomcat/temp/20240831201122260XCRBHTNH/classic-theme.war
2024-08-31 20:11:23.520 INFO  [fileinstall-directory-watcher][BaseAutoDeployListener:41] Themes for /Users/mumentayyem/liferay/liferay-telegram/bundles/tomcat/temp/20240831201122260XCRBHTNH/classic-theme.war copied successfully
2024-08-31 20:11:25.244 INFO  [fileinstall-directory-watcher][BaseAutoDeployListener:34] Copying themes for /Users/mumentayyem/liferay/liferay-telegram/bundles/tomcat/temp/20240831201125229PPJPTTTX/dialect-theme.war
2024-08-31 20:11:26.516 INFO  [fileinstall-directory-watcher][BaseAutoDeployListener:41] Themes for /Users/mumentayyem/liferay/liferay-telegram/bundles/tomcat/temp/20240831201125229PPJPTTTX/dialect-theme.war copied successfully
2024-08-31 20:11:27.977 INFO  [fileinstall-directory-watcher][BaseAutoDeployListener:34] Copying themes for /Users/mumentayyem/liferay/liferay-telegram/bundles/tomcat/temp/20240831201127957YDXEXPYB/minium-theme.war
2024-08-31 20:11:29.209 INFO  [fileinstall-directory-watcher][BaseAutoDeployListener:41] Themes for /Users/mumentayyem/liferay/liferay-telegram/bundles/tomcat/temp/20240831201127957YDXEXPYB/minium-theme.war copied successfully
2024-08-31 20:11:30.680 INFO  [fileinstall-directory-watcher][BaseAutoDeployListener:34] Copying themes for /Users/mumentayyem/liferay/liferay-telegram/bundles/tomcat/temp/20240831201130664XOTGBPYL/speedwell-theme.war
2024-08-31 20:11:31.854 INFO  [fileinstall-directory-watcher][BaseAutoDeployListener:41] Themes for /Users/mumentayyem/liferay/liferay-telegram/bundles/tomcat/temp/20240831201130664XOTGBPYL/speedwell-theme.war copied successfully
2024-08-31 20:12:07.521 ERROR [http-nio-8080-exec-10][ExceptionMapper:59] Broken pipe
java.io.IOException: Broken pipe
	at sun.nio.ch.FileDispatcherImpl.write0(Native Method) ~[?:1.8.0_321]
	at sun.nio.ch.SocketDispatcher.write(SocketDispatcher.java:47) ~[?:1.8.0_321]
	at sun.nio.ch.IOUtil.writeFromNativeBuffer(IOUtil.java:93) ~[?:1.8.0_321]
	at sun.nio.ch.IOUtil.write(IOUtil.java:65) ~[?:1.8.0_321]
	at sun.nio.ch.SocketChannelImpl.write(SocketChannelImpl.java:469) ~[?:1.8.0_321]
	at org.apache.tomcat.util.net.NioChannel.write(NioChannel.java:140) ~[tomcat-coyote.jar:9.0.90]
	at org.apache.tomcat.util.net.NioEndpoint$NioSocketWrapper.doWrite(NioEndpoint.java:1428) ~[tomcat-coyote.jar:9.0.90]
	at org.apache.tomcat.util.net.SocketWrapperBase.doWrite(SocketWrapperBase.java:775) ~[tomcat-coyote.jar:9.0.90]
	at org.apache.tomcat.util.net.SocketWrapperBase.writeBlocking(SocketWrapperBase.java:600) ~[tomcat-coyote.jar:9.0.90]
	at org.apache.tomcat.util.net.SocketWrapperBase.write(SocketWrapperBase.java:544) ~[tomcat-coyote.jar:9.0.90]
	at org.apache.coyote.http11.Http11OutputBuffer$SocketOutputBuffer.doWrite(Http11OutputBuffer.java:533) ~[tomcat-coyote.jar:9.0.90]
	at org.apache.coyote.http11.filters.ChunkedOutputFilter.doWrite(ChunkedOutputFilter.java:112) ~[tomcat-coyote.jar:9.0.90]
	at org.apache.coyote.http11.Http11OutputBuffer.doWrite(Http11OutputBuffer.java:193) ~[tomcat-coyote.jar:9.0.90]
	at org.apache.coyote.Response.doWrite(Response.java:613) ~[tomcat-coyote.jar:9.0.90]
	at org.apache.catalina.connector.OutputBuffer.realWriteBytes(OutputBuffer.java:333) ~[catalina.jar:9.0.90]
	at org.apache.catalina.connector.OutputBuffer.flushByteBuffer(OutputBuffer.java:780) ~[catalina.jar:9.0.90]
	at org.apache.catalina.connector.OutputBuffer.append(OutputBuffer.java:677) ~[catalina.jar:9.0.90]
	at org.apache.catalina.connector.OutputBuffer.writeBytes(OutputBuffer.java:380) ~[catalina.jar:9.0.90]
	at org.apache.catalina.connector.OutputBuffer.write(OutputBuffer.java:358) ~[catalina.jar:9.0.90]
	at org.apache.catalina.connector.CoyoteOutputStream.write(CoyoteOutputStream.java:103) ~[catalina.jar:9.0.90]
	at org.apache.cxf.io.AbstractWrappedOutputStream.write(AbstractWrappedOutputStream.java:51) ~[bundleFile:3.4.10]
	at com.fasterxml.jackson.core.json.UTF8JsonGenerator._flushBuffer(UTF8JsonGenerator.java:2208) ~[?:?]
	at com.fasterxml.jackson.core.json.UTF8JsonGenerator.writeRaw(UTF8JsonGenerator.java:762) ~[?:?]
	at com.fasterxml.jackson.core.util.DefaultIndenter.writeIndentation(DefaultIndenter.java:97) ~[?:?]
	at com.fasterxml.jackson.core.util.DefaultPrettyPrinter.writeObjectEntrySeparator(DefaultPrettyPrinter.java:408) ~[?:?]
	at com.fasterxml.jackson.core.json.UTF8JsonGenerator._writePPFieldName(UTF8JsonGenerator.java:479) ~[?:?]
	at com.fasterxml.jackson.core.json.UTF8JsonGenerator.writeFieldName(UTF8JsonGenerator.java:262) ~[?:?]
	at com.fasterxml.jackson.databind.ser.BeanPropertyWriter.serializeAsField(BeanPropertyWriter.java:730) ~[?:?]
	at com.fasterxml.jackson.databind.ser.impl.SimpleBeanPropertyFilter.serializeAsField(SimpleBeanPropertyFilter.java:218) ~[?:?]
	at com.fasterxml.jackson.databind.ser.std.BeanSerializerBase.serializeFieldsFiltered(BeanSerializerBase.java:821) ~[?:?]
	at com.fasterxml.jackson.databind.ser.BeanSerializer.serialize(BeanSerializer.java:181) ~[?:?]
	at com.fasterxml.jackson.databind.ser.std.ObjectArraySerializer.serializeContents(ObjectArraySerializer.java:253) ~[?:?]
	at com.fasterxml.jackson.databind.ser.std.ObjectArraySerializer.serialize(ObjectArraySerializer.java:214) ~[?:?]
	at com.fasterxml.jackson.databind.ser.std.ObjectArraySerializer.serialize(ObjectArraySerializer.java:23) ~[?:?]
	at com.fasterxml.jackson.databind.ser.BeanPropertyWriter.serializeAsField(BeanPropertyWriter.java:732) ~[?:?]
	at com.fasterxml.jackson.databind.ser.impl.SimpleBeanPropertyFilter.serializeAsField(SimpleBeanPropertyFilter.java:218) ~[?:?]
	at com.fasterxml.jackson.databind.ser.std.BeanSerializerBase.serializeFieldsFiltered(BeanSerializerBase.java:821) ~[?:?]
	at com.fasterxml.jackson.databind.ser.BeanSerializer.serialize(BeanSerializer.java:181) ~[?:?]
	at com.fasterxml.jackson.databind.ser.BeanPropertyWriter.serializeAsField(BeanPropertyWriter.java:732) ~[?:?]
	at com.fasterxml.jackson.databind.ser.impl.SimpleBeanPropertyFilter.serializeAsField(SimpleBeanPropertyFilter.java:218) ~[?:?]
	at com.fasterxml.jackson.databind.ser.std.BeanSerializerBase.serializeFieldsFiltered(BeanSerializerBase.java:821) ~[?:?]
	at com.fasterxml.jackson.databind.ser.BeanSerializer.serialize(BeanSerializer.java:181) ~[?:?]
	at com.fasterxml.jackson.databind.ser.std.ObjectArraySerializer.serializeContents(ObjectArraySerializer.java:253) ~[?:?]
	at com.fasterxml.jackson.databind.ser.std.ObjectArraySerializer.serialize(ObjectArraySerializer.java:214) ~[?:?]
	at com.fasterxml.jackson.databind.ser.std.ObjectArraySerializer.serialize(ObjectArraySerializer.java:23) ~[?:?]
	at com.fasterxml.jackson.databind.ser.BeanPropertyWriter.serializeAsField(BeanPropertyWriter.java:732) ~[?:?]
	at com.fasterxml.jackson.databind.ser.impl.SimpleBeanPropertyFilter.serializeAsField(SimpleBeanPropertyFilter.java:218) ~[?:?]
	at com.fasterxml.jackson.databind.ser.std.BeanSerializerBase.serializeFieldsFiltered(BeanSerializerBase.java:821) ~[?:?]
	at com.fasterxml.jackson.databind.ser.BeanSerializer.serialize(BeanSerializer.java:181) ~[?:?]
	at com.fasterxml.jackson.databind.ser.impl.IndexedListSerializer.serializeContents(IndexedListSerializer.java:119) ~[?:?]
	at com.fasterxml.jackson.databind.ser.impl.IndexedListSerializer.serialize(IndexedListSerializer.java:79) ~[?:?]
	at com.fasterxml.jackson.databind.ser.impl.IndexedListSerializer.serialize(IndexedListSerializer.java:18) ~[?:?]
	at com.fasterxml.jackson.databind.ser.BeanPropertyWriter.serializeAsField(BeanPropertyWriter.java:732) ~[?:?]
	at com.fasterxml.jackson.databind.ser.std.BeanSerializerBase.serializeFields(BeanSerializerBase.java:770) ~[?:?]
	at com.fasterxml.jackson.databind.ser.BeanSerializer.serialize(BeanSerializer.java:183) ~[?:?]
	at com.fasterxml.jackson.databind.ser.DefaultSerializerProvider._serialize(DefaultSerializerProvider.java:502) ~[?:?]
	at com.fasterxml.jackson.databind.ser.DefaultSerializerProvider.serializeValue(DefaultSerializerProvider.java:341) ~[?:?]
	at com.fasterxml.jackson.databind.ObjectWriter$Prefetch.serialize(ObjectWriter.java:1572) ~[?:?]
	at com.fasterxml.jackson.databind.ObjectWriter._writeValueAndClose(ObjectWriter.java:1273) ~[?:?]
	at com.fasterxml.jackson.databind.ObjectWriter.writeValue(ObjectWriter.java:1098) ~[?:?]
	at com.liferay.portal.vulcan.internal.jaxrs.message.body.BaseMessageBodyWriter.writeTo(BaseMessageBodyWriter.java:70) ~[?:?]
	at org.apache.cxf.jaxrs.impl.WriterInterceptorMBW.aroundWriteTo(WriterInterceptorMBW.java:89) ~[bundleFile:3.4.10]
	at org.apache.cxf.jaxrs.impl.WriterInterceptorContextImpl.proceed(WriterInterceptorContextImpl.java:81) ~[bundleFile:3.4.10]
	at com.liferay.portal.vulcan.internal.jaxrs.writer.interceptor.EntityExtensionWriterInterceptor.aroundWriteTo(EntityExtensionWriterInterceptor.java:44) ~[?:?]
	at org.apache.cxf.jaxrs.impl.WriterInterceptorContextImpl.proceed(WriterInterceptorContextImpl.java:81) ~[bundleFile:3.4.10]
	at com.liferay.portal.vulcan.internal.jaxrs.writer.interceptor.PageEntityExtensionWriterInterceptor.aroundWriteTo(PageEntityExtensionWriterInterceptor.java:64) ~[?:?]
	at org.apache.cxf.jaxrs.impl.WriterInterceptorContextImpl.proceed(WriterInterceptorContextImpl.java:81) ~[bundleFile:3.4.10]
	at com.liferay.portal.vulcan.internal.jaxrs.writer.interceptor.NestedFieldsWriterInterceptor.aroundWriteTo(NestedFieldsWriterInterceptor.java:90) ~[?:?]
	at org.apache.cxf.jaxrs.utils.JAXRSUtils.writeMessageBody(JAXRSUtils.java:1641) ~[bundleFile:3.4.10]
	at org.apache.cxf.jaxrs.interceptor.JAXRSOutInterceptor.serializeMessage(JAXRSOutInterceptor.java:249) [bundleFile:3.4.10]
	at org.apache.cxf.jaxrs.interceptor.JAXRSOutInterceptor.processResponse(JAXRSOutInterceptor.java:122) [bundleFile:3.4.10]
	at org.apache.cxf.jaxrs.interceptor.JAXRSOutInterceptor.handleMessage(JAXRSOutInterceptor.java:84) [bundleFile:3.4.10]
	at org.apache.cxf.phase.PhaseInterceptorChain.doIntercept(PhaseInterceptorChain.java:308) [bundleFile:3.4.10]
	at org.apache.cxf.interceptor.OutgoingChainInterceptor.handleMessage(OutgoingChainInterceptor.java:90) [bundleFile:3.4.10]
	at org.apache.cxf.phase.PhaseInterceptorChain.doIntercept(PhaseInterceptorChain.java:308) [bundleFile:3.4.10]
	at org.apache.cxf.transport.ChainInitiationObserver.onMessage(ChainInitiationObserver.java:121) [bundleFile:3.4.10]
	at org.apache.cxf.transport.http.AbstractHTTPDestination.invoke(AbstractHTTPDestination.java:265) [bundleFile:3.4.10]
	at org.apache.cxf.transport.servlet.ServletController.invokeDestination(ServletController.java:234) [bundleFile:3.4.10]
	at org.apache.cxf.transport.servlet.ServletController.invoke(ServletController.java:208) [bundleFile:3.4.10]
	at org.apache.cxf.transport.servlet.ServletController.invoke(ServletController.java:160) [bundleFile:3.4.10]
	at org.apache.cxf.transport.servlet.CXFNonSpringServlet.invoke(CXFNonSpringServlet.java:225) [bundleFile:3.4.10]
	at org.apache.cxf.transport.servlet.AbstractHTTPServlet.handleRequest(AbstractHTTPServlet.java:304) [bundleFile:3.4.10]
	at org.apache.cxf.transport.servlet.AbstractHTTPServlet.doGet(AbstractHTTPServlet.java:222) [bundleFile:3.4.10]
	at javax.servlet.http.HttpServlet.service(HttpServlet.java:529) [servlet-api.jar:4.0.FR]
	at org.apache.cxf.transport.servlet.AbstractHTTPServlet.service(AbstractHTTPServlet.java:279) [bundleFile:3.4.10]
	at org.eclipse.equinox.http.servlet.internal.registration.EndpointRegistration.service(EndpointRegistration.java:147) [org.eclipse.equinox.http.servlet-1.2.2.v20211118-0920.LIFERAY-PATCHED-4.jar:?]
	at org.eclipse.equinox.http.servlet.internal.servlet.FilterChainImpl.doFilter(FilterChainImpl.java:50) [org.eclipse.equinox.http.servlet-1.2.2.v20211118-0920.LIFERAY-PATCHED-4.jar:?]
	at com.liferay.portal.security.auth.verifier.internal.tracker.AuthVerifierFilterTracker$RemoteAccessFilter.doFilter(AuthVerifierFilterTracker.java:213) [bundleFile:?]
	at org.eclipse.equinox.http.servlet.internal.registration.FilterRegistration.doFilter(FilterRegistration.java:120) [org.eclipse.equinox.http.servlet-1.2.2.v20211118-0920.LIFERAY-PATCHED-4.jar:?]
	at org.eclipse.equinox.http.servlet.internal.servlet.FilterChainImpl.doFilter(FilterChainImpl.java:45) [org.eclipse.equinox.http.servlet-1.2.2.v20211118-0920.LIFERAY-PATCHED-4.jar:?]
	at com.liferay.portal.security.auth.verifier.internal.tracker.AuthVerifierFilterTracker$AuditFilter.doFilter(AuthVerifierFilterTracker.java:182) [bundleFile:?]
	at org.eclipse.equinox.http.servlet.internal.registration.FilterRegistration.doFilter(FilterRegistration.java:120) [org.eclipse.equinox.http.servlet-1.2.2.v20211118-0920.LIFERAY-PATCHED-4.jar:?]
	at org.eclipse.equinox.http.servlet.internal.servlet.FilterChainImpl.doFilter(FilterChainImpl.java:45) [org.eclipse.equinox.http.servlet-1.2.2.v20211118-0920.LIFERAY-PATCHED-4.jar:?]
	at com.liferay.portal.kernel.servlet.BaseFilter.processFilter(BaseFilter.java:138) [portal-kernel.jar:?]
	at com.liferay.portal.servlet.filters.authverifier.AuthVerifierFilter.processFilter(AuthVerifierFilter.java:203) [portal-impl.jar:?]
	at com.liferay.portal.kernel.servlet.BaseFilter.doFilter(BaseFilter.java:40) [portal-kernel.jar:?]
	at org.eclipse.equinox.http.servlet.internal.registration.FilterRegistration.doFilter(FilterRegistration.java:120) [org.eclipse.equinox.http.servlet-1.2.2.v20211118-0920.LIFERAY-PATCHED-4.jar:?]
	at org.eclipse.equinox.http.servlet.internal.servlet.FilterChainImpl.doFilter(FilterChainImpl.java:45) [org.eclipse.equinox.http.servlet-1.2.2.v20211118-0920.LIFERAY-PATCHED-4.jar:?]
	at org.eclipse.equinox.http.servlet.internal.servlet.ResponseStateHandler.processRequest(ResponseStateHandler.java:71) [org.eclipse.equinox.http.servlet-1.2.2.v20211118-0920.LIFERAY-PATCHED-4.jar:?]
	at org.eclipse.equinox.http.servlet.internal.context.DispatchTargets.doDispatch(DispatchTargets.java:120) [org.eclipse.equinox.http.servlet-1.2.2.v20211118-0920.LIFERAY-PATCHED-4.jar:?]
	at com.liferay.portal.osgi.web.http.servlet.internal.servlet.HttpServletEndpointServlet.service(HttpServletEndpointServlet.java:64) [bundleFile:?]
	at javax.servlet.http.HttpServlet.service(HttpServlet.java:623) [servlet-api.jar:4.0.FR]
	at com.liferay.portal.module.framework.ModuleFrameworkServletAdapter.service(ModuleFrameworkServletAdapter.java:45) [portal-impl.jar:?]
	at javax.servlet.http.HttpServlet.service(HttpServlet.java:623) [servlet-api.jar:4.0.FR]
	at com.liferay.shielded.container.internal.proxy.ServletWrapper.service(ServletWrapper.java:103) [com.liferay.shielded.container.impl.jar:?]
	at org.apache.catalina.core.ApplicationFilterChain.internalDoFilter(ApplicationFilterChain.java:199) [catalina.jar:9.0.90]
	at org.apache.catalina.core.ApplicationFilterChain.doFilter(ApplicationFilterChain.java:144) [catalina.jar:9.0.90]
	at org.apache.tomcat.websocket.server.WsFilter.doFilter(WsFilter.java:51) [tomcat-websocket.jar:9.0.90]
	at org.apache.catalina.core.ApplicationFilterChain.internalDoFilter(ApplicationFilterChain.java:168) [catalina.jar:9.0.90]
	at org.apache.catalina.core.ApplicationFilterChain.doFilter(ApplicationFilterChain.java:144) [catalina.jar:9.0.90]
	at com.liferay.portal.kernel.servlet.filters.invoker.InvokerFilterChain.doFilter(InvokerFilterChain.java:117) [portal-kernel.jar:?]
	at com.liferay.portal.kernel.servlet.BaseFilter.processFilter(BaseFilter.java:138) [portal-kernel.jar:?]
	at com.liferay.change.tracking.internal.servlet.filter.CTCollectionPreviewFilter.processFilter(CTCollectionPreviewFilter.java:57) [bundleFile:?]
	at com.liferay.portal.kernel.servlet.BaseFilter.doFilter(BaseFilter.java:40) [portal-kernel.jar:?]
	at com.liferay.portal.kernel.servlet.filters.invoker.InvokerFilterChain.processDoFilter(InvokerFilterChain.java:204) [portal-kernel.jar:?]
	at com.liferay.portal.kernel.servlet.filters.invoker.InvokerFilterChain.doFilter(InvokerFilterChain.java:109) [portal-kernel.jar:?]
	at com.liferay.portal.remote.jaxrs.whiteboard.internal.servlet.filter.JAXRSActivationFilter.doFilter(JAXRSActivationFilter.java:73) [bundleFile:?]
	at com.liferay.portal.kernel.servlet.filters.invoker.InvokerFilterChain.processDoFilter(InvokerFilterChain.java:204) [portal-kernel.jar:?]
	at com.liferay.portal.kernel.servlet.filters.invoker.InvokerFilterChain.doFilter(InvokerFilterChain.java:109) [portal-kernel.jar:?]
	at com.liferay.portal.servlet.filters.password.modified.PasswordModifiedFilter.processFilter(PasswordModifiedFilter.java:47) [portal-impl.jar:?]
	at com.liferay.portal.kernel.servlet.BaseFilter.doFilter(BaseFilter.java:40) [portal-kernel.jar:?]
	at com.liferay.portal.kernel.servlet.filters.invoker.InvokerFilterChain.processDoFilter(InvokerFilterChain.java:204) [portal-kernel.jar:?]
	at com.liferay.portal.kernel.servlet.filters.invoker.InvokerFilterChain.doFilter(InvokerFilterChain.java:109) [portal-kernel.jar:?]
	at com.liferay.portal.servlet.filters.lockout.LockoutFilter.processFilter(LockoutFilter.java:49) [portal-impl.jar:?]
	at com.liferay.portal.kernel.servlet.BaseFilter.doFilter(BaseFilter.java:40) [portal-kernel.jar:?]
	at com.liferay.portal.kernel.servlet.filters.invoker.InvokerFilterChain.processDoFilter(InvokerFilterChain.java:204) [portal-kernel.jar:?]
	at com.liferay.portal.kernel.servlet.filters.invoker.InvokerFilterChain.doFilter(InvokerFilterChain.java:109) [portal-kernel.jar:?]
	at com.liferay.portal.kernel.servlet.BaseFilter.processFilter(BaseFilter.java:138) [portal-kernel.jar:?]
	at com.liferay.portal.servlet.filters.virtualhost.VirtualHostFilter.processFilter(VirtualHostFilter.java:243) [portal-impl.jar:?]
	at com.liferay.portal.kernel.servlet.BaseFilter.doFilter(BaseFilter.java:40) [portal-kernel.jar:?]
	at com.liferay.portal.kernel.servlet.filters.invoker.InvokerFilterChain.processDoFilter(InvokerFilterChain.java:204) [portal-kernel.jar:?]
	at com.liferay.portal.kernel.servlet.filters.invoker.InvokerFilterChain.doFilter(InvokerFilterChain.java:109) [portal-kernel.jar:?]
	at com.liferay.portal.kernel.servlet.filters.invoker.InvokerFilterChain.processDirectCallFilter(InvokerFilterChain.java:189) [portal-kernel.jar:?]
	at com.liferay.portal.kernel.servlet.filters.invoker.InvokerFilterChain.doFilter(InvokerFilterChain.java:92) [portal-kernel.jar:?]
	at com.liferay.portal.kernel.servlet.filters.invoker.InvokerFilterChain.processDirectCallFilter(InvokerFilterChain.java:189) [portal-kernel.jar:?]
	at com.liferay.portal.kernel.servlet.filters.invoker.InvokerFilterChain.doFilter(InvokerFilterChain.java:92) [portal-kernel.jar:?]
	at org.tuckey.web.filters.urlrewrite.RuleChain.handleRewrite(RuleChain.java:176) [urlrewritefilter-4.0.4.jar:4.0.4]
	at org.tuckey.web.filters.urlrewrite.RuleChain.doRules(RuleChain.java:145) [urlrewritefilter-4.0.4.jar:4.0.4]
	at org.tuckey.web.filters.urlrewrite.UrlRewriter.processRequest(UrlRewriter.java:92) [urlrewritefilter-4.0.4.jar:4.0.4]
	at org.tuckey.web.filters.urlrewrite.UrlRewriteFilter.doFilter(UrlRewriteFilter.java:389) [urlrewritefilter-4.0.4.jar:4.0.4]
	at com.liferay.portal.url.rewrite.filter.internal.URLRewriteFilter.processFilter(URLRewriteFilter.java:86) [bundleFile:?]
	at com.liferay.portal.kernel.servlet.BaseFilter.doFilter(BaseFilter.java:40) [portal-kernel.jar:?]
	at com.liferay.portal.kernel.servlet.filters.invoker.InvokerFilterChain.processDoFilter(InvokerFilterChain.java:204) [portal-kernel.jar:?]
	at com.liferay.portal.kernel.servlet.filters.invoker.InvokerFilterChain.doFilter(InvokerFilterChain.java:109) [portal-kernel.jar:?]
	at com.liferay.portal.kernel.servlet.filters.invoker.InvokerFilterChain.processDirectCallFilter(InvokerFilterChain.java:168) [portal-kernel.jar:?]
	at com.liferay.portal.kernel.servlet.filters.invoker.InvokerFilterChain.doFilter(InvokerFilterChain.java:92) [portal-kernel.jar:?]
	at com.liferay.portal.kernel.servlet.filters.invoker.InvokerFilterChain.processDirectCallFilter(InvokerFilterChain.java:168) [portal-kernel.jar:?]
	at com.liferay.portal.kernel.servlet.filters.invoker.InvokerFilterChain.doFilter(InvokerFilterChain.java:92) [portal-kernel.jar:?]
	at com.liferay.portal.kernel.servlet.filters.invoker.InvokerFilterChain.processDirectCallFilter(InvokerFilterChain.java:189) [portal-kernel.jar:?]
	at com.liferay.portal.kernel.servlet.filters.invoker.InvokerFilterChain.doFilter(InvokerFilterChain.java:92) [portal-kernel.jar:?]
	at com.liferay.portal.kernel.servlet.filters.invoker.InvokerFilter.doFilter(InvokerFilter.java:109) [portal-kernel.jar:?]
	at com.liferay.shielded.container.internal.proxy.FilterWrapper.doFilter(FilterWrapper.java:69) [com.liferay.shielded.container.impl.jar:?]
	at org.apache.catalina.core.ApplicationFilterChain.internalDoFilter(ApplicationFilterChain.java:168) [catalina.jar:9.0.90]
	at org.apache.catalina.core.ApplicationFilterChain.doFilter(ApplicationFilterChain.java:144) [catalina.jar:9.0.90]
	at org.apache.catalina.core.StandardWrapperValve.invoke(StandardWrapperValve.java:168) [catalina.jar:9.0.90]
	at org.apache.catalina.core.StandardContextValve.invoke(StandardContextValve.java:90) [catalina.jar:9.0.90]
	at org.apache.catalina.authenticator.AuthenticatorBase.invoke(AuthenticatorBase.java:481) [catalina.jar:9.0.90]
	at org.apache.catalina.core.StandardHostValve.invoke(StandardHostValve.java:130) [catalina.jar:9.0.90]
	at org.apache.catalina.valves.ErrorReportValve.invoke(ErrorReportValve.java:93) [catalina.jar:9.0.90]
	at org.apache.catalina.core.StandardEngineValve.invoke(StandardEngineValve.java:74) [catalina.jar:9.0.90]
	at org.apache.catalina.connector.CoyoteAdapter.service(CoyoteAdapter.java:346) [catalina.jar:9.0.90]
	at org.apache.coyote.http11.Http11Processor.service(Http11Processor.java:388) [tomcat-coyote.jar:9.0.90]
	at org.apache.coyote.AbstractProcessorLight.process(AbstractProcessorLight.java:63) [tomcat-coyote.jar:9.0.90]
	at org.apache.coyote.AbstractProtocol$ConnectionHandler.process(AbstractProtocol.java:936) [tomcat-coyote.jar:9.0.90]
	at org.apache.tomcat.util.net.NioEndpoint$SocketProcessor.doRun(NioEndpoint.java:1791) [tomcat-coyote.jar:9.0.90]
	at org.apache.tomcat.util.net.SocketProcessorBase.run(SocketProcessorBase.java:52) [tomcat-coyote.jar:9.0.90]
	at org.apache.tomcat.util.threads.ThreadPoolExecutor.runWorker(ThreadPoolExecutor.java:1190) [tomcat-util.jar:9.0.90]
	at org.apache.tomcat.util.threads.ThreadPoolExecutor$Worker.run(ThreadPoolExecutor.java:659) [tomcat-util.jar:9.0.90]
	at org.apache.tomcat.util.threads.TaskThread$WrappingRunnable.run(TaskThread.java:63) [tomcat-util.jar:9.0.90]
	at java.lang.Thread.run(Thread.java:750) [?:1.8.0_321]
2024-08-31 22:40:48.047 WARN  [HikariPool-1 housekeeper][HikariPool:788] HikariPool-1 - Thread starvation or clock leap detected (housekeeper delta=2m34s485ms).
2024-08-31 22:47:44.178 WARN  [HikariPool-1 housekeeper][HikariPool:788] HikariPool-1 - Thread starvation or clock leap detected (housekeeper delta=6m26s113ms).
2024-08-31 23:03:57.852 WARN  [HikariPool-1 housekeeper][HikariPool:788] HikariPool-1 - Thread starvation or clock leap detected (housekeeper delta=16m13s674ms).
2024-08-31 23:16:56.317 WARN  [HikariPool-1 housekeeper][HikariPool:788] HikariPool-1 - Thread starvation or clock leap detected (housekeeper delta=8m28s450ms).
2024-08-31 23:34:16.267 WARN  [HikariPool-1 housekeeper][HikariPool:788] HikariPool-1 - Thread starvation or clock leap detected (housekeeper delta=17m19s957ms).
2024-08-31 23:51:37.491 WARN  [HikariPool-1 housekeeper][HikariPool:788] HikariPool-1 - Thread starvation or clock leap detected (housekeeper delta=16m21s224ms).
