2024-08-28 10:27:36.859 INFO  [main][PortalContextLoaderListener:114] JVM arguments: -Djava.util.logging.config.file=/Users/mumentayyem/liferay/liferay-telegram/bundles/tomcat/conf/logging.properties -Djava.util.logging.manager=org.apache.juli.ClassLoaderLogManager -Djdk.tls.ephemeralDHKeySize=2048 -Djava.protocol.handler.pkgs=org.apache.catalina.webresources -Dorg.apache.catalina.security.SecurityListener.UMASK=0027 -Dfile.encoding=UTF-8 -Djava.locale.providers=JRE,COMPAT,CLDR -Djava.net.preferIPv4Stack=true -Duser.timezone=GMT -Xms2560m -Xmx2560m -XX:MaxNewSize=1536m -XX:MaxMetaspaceSize=768m -XX:MetaspaceSize=768m -XX:NewSize=1536m -XX:SurvivorRatio=7 -Dignore.endorsed.dirs= -Dcatalina.base=/Users/mumentayyem/liferay/liferay-telegram/bundles/tomcat -Dcatalina.home=/Users/mumentayyem/liferay/liferay-telegram/bundles/tomcat -Djava.io.tmpdir=/Users/mumentayyem/liferay/liferay-telegram/bundles/tomcat/temp -Xmx10240m
2024-08-28 10:27:45.663 WARN  [SystemExecutorServiceUtil-1][DialectDetector:73] Liferay is configured to use Hypersonic as its database. Do NOT use Hypersonic in production. Hypersonic is an embedded database useful for development and demonstration purposes. The database settings can be changed in portal-ext.properties.
2024-08-28 10:27:45.668 INFO  [SystemExecutorServiceUtil-1][DialectDetector:144] Using dialect com.liferay.portal.dao.orm.hibernate.HSQLDialect for HSQL Database Engine 2.7
2024-08-28 10:27:45.873 INFO  [main][ModuleFrameworkImpl:1355] Starting initial bundles
2024-08-28 10:27:47.511 INFO  [main][InterpolationConfigurationPlugin:109] Configured directory for secrets: /Users/mumentayyem/liferay/liferay-telegram/bundles/osgi/configs
2024-08-28 10:27:48.644 INFO  [main][ModuleFrameworkImpl:1645] Started initial bundles
2024-08-28 10:27:48.646 INFO  [main][ModuleFrameworkImpl:1690] Starting dynamic bundles
2024-08-28 10:27:52.481 WARN  [Start Level: Equinox Container: 6e6ab330-cae0-4ace-84aa-c73d73516b47][SidecarManager:72] Liferay automatically starts a child process of Elasticsearch named sidecar for convenient development and demonstration purposes. Do NOT use sidecar in production. Refer to the documentation for details on the limitations of sidecar and instructions on configuring a remote Elasticsearch connection in the Control Panel.
2024-08-28 10:28:01.687 INFO  [main][ModuleFrameworkImpl:1713] Started dynamic bundles
2024-08-28 10:28:01.689 INFO  [main][ModuleFrameworkImpl:1720] Starting web bundles
2024-08-28 10:28:04.259 INFO  [main][ModuleFrameworkImpl:1774] Started web bundles
2024-08-28 10:28:04.260 INFO  [main][ModuleFrameworkImpl:283] Navigate to Control Panel > System > Gogo Shell and enter "lb" to see all bundles
2024-08-28 10:28:06.943 INFO  [main][StartupHelperUtil:97] There are no patches installed
2024-08-28 10:28:07.276 INFO  [main][LoggingTimer:74] Starting com.liferay.portal.events.StartupHelperUtil#initResourceActions
2024-08-28 10:28:07.423 INFO  [main][LoggingTimer:35] Completed com.liferay.portal.events.StartupHelperUtil#initResourceActions in 147 ms
2024-08-28 10:28:07.444 INFO  [main][LicenseManager:-1] Failed to find directory /Users/mumentayyem/liferay/liferay-telegram/bundles/data/license
2024-08-28 10:28:07.445 INFO  [main][LicenseManager:-1] No binary licenses found
2024-08-28 10:28:08.393 INFO  [main][AutoDeployDir:152] Auto deploy scanner started for /Users/mumentayyem/liferay/liferay-telegram/bundles/deploy
2024-08-28 10:28:10.891 INFO  [SystemExecutorServiceUtil-5][Sidecar:103] Sidecar Elasticsearch liferay started at 127.0.0.1:9201
2024-08-28 10:28:19.972 INFO  [fileinstall-directory-watcher][BaseAutoDeployListener:34] Copying themes for /Users/mumentayyem/liferay/liferay-telegram/bundles/tomcat/temp/20240828102819811NYILTTYV/admin-theme.war
2024-08-28 10:28:23.072 INFO  [fileinstall-directory-watcher][BaseAutoDeployListener:41] Themes for /Users/mumentayyem/liferay/liferay-telegram/bundles/tomcat/temp/20240828102819811NYILTTYV/admin-theme.war copied successfully
2024-08-28 10:28:27.466 INFO  [fileinstall-directory-watcher][BaseAutoDeployListener:34] Copying themes for /Users/mumentayyem/liferay/liferay-telegram/bundles/tomcat/temp/20240828102827445MNXSSIYC/classic-theme.war
2024-08-28 10:28:29.903 INFO  [fileinstall-directory-watcher][BaseAutoDeployListener:41] Themes for /Users/mumentayyem/liferay/liferay-telegram/bundles/tomcat/temp/20240828102827445MNXSSIYC/classic-theme.war copied successfully
2024-08-28 10:28:31.627 INFO  [fileinstall-directory-watcher][BaseAutoDeployListener:34] Copying themes for /Users/mumentayyem/liferay/liferay-telegram/bundles/tomcat/temp/20240828102831615QNRODVRB/dialect-theme.war
2024-08-28 10:28:33.019 INFO  [fileinstall-directory-watcher][BaseAutoDeployListener:41] Themes for /Users/mumentayyem/liferay/liferay-telegram/bundles/tomcat/temp/20240828102831615QNRODVRB/dialect-theme.war copied successfully
2024-08-28 10:28:34.556 INFO  [fileinstall-directory-watcher][BaseAutoDeployListener:34] Copying themes for /Users/mumentayyem/liferay/liferay-telegram/bundles/tomcat/temp/20240828102834540LQECTGSB/minium-theme.war
2024-08-28 10:28:35.857 INFO  [fileinstall-directory-watcher][BaseAutoDeployListener:41] Themes for /Users/mumentayyem/liferay/liferay-telegram/bundles/tomcat/temp/20240828102834540LQECTGSB/minium-theme.war copied successfully
2024-08-28 10:28:37.379 INFO  [fileinstall-directory-watcher][BaseAutoDeployListener:34] Copying themes for /Users/mumentayyem/liferay/liferay-telegram/bundles/tomcat/temp/20240828102837367XBSWTVBB/speedwell-theme.war
2024-08-28 10:28:39.569 INFO  [fileinstall-directory-watcher][BaseAutoDeployListener:41] Themes for /Users/mumentayyem/liferay/liferay-telegram/bundles/tomcat/temp/20240828102837367XBSWTVBB/speedwell-theme.war copied successfully
2024-08-28 10:30:42.633 INFO  [com.liferay.portal.kernel.deploy.auto.AutoDeployScanner][AutoDeployDir:212] Processing activation-key-dxpdevelopment-7.4-developeractivationkeys.xml
2024-08-28 10:30:48.719 INFO  [fileinstall-directory-watcher][LicenseManager:-1] DXP Development license validation passed
2024-08-28 10:30:48.722 INFO  [fileinstall-directory-watcher][LicenseManager:-1] License registered for DXP Development
2024-08-28 10:30:58.947 ERROR [http-nio-8080-exec-5][BatchingBatch:134] HHH000315: Exception executing batch [java.sql.BatchUpdateException: integrity constraint violation: unique constraint or index violation: IX_8CCEB8CB], SQL: insert into PortletPreferences (mvccVersion, ctCollectionId, companyId, ownerId, ownerType, plid, portletId, portletPreferencesId) values (?, ?, ?, ?, ?, ?, ?, ?)
2024-08-28 10:30:58.963 ERROR [http-nio-8080-exec-5][SqlExceptionHelper:142] integrity constraint violation: unique constraint or index violation: IX_8CCEB8CB
2024-08-28 10:30:58.990 ERROR [http-nio-8080-exec-10][BatchingBatch:134] HHH000315: Exception executing batch [java.sql.BatchUpdateException: integrity constraint violation: unique constraint or index violation: IX_8CCEB8CB], SQL: insert into PortletPreferences (mvccVersion, ctCollectionId, companyId, ownerId, ownerType, plid, portletId, portletPreferencesId) values (?, ?, ?, ?, ?, ?, ?, ?)
2024-08-28 10:30:58.994 ERROR [http-nio-8080-exec-10][SqlExceptionHelper:142] integrity constraint violation: unique constraint or index violation: IX_8CCEB8CB
2024-08-28 10:30:58.998 ERROR [http-nio-8080-exec-6][BatchingBatch:134] HHH000315: Exception executing batch [java.sql.BatchUpdateException: integrity constraint violation: unique constraint or index violation: IX_8CCEB8CB], SQL: insert into PortletPreferences (mvccVersion, ctCollectionId, companyId, ownerId, ownerType, plid, portletId, portletPreferencesId) values (?, ?, ?, ?, ?, ?, ?, ?)
2024-08-28 10:30:59.000 ERROR [http-nio-8080-exec-6][SqlExceptionHelper:142] integrity constraint violation: unique constraint or index violation: IX_8CCEB8CB
2024-08-28 10:30:59.084 ERROR [http-nio-8080-exec-10][BatchingBatch:134] HHH000315: Exception executing batch [java.sql.BatchUpdateException: integrity constraint violation: unique constraint or index violation: IX_8CCEB8CB], SQL: insert into PortletPreferences (mvccVersion, ctCollectionId, companyId, ownerId, ownerType, plid, portletId, portletPreferencesId) values (?, ?, ?, ?, ?, ?, ?, ?)
2024-08-28 10:30:59.085 ERROR [http-nio-8080-exec-10][SqlExceptionHelper:142] integrity constraint violation: unique constraint or index violation: IX_8CCEB8CB
2024-08-28 10:30:59.092 ERROR [http-nio-8080-exec-8][BatchingBatch:134] HHH000315: Exception executing batch [java.sql.BatchUpdateException: integrity constraint violation: unique constraint or index violation: IX_8CCEB8CB], SQL: insert into PortletPreferences (mvccVersion, ctCollectionId, companyId, ownerId, ownerType, plid, portletId, portletPreferencesId) values (?, ?, ?, ?, ?, ?, ?, ?)
2024-08-28 10:30:59.094 ERROR [http-nio-8080-exec-8][SqlExceptionHelper:142] integrity constraint violation: unique constraint or index violation: IX_8CCEB8CB
2024-08-28 10:30:59.095 ERROR [http-nio-8080-exec-6][BatchingBatch:134] HHH000315: Exception executing batch [java.sql.BatchUpdateException: integrity constraint violation: unique constraint or index violation: IX_8CCEB8CB], SQL: insert into PortletPreferences (mvccVersion, ctCollectionId, companyId, ownerId, ownerType, plid, portletId, portletPreferencesId) values (?, ?, ?, ?, ?, ?, ?, ?)
2024-08-28 10:30:59.096 ERROR [http-nio-8080-exec-6][SqlExceptionHelper:142] integrity constraint violation: unique constraint or index violation: IX_8CCEB8CB
2024-08-28 10:31:02.443 ERROR [http-nio-8080-exec-6][BatchingBatch:134] HHH000315: Exception executing batch [java.sql.BatchUpdateException: integrity constraint violation: unique constraint or index violation: IX_8CCEB8CB], SQL: insert into PortletPreferences (mvccVersion, ctCollectionId, companyId, ownerId, ownerType, plid, portletId, portletPreferencesId) values (?, ?, ?, ?, ?, ?, ?, ?)
2024-08-28 10:31:02.449 ERROR [http-nio-8080-exec-6][SqlExceptionHelper:142] integrity constraint violation: unique constraint or index violation: IX_8CCEB8CB
2024-08-28 10:31:02.453 ERROR [http-nio-8080-exec-10][BatchingBatch:134] HHH000315: Exception executing batch [java.sql.BatchUpdateException: integrity constraint violation: unique constraint or index violation: IX_8CCEB8CB], SQL: insert into PortletPreferences (mvccVersion, ctCollectionId, companyId, ownerId, ownerType, plid, portletId, portletPreferencesId) values (?, ?, ?, ?, ?, ?, ?, ?)
2024-08-28 10:31:02.454 ERROR [http-nio-8080-exec-10][SqlExceptionHelper:142] integrity constraint violation: unique constraint or index violation: IX_8CCEB8CB
2024-08-28 10:31:02.454 ERROR [http-nio-8080-exec-5][BatchingBatch:134] HHH000315: Exception executing batch [java.sql.BatchUpdateException: integrity constraint violation: unique constraint or index violation: IX_8CCEB8CB], SQL: insert into PortletPreferences (mvccVersion, ctCollectionId, companyId, ownerId, ownerType, plid, portletId, portletPreferencesId) values (?, ?, ?, ?, ?, ?, ?, ?)
2024-08-28 10:31:02.455 ERROR [http-nio-8080-exec-5][SqlExceptionHelper:142] integrity constraint violation: unique constraint or index violation: IX_8CCEB8CB
2024-08-28 10:31:02.488 ERROR [http-nio-8080-exec-10][BatchingBatch:134] HHH000315: Exception executing batch [java.sql.BatchUpdateException: integrity constraint violation: unique constraint or index violation: IX_8CCEB8CB], SQL: insert into PortletPreferences (mvccVersion, ctCollectionId, companyId, ownerId, ownerType, plid, portletId, portletPreferencesId) values (?, ?, ?, ?, ?, ?, ?, ?)
2024-08-28 10:31:02.488 ERROR [http-nio-8080-exec-10][SqlExceptionHelper:142] integrity constraint violation: unique constraint or index violation: IX_8CCEB8CB
2024-08-28 10:31:02.490 ERROR [http-nio-8080-exec-8][BatchingBatch:134] HHH000315: Exception executing batch [java.sql.BatchUpdateException: integrity constraint violation: unique constraint or index violation: IX_8CCEB8CB], SQL: insert into PortletPreferences (mvccVersion, ctCollectionId, companyId, ownerId, ownerType, plid, portletId, portletPreferencesId) values (?, ?, ?, ?, ?, ?, ?, ?)
2024-08-28 10:31:02.491 ERROR [http-nio-8080-exec-8][SqlExceptionHelper:142] integrity constraint violation: unique constraint or index violation: IX_8CCEB8CB
2024-08-28 10:31:02.492 ERROR [http-nio-8080-exec-5][BatchingBatch:134] HHH000315: Exception executing batch [java.sql.BatchUpdateException: integrity constraint violation: unique constraint or index violation: IX_8CCEB8CB], SQL: insert into PortletPreferences (mvccVersion, ctCollectionId, companyId, ownerId, ownerType, plid, portletId, portletPreferencesId) values (?, ?, ?, ?, ?, ?, ?, ?)
2024-08-28 10:31:02.494 ERROR [http-nio-8080-exec-5][SqlExceptionHelper:142] integrity constraint violation: unique constraint or index violation: IX_8CCEB8CB
2024-08-28 10:31:02.648 ERROR [http-nio-8080-exec-5][BatchingBatch:134] HHH000315: Exception executing batch [java.sql.BatchUpdateException: integrity constraint violation: unique constraint or index violation: IX_8CCEB8CB], SQL: insert into PortletPreferences (mvccVersion, ctCollectionId, companyId, ownerId, ownerType, plid, portletId, portletPreferencesId) values (?, ?, ?, ?, ?, ?, ?, ?)
2024-08-28 10:31:02.649 ERROR [http-nio-8080-exec-5][SqlExceptionHelper:142] integrity constraint violation: unique constraint or index violation: IX_8CCEB8CB
2024-08-28 10:31:02.655 ERROR [http-nio-8080-exec-10][BatchingBatch:134] HHH000315: Exception executing batch [java.sql.BatchUpdateException: integrity constraint violation: unique constraint or index violation: IX_8CCEB8CB], SQL: insert into PortletPreferences (mvccVersion, ctCollectionId, companyId, ownerId, ownerType, plid, portletId, portletPreferencesId) values (?, ?, ?, ?, ?, ?, ?, ?)
2024-08-28 10:31:02.655 ERROR [http-nio-8080-exec-10][SqlExceptionHelper:142] integrity constraint violation: unique constraint or index violation: IX_8CCEB8CB
2024-08-28 10:31:02.659 ERROR [http-nio-8080-exec-8][BatchingBatch:134] HHH000315: Exception executing batch [java.sql.BatchUpdateException: integrity constraint violation: unique constraint or index violation: IX_8CCEB8CB], SQL: insert into PortletPreferences (mvccVersion, ctCollectionId, companyId, ownerId, ownerType, plid, portletId, portletPreferencesId) values (?, ?, ?, ?, ?, ?, ?, ?)
2024-08-28 10:31:02.660 ERROR [http-nio-8080-exec-8][SqlExceptionHelper:142] integrity constraint violation: unique constraint or index violation: IX_8CCEB8CB
2024-08-28 10:31:02.673 ERROR [http-nio-8080-exec-8][BatchingBatch:134] HHH000315: Exception executing batch [java.sql.BatchUpdateException: integrity constraint violation: unique constraint or index violation: IX_8CCEB8CB], SQL: insert into PortletPreferences (mvccVersion, ctCollectionId, companyId, ownerId, ownerType, plid, portletId, portletPreferencesId) values (?, ?, ?, ?, ?, ?, ?, ?)
2024-08-28 10:31:02.673 ERROR [http-nio-8080-exec-8][SqlExceptionHelper:142] integrity constraint violation: unique constraint or index violation: IX_8CCEB8CB
2024-08-28 10:31:02.677 ERROR [http-nio-8080-exec-10][BatchingBatch:134] HHH000315: Exception executing batch [java.sql.BatchUpdateException: integrity constraint violation: unique constraint or index violation: IX_8CCEB8CB], SQL: insert into PortletPreferences (mvccVersion, ctCollectionId, companyId, ownerId, ownerType, plid, portletId, portletPreferencesId) values (?, ?, ?, ?, ?, ?, ?, ?)
2024-08-28 10:31:02.677 ERROR [http-nio-8080-exec-10][SqlExceptionHelper:142] integrity constraint violation: unique constraint or index violation: IX_8CCEB8CB
2024-08-28 10:31:02.681 ERROR [http-nio-8080-exec-6][BatchingBatch:134] HHH000315: Exception executing batch [java.sql.BatchUpdateException: integrity constraint violation: unique constraint or index violation: IX_8CCEB8CB], SQL: insert into PortletPreferences (mvccVersion, ctCollectionId, companyId, ownerId, ownerType, plid, portletId, portletPreferencesId) values (?, ?, ?, ?, ?, ?, ?, ?)
2024-08-28 10:31:02.682 ERROR [http-nio-8080-exec-6][SqlExceptionHelper:142] integrity constraint violation: unique constraint or index violation: IX_8CCEB8CB
2024-08-28 10:31:51.201 WARN  [liferay/mail-2][MailMessageListener:116] Email test@domain.invalid will be ignored because it is included in mail.send.blacklist
2024-08-28 10:31:51.205 WARN  [liferay/mail-2][MailMessageListener:42] Skipping email because the sender is not specified
2024-08-28 11:00:11.030 WARN  [HikariPool-1 housekeeper][HikariPool:788] HikariPool-1 - Thread starvation or clock leap detected (housekeeper delta=13m55s167ms).
2024-08-28 13:34:17.541 WARN  [HikariPool-1 housekeeper][HikariPool:788] HikariPool-1 - Thread starvation or clock leap detected (housekeeper delta=1h27m5s980ms).
